[+] Containers:
 |- [+] Container: /Game/FirstPerson/Maps/FirstPersonMap
 |   |- [+] ActorDescs:
 |   |   |- Guid:01C19F6048551335838C00B8A62A7A43 BaseClass:/Game/BP/BP_Boden.BP_Boden_C NativeClass:/Script/Engine.Actor Name:BP_Boden_C_UAID_74563C18ECEC522F02_1756516618 Label:BP_Boden39 SpatiallyLoaded:1 Bounds:IsValid=true, Min=(X=1145.681 Y=796.461 Z=-0.333), Max=(X=1264.939 Y=921.275 Z=11.181) RuntimeGrid:None EditorOnly:0 RuntimeOnly:0 HLODRelevant:0 ListedInSceneOutliner:1 IsMainWorldOnly:0
 |   |   |- Guid:051B3FF1455D67135F1BBAA46127840E BaseClass: NativeClass:/Script/Engine.DirectionalLight Name:DirectionalLight_UAID_74563C18ECEC522F02_1406318578 Label:DirectionalLight SpatiallyLoaded:0 Bounds:Invalid RuntimeGrid:None EditorOnly:0 RuntimeOnly:0 HLODRelevant:0 ListedInSceneOutliner:1 IsMainWorldOnly:0
 |   |   |- Guid:07813B50433AD5DB0CBA4CA7A5D5F2CD BaseClass:/Game/BP/BP_Boden.BP_Boden_C NativeClass:/Script/Engine.Actor Name:BP_Boden_C_UAID_74563C18ECEC522F02_1714126603 Label:BP_Boden24 SpatiallyLoaded:1 Bounds:IsValid=true, Min=(X=1027.681 Y=85.461 Z=-0.333), Max=(X=1146.939 Y=210.275 Z=11.181) RuntimeGrid:None EditorOnly:0 RuntimeOnly:0 HLODRelevant:0 ListedInSceneOutliner:1 IsMainWorldOnly:0
 |   |   |- Guid:0BA11DE748BC9AC15B379499F2C52219 BaseClass:/Game/BP/BP_Boden.BP_Boden_C NativeClass:/Script/Engine.Actor Name:BP_Boden_C_UAID_74563C18ECEC522F02_1756530633 Label:BP_Boden54 SpatiallyLoaded:1 Bounds:IsValid=true, Min=(X=1145.681 Y=85.461 Z=-0.333), Max=(X=1264.939 Y=210.275 Z=11.181) RuntimeGrid:None EditorOnly:0 RuntimeOnly:0 HLODRelevant:0 ListedInSceneOutliner:1 IsMainWorldOnly:0
 |   |   |- Guid:0DDFED8A4155C7B3E5F9DDBAB2AC620C BaseClass:/Game/BP/BP_Boden.BP_Boden_C NativeClass:/Script/Engine.Actor Name:BP_Boden_C_UAID_74563C18ECEC522F02_1756526628 Label:BP_Boden49 SpatiallyLoaded:1 Bounds:IsValid=true, Min=(X=1381.681 Y=203.961 Z=-0.333), Max=(X=1500.939 Y=328.775 Z=11.181) RuntimeGrid:None EditorOnly:0 RuntimeOnly:0 HLODRelevant:0 ListedInSceneOutliner:1 IsMainWorldOnly:0
 |   |   |- Guid:0F4596604D3D4DC1D9C7A8BF020C9079 BaseClass:/Game/BP/BP_Boden.BP_Boden_C NativeClass:/Script/Engine.Actor Name:BP_Boden_C_UAID_74563C18ECEC522F02_1566938587 Label:BP_Boden8 SpatiallyLoaded:1 Bounds:IsValid=true, Min=(X=1027.681 Y=559.461 Z=-0.333), Max=(X=1146.939 Y=684.275 Z=11.181) RuntimeGrid:None EditorOnly:0 RuntimeOnly:0 HLODRelevant:0 ListedInSceneOutliner:1 IsMainWorldOnly:0
 |   |   |- Guid:12CDE1D54423004E7AE2C39A4B988653 BaseClass:/Game/BP/BP_Boden.BP_Boden_C NativeClass:/Script/Engine.Actor Name:BP_Boden_C_UAID_74563C18ECEC522F02_1756521623 Label:BP_Boden44 SpatiallyLoaded:1 Bounds:IsValid=true, Min=(X=1263.681 Y=796.461 Z=-0.333), Max=(X=1382.939 Y=921.275 Z=11.181) RuntimeGrid:None EditorOnly:0 RuntimeOnly:0 HLODRelevant:0 ListedInSceneOutliner:1 IsMainWorldOnly:0
 |   |   |- Guid:13D795174837A0A11A27E38E6E851999 BaseClass:/Game/BP/BP_Boden.BP_Boden_C NativeClass:/Script/Engine.Actor Name:BP_Boden_C_UAID_74563C18ECEC522F02_1511885582 Label:BP_Boden3 SpatiallyLoaded:1 Bounds:IsValid=true, Min=(X=909.681 Y=559.461 Z=-0.333), Max=(X=1028.939 Y=684.275 Z=11.181) RuntimeGrid:None EditorOnly:0 RuntimeOnly:0 HLODRelevant:0 ListedInSceneOutliner:1 IsMainWorldOnly:0
 |   |   |- Guid:295DE5BF49D1DDA35BFCE58F6C532374 BaseClass:/Game/BP/BP_Boden.BP_Boden_C NativeClass:/Script/Engine.Actor Name:BP_Boden_C_UAID_74563C18ECEC522F02_1619371596 Label:BP_Boden17 SpatiallyLoaded:1 Bounds:IsValid=true, Min=(X=791.681 Y=677.961 Z=-0.333), Max=(X=910.939 Y=802.775 Z=11.181) RuntimeGrid:None EditorOnly:0 RuntimeOnly:0 HLODRelevant:0 ListedInSceneOutliner:1 IsMainWorldOnly:0
 |   |   |- Guid:2ADD707A4F1BE1E502AC43ABC1F0D604 BaseClass:/Game/BP/BP_Boden.BP_Boden_C NativeClass:/Script/Engine.Actor Name:BP_Boden_C_UAID_74563C18ECEC522F02_1619374599 Label:BP_Boden20 SpatiallyLoaded:1 Bounds:IsValid=true, Min=(X=791.681 Y=322.461 Z=-0.333), Max=(X=910.939 Y=447.275 Z=11.181) RuntimeGrid:None EditorOnly:0 RuntimeOnly:0 HLODRelevant:0 ListedInSceneOutliner:1 IsMainWorldOnly:0
 |   |   |- Guid:2D9D4C4C4C3406FDC314F99CEA9BD530 BaseClass:/Game/BP/BP_Boden.BP_Boden_C NativeClass:/Script/Engine.Actor Name:BP_Boden_C_UAID_74563C18ECEC522F02_1714121600 Label:BP_Boden21 SpatiallyLoaded:1 Bounds:IsValid=true, Min=(X=909.681 Y=203.961 Z=-0.333), Max=(X=1028.939 Y=328.775 Z=11.181) RuntimeGrid:None EditorOnly:0 RuntimeOnly:0 HLODRelevant:0 ListedInSceneOutliner:1 IsMainWorldOnly:0
 |   |   |- Guid:389CC2AE49D0614C6BC467921FBE20A4 BaseClass:/Game/BP/BP_Boden.BP_Boden_C NativeClass:/Script/Engine.Actor Name:BP_Boden_C_UAID_74563C18ECEC522F02_1756509611 Label:BP_Boden32 SpatiallyLoaded:1 Bounds:IsValid=true, Min=(X=1381.681 Y=440.961 Z=-0.333), Max=(X=1500.939 Y=565.775 Z=11.181) RuntimeGrid:None EditorOnly:0 RuntimeOnly:0 HLODRelevant:0 ListedInSceneOutliner:1 IsMainWorldOnly:0
 |   |   |- Guid:3AD0E96548D6C502D7BA29805A25CE43 BaseClass:/Game/BP/BP_Boden.BP_Boden_C NativeClass:/Script/Engine.Actor Name:BP_Boden_C_UAID_74563C18ECEC522F02_1756520622 Label:BP_Boden43 SpatiallyLoaded:1 Bounds:IsValid=true, Min=(X=1145.681 Y=322.461 Z=-0.333), Max=(X=1264.939 Y=447.275 Z=11.181) RuntimeGrid:None EditorOnly:0 RuntimeOnly:0 HLODRelevant:0 ListedInSceneOutliner:1 IsMainWorldOnly:0
 |   |   |- Guid:3B03FA91451F4C4BF224DD8C7765EC6F BaseClass:/Game/BP/BP_Boden.BP_Boden_C NativeClass:/Script/Engine.Actor Name:BP_Boden_C_UAID_74563C18ECEC522F02_1619367592 Label:BP_Boden13 SpatiallyLoaded:1 Bounds:IsValid=true, Min=(X=673.681 Y=559.461 Z=-0.333), Max=(X=792.939 Y=684.275 Z=11.181) RuntimeGrid:None EditorOnly:0 RuntimeOnly:0 HLODRelevant:0 ListedInSceneOutliner:1 IsMainWorldOnly:0
 |   |   |- Guid:45FFF824451ECEF1516D388ED98D4AB6 BaseClass:/Game/BP/BP_Boden.BP_Boden_C NativeClass:/Script/Engine.Actor Name:BP_Boden_C_UAID_74563C18ECEC522F02_1619364590 Label:BP_Boden11 SpatiallyLoaded:1 Bounds:IsValid=true, Min=(X=673.681 Y=796.461 Z=-0.333), Max=(X=792.939 Y=921.275 Z=11.181) RuntimeGrid:None EditorOnly:0 RuntimeOnly:0 HLODRelevant:0 ListedInSceneOutliner:1 IsMainWorldOnly:0
 |   |   |- Guid:54D116B846B2D1BA814E8F8307D9F68C BaseClass:/Game/BP/BP_Boden.BP_Boden_C NativeClass:/Script/Engine.Actor Name:BP_Boden_C_UAID_74563C18ECEC522F02_1619366591 Label:BP_Boden12 SpatiallyLoaded:1 Bounds:IsValid=true, Min=(X=673.681 Y=677.961 Z=-0.333), Max=(X=792.939 Y=802.775 Z=11.181) RuntimeGrid:None EditorOnly:0 RuntimeOnly:0 HLODRelevant:0 ListedInSceneOutliner:1 IsMainWorldOnly:0
 |   |   |- Guid:5EFFED2E430CF7E6560BB89AB862D753 BaseClass:/Game/BP/BP_Boden.BP_Boden_C NativeClass:/Script/Engine.Actor Name:BP_Boden_C_UAID_74563C18ECEC522F02_1544853584 Label:BP_Boden5 SpatiallyLoaded:1 Bounds:IsValid=true, Min=(X=909.681 Y=322.461 Z=-0.333), Max=(X=1028.939 Y=447.275 Z=11.181) RuntimeGrid:None EditorOnly:0 RuntimeOnly:0 HLODRelevant:0 ListedInSceneOutliner:1 IsMainWorldOnly:0
 |   |   |- Guid:61CDF4794DF1F3E532F21F98167F3F0A BaseClass:/Game/BP/BP_Boden.BP_Boden_C NativeClass:/Script/Engine.Actor Name:BP_Boden_C_UAID_74563C18ECEC522F02_1714127604 Label:BP_Boden25 SpatiallyLoaded:1 Bounds:IsValid=true, Min=(X=673.681 Y=203.961 Z=-0.333), Max=(X=792.939 Y=328.775 Z=11.181) RuntimeGrid:None EditorOnly:0 RuntimeOnly:0 HLODRelevant:0 ListedInSceneOutliner:1 IsMainWorldOnly:0
 |   |   |- Guid:6BDBAF914ABEA94EA9F26A8ED8B5C979 BaseClass:/Game/BP/BP_Boden.BP_Boden_C NativeClass:/Script/Engine.Actor Name:BP_Boden_C_UAID_74563C18ECEC522F02_1756531634 Label:BP_Boden55 SpatiallyLoaded:1 Bounds:IsValid=true, Min=(X=1263.681 Y=203.961 Z=-0.333), Max=(X=1382.939 Y=328.775 Z=11.181) RuntimeGrid:None EditorOnly:0 RuntimeOnly:0 HLODRelevant:0 ListedInSceneOutliner:1 IsMainWorldOnly:0
 |   |   |- Guid:6FEFB3BD4EB37B849EF0D4AC80F83855 BaseClass: NativeClass:/Script/Engine.WorldDataLayers Name:WorldDataLayers Label:WorldDataLayers SpatiallyLoaded:0 Bounds:IsValid=true, Min=(X=0.000 Y=0.000 Z=0.000), Max=(X=0.000 Y=0.000 Z=0.000) RuntimeGrid:None EditorOnly:0 RuntimeOnly:0 HLODRelevant:0 ListedInSceneOutliner:1 IsMainWorldOnly:1
 |   |   |- Guid:71CCC4F545332382D6FD87AB0EA60EB2 BaseClass:/Game/BP/BP_Boden.BP_Boden_C NativeClass:/Script/Engine.Actor Name:BP_Boden_C_UAID_74563C18ECEC522F02_1544851583 Label:BP_Boden4 SpatiallyLoaded:1 Bounds:IsValid=true, Min=(X=909.681 Y=440.961 Z=-0.333), Max=(X=1028.939 Y=565.775 Z=11.181) RuntimeGrid:None EditorOnly:0 RuntimeOnly:0 HLODRelevant:0 ListedInSceneOutliner:1 IsMainWorldOnly:0
 |   |   |- Guid:729B472E46475FCB6738318C0A4B7A21 BaseClass:/Game/BP/BP_Boden.BP_Boden_C NativeClass:/Script/Engine.Actor Name:BP_Boden_C_UAID_74563C18ECEC522F02_1756532635 Label:BP_Boden56 SpatiallyLoaded:1 Bounds:IsValid=true, Min=(X=1263.681 Y=85.461 Z=-0.333), Max=(X=1382.939 Y=210.275 Z=11.181) RuntimeGrid:None EditorOnly:0 RuntimeOnly:0 HLODRelevant:0 ListedInSceneOutliner:1 IsMainWorldOnly:0
 |   |   |- Guid:76740623428D1E09F08D99BFF247F5CA BaseClass:/Game/BP/BP_Boden.BP_Boden_C NativeClass:/Script/Engine.Actor Name:BP_Boden_C_UAID_74563C18ECEC522F02_1756519621 Label:BP_Boden42 SpatiallyLoaded:1 Bounds:IsValid=true, Min=(X=1145.681 Y=440.961 Z=-0.333), Max=(X=1264.939 Y=565.775 Z=11.181) RuntimeGrid:None EditorOnly:0 RuntimeOnly:0 HLODRelevant:0 ListedInSceneOutliner:1 IsMainWorldOnly:0
 |   |   |- Guid:7875A1984B4030E6A57490BC70217524 BaseClass:/Game/BP/BP_Boden.BP_Boden_C NativeClass:/Script/Engine.Actor Name:BP_Boden_C_UAID_74563C18ECEC522F02_1756529631 Label:BP_Boden52 SpatiallyLoaded:1 Bounds:IsValid=true, Min=(X=1499.681 Y=85.461 Z=-0.333), Max=(X=1618.939 Y=210.275 Z=11.181) RuntimeGrid:None EditorOnly:0 RuntimeOnly:0 HLODRelevant:0 ListedInSceneOutliner:1 IsMainWorldOnly:0
 |   |   |- Guid:7A1DCFA04A2D224985D024B219E63676 BaseClass:/Game/BP/BP_Boden.BP_Boden_C NativeClass:/Script/Engine.Actor Name:BP_Boden_C_UAID_74563C18ECEC522F02_1756507609 Label:BP_Boden30 SpatiallyLoaded:1 Bounds:IsValid=true, Min=(X=1381.681 Y=677.961 Z=-0.333), Max=(X=1500.939 Y=802.775 Z=11.181) RuntimeGrid:None EditorOnly:0 RuntimeOnly:0 HLODRelevant:0 ListedInSceneOutliner:1 IsMainWorldOnly:0
 |   |   |- Guid:875AA99A4EEBC693D766D381430CC7B0 BaseClass:/Game/BP/BP_Boden.BP_Boden_C NativeClass:/Script/Engine.Actor Name:BP_Boden_C_UAID_74563C18ECEC522F02_1566939588 Label:BP_Boden9 SpatiallyLoaded:1 Bounds:IsValid=true, Min=(X=1027.681 Y=440.961 Z=-0.333), Max=(X=1146.939 Y=565.775 Z=11.181) RuntimeGrid:None EditorOnly:0 RuntimeOnly:0 HLODRelevant:0 ListedInSceneOutliner:1 IsMainWorldOnly:0
 |   |   |- Guid:8A0581424FC9FB312EBD1DAED6408801 BaseClass:/Game/BP/BP_Boden.BP_Boden_C NativeClass:/Script/Engine.Actor Name:BP_Boden_C_UAID_74563C18ECEC522F02_1756523625 Label:BP_Boden46 SpatiallyLoaded:1 Bounds:IsValid=true, Min=(X=1263.681 Y=559.461 Z=-0.333), Max=(X=1382.939 Y=684.275 Z=11.181) RuntimeGrid:None EditorOnly:0 RuntimeOnly:0 HLODRelevant:0 ListedInSceneOutliner:1 IsMainWorldOnly:0
 |   |   |- Guid:8E6EB3464097B1E7E2272689B1560B06 BaseClass:/Game/BP/BP_Boden.BP_Boden_C NativeClass:/Script/Engine.Actor Name:BP_Boden_C_UAID_74563C18ECEC522F02_1756508610 Label:BP_Boden31 SpatiallyLoaded:1 Bounds:IsValid=true, Min=(X=1381.681 Y=559.461 Z=-0.333), Max=(X=1500.939 Y=684.275 Z=11.181) RuntimeGrid:None EditorOnly:0 RuntimeOnly:0 HLODRelevant:0 ListedInSceneOutliner:1 IsMainWorldOnly:0
 |   |   |- Guid:8FBD32CA4F0FCD64F6D36B878E333BA7 BaseClass:/Game/BP/BP_Boden.BP_Boden_C NativeClass:/Script/Engine.Actor Name:BP_Boden_C_UAID_74563C18ECEC522F02_1714130607 Label:BP_Boden28 SpatiallyLoaded:1 Bounds:IsValid=true, Min=(X=791.681 Y=85.461 Z=-0.333), Max=(X=910.939 Y=210.275 Z=11.181) RuntimeGrid:None EditorOnly:0 RuntimeOnly:0 HLODRelevant:0 ListedInSceneOutliner:1 IsMainWorldOnly:0
 |   |   |- Guid:8FCA8F124D4DE08D977BE095B5656416 BaseClass:/Game/BP/BP_Boden.BP_Boden_C NativeClass:/Script/Engine.Actor Name:BP_Boden_C_UAID_74563C18ECEC522F02_1714125602 Label:BP_Boden23 SpatiallyLoaded:1 Bounds:IsValid=true, Min=(X=1027.681 Y=203.961 Z=-0.333), Max=(X=1146.939 Y=328.775 Z=11.181) RuntimeGrid:None EditorOnly:0 RuntimeOnly:0 HLODRelevant:0 ListedInSceneOutliner:1 IsMainWorldOnly:0
 |   |   |- Guid:9051D4564A98F7977EED9582BA5D3584 BaseClass:/Game/BP/BP_Boden.BP_Boden_C NativeClass:/Script/Engine.Actor Name:BP_Boden_C_UAID_74563C18ECEC522F02_1566937586 Label:BP_Boden7 SpatiallyLoaded:1 Bounds:IsValid=true, Min=(X=1027.681 Y=677.961 Z=-0.333), Max=(X=1146.939 Y=802.775 Z=11.181) RuntimeGrid:None EditorOnly:0 RuntimeOnly:0 HLODRelevant:0 ListedInSceneOutliner:1 IsMainWorldOnly:0
 |   |   |- Guid:933DFDEA4256D664FBE7A08492B0239D BaseClass:/Game/BP/BP_Boden.BP_Boden_C NativeClass:/Script/Engine.Actor Name:BP_Boden_C_UAID_74563C18ECEC522F02_1619373598 Label:BP_Boden19 SpatiallyLoaded:1 Bounds:IsValid=true, Min=(X=791.681 Y=440.961 Z=-0.333), Max=(X=910.939 Y=565.775 Z=11.181) RuntimeGrid:None EditorOnly:0 RuntimeOnly:0 HLODRelevant:0 ListedInSceneOutliner:1 IsMainWorldOnly:0
 |   |   |- Guid:9ACDA0DA4836D0508CB9E28006CA2AB5 BaseClass:/Game/BP/BP_Boden.BP_Boden_C NativeClass:/Script/Engine.Actor Name:BP_Boden_C_UAID_74563C18ECEC522F02_1714128605 Label:BP_Boden26 SpatiallyLoaded:1 Bounds:IsValid=true, Min=(X=673.681 Y=85.461 Z=-0.333), Max=(X=792.939 Y=210.275 Z=11.181) RuntimeGrid:None EditorOnly:0 RuntimeOnly:0 HLODRelevant:0 ListedInSceneOutliner:1 IsMainWorldOnly:0
 |   |   |- Guid:9EB3F2E141D0769268E98CAAA5B5DC22 BaseClass:/Game/BP/BP_Boden.BP_Boden_C NativeClass:/Script/Engine.Actor Name:BP_Boden_C_UAID_74563C18ECEC522F02_1756511613 Label:BP_Boden34 SpatiallyLoaded:1 Bounds:IsValid=true, Min=(X=1499.681 Y=796.461 Z=-0.333), Max=(X=1618.939 Y=921.275 Z=11.181) RuntimeGrid:None EditorOnly:0 RuntimeOnly:0 HLODRelevant:0 ListedInSceneOutliner:1 IsMainWorldOnly:0
 |   |   |- Guid:9F05D8B444C3D2BE69506E91FF3ECF2E BaseClass:/Game/BP/BP_Boden.BP_Boden_C NativeClass:/Script/Engine.Actor Name:BP_Boden_C_UAID_74563C18ECEC522F02_1756517619 Label:BP_Boden40 SpatiallyLoaded:1 Bounds:IsValid=true, Min=(X=1145.681 Y=677.961 Z=-0.333), Max=(X=1264.939 Y=802.775 Z=11.181) RuntimeGrid:None EditorOnly:0 RuntimeOnly:0 HLODRelevant:0 ListedInSceneOutliner:1 IsMainWorldOnly:0
 |   |   |- Guid:A354B1B24E617A525DC6B48CCDE2417E BaseClass: NativeClass:/Script/Engine.PlayerStart Name:PlayerStart_0 Label:PlayerStart SpatiallyLoaded:0 Bounds:IsValid=true, Min=(X=860.000 Y=810.000 Z=0.013), Max=(X=940.000 Y=890.000 Z=184.013) RuntimeGrid:None EditorOnly:0 RuntimeOnly:0 HLODRelevant:0 ListedInSceneOutliner:1 IsMainWorldOnly:0
 |   |   |- Guid:A96CBBEC427C20D9326DB9AAFECD8F7A BaseClass:/Game/BP/BP_Boden.BP_Boden_C NativeClass:/Script/Engine.Actor Name:BP_Boden_C_UAID_74563C18ECEC522F02_1619368593 Label:BP_Boden14 SpatiallyLoaded:1 Bounds:IsValid=true, Min=(X=673.681 Y=440.961 Z=-0.333), Max=(X=792.939 Y=565.775 Z=11.181) RuntimeGrid:None EditorOnly:0 RuntimeOnly:0 HLODRelevant:0 ListedInSceneOutliner:1 IsMainWorldOnly:0
 |   |   |- Guid:AC665CD6451C5C22C38873BF2152AE05 BaseClass:/Game/BP/BP_Boden.BP_Boden_C NativeClass:/Script/Engine.Actor Name:BP_Boden_C_UAID_74563C18ECEC522F02_1619372597 Label:BP_Boden18 SpatiallyLoaded:1 Bounds:IsValid=true, Min=(X=791.681 Y=559.461 Z=-0.333), Max=(X=910.939 Y=684.275 Z=11.181) RuntimeGrid:None EditorOnly:0 RuntimeOnly:0 HLODRelevant:0 ListedInSceneOutliner:1 IsMainWorldOnly:0
 |   |   |- Guid:B8A8E1D14E0B5F1AC5A68198BC04125D BaseClass: NativeClass:/Script/Engine.SkyAtmosphere Name:SkyAtmosphere_UAID_74563C18ECEC512F02_1907443394 Label:SkyAtmosphere SpatiallyLoaded:0 Bounds:IsValid=true, Min=(X=450.000 Y=170.000 Z=610.000), Max=(X=450.000 Y=170.000 Z=610.000) RuntimeGrid:None EditorOnly:0 RuntimeOnly:0 HLODRelevant:0 ListedInSceneOutliner:1 IsMainWorldOnly:0
 |   |   |- Guid:B926FEEF404720C88763DCBA6D4EB13D BaseClass: NativeClass:/Script/Engine.LocalFogVolume Name:LocalFogVolume_UAID_74563C18ECEC512F02_1913832397 Label:LocalFogVolume SpatiallyLoaded:0 Bounds:IsValid=true, Min=(X=430.000 Y=-180.000 Z=620.000), Max=(X=430.000 Y=-180.000 Z=620.000) RuntimeGrid:None EditorOnly:0 RuntimeOnly:0 HLODRelevant:0 ListedInSceneOutliner:1 IsMainWorldOnly:0
 |   |   |- Guid:BCBE6DF048FCB2C17A91118FE142CE4D BaseClass: NativeClass:/Script/Engine.PostProcessVolume Name:PostProcessVolume_UAID_74563C18ECEC512F02_1456821386 Label:PostProcessVolume SpatiallyLoaded:0 Bounds:IsValid=true, Min=(X=-1705.000 Y=-1250.000 Z=150.000), Max=(X=2345.000 Y=2650.000 Z=1450.000) RuntimeGrid:None EditorOnly:0 RuntimeOnly:0 HLODRelevant:0 ListedInSceneOutliner:1 IsMainWorldOnly:0
 |   |   |- Guid:BD5B4CF0492BE4CE44CED59DBC2B4BD5 BaseClass:/Game/BP/BP_Boden.BP_Boden_C NativeClass:/Script/Engine.Actor Name:BP_Boden_C_UAID_74563C18ECEC522F02_1756518620 Label:BP_Boden41 SpatiallyLoaded:1 Bounds:IsValid=true, Min=(X=1145.681 Y=559.461 Z=-0.333), Max=(X=1264.939 Y=684.275 Z=11.181) RuntimeGrid:None EditorOnly:0 RuntimeOnly:0 HLODRelevant:0 ListedInSceneOutliner:1 IsMainWorldOnly:0
 |   |   |- Guid:C3AEBE344DD90C33EB2444BB886689D6 BaseClass:/Game/BP/BP_Boden.BP_Boden_C NativeClass:/Script/Engine.Actor Name:BP_Boden_C_UAID_74563C18ECEC522F02_1450148580 Label:BP_Boden2 SpatiallyLoaded:1 Bounds:IsValid=true, Min=(X=909.681 Y=677.961 Z=-0.333), Max=(X=1028.939 Y=802.775 Z=11.181) RuntimeGrid:None EditorOnly:0 RuntimeOnly:0 HLODRelevant:0 ListedInSceneOutliner:1 IsMainWorldOnly:0
 |   |   |- Guid:C82A3F6740A613933DBABEA26E4EAA79 BaseClass:/Game/BP/BP_Boden.BP_Boden_C NativeClass:/Script/Engine.Actor Name:BP_Boden_C_UAID_74563C18ECEC522F02_1756512614 Label:BP_Boden35 SpatiallyLoaded:1 Bounds:IsValid=true, Min=(X=1499.681 Y=677.961 Z=-0.333), Max=(X=1618.939 Y=802.775 Z=11.181) RuntimeGrid:None EditorOnly:0 RuntimeOnly:0 HLODRelevant:0 ListedInSceneOutliner:1 IsMainWorldOnly:0
 |   |   |- Guid:CBEBFF91498AFF75D6887AAD8F1180B9 BaseClass:/Game/BP/BP_Boden.BP_Boden_C NativeClass:/Script/Engine.Actor Name:BP_Boden_C_UAID_74563C18ECEC522F02_1714129606 Label:BP_Boden27 SpatiallyLoaded:1 Bounds:IsValid=true, Min=(X=791.681 Y=203.961 Z=-0.333), Max=(X=910.939 Y=328.775 Z=11.181) RuntimeGrid:None EditorOnly:0 RuntimeOnly:0 HLODRelevant:0 ListedInSceneOutliner:1 IsMainWorldOnly:0
 |   |   |- Guid:D1634CD448C352AF39CFB38B7D0EE86E BaseClass:/Game/BP/BP_Boden.BP_Boden_C NativeClass:/Script/Engine.Actor Name:BP_Boden_C_UAID_74563C18ECEC522F02_1756505608 Label:BP_Boden29 SpatiallyLoaded:1 Bounds:IsValid=true, Min=(X=1381.681 Y=796.461 Z=-0.333), Max=(X=1500.939 Y=921.275 Z=11.181) RuntimeGrid:None EditorOnly:0 RuntimeOnly:0 HLODRelevant:0 ListedInSceneOutliner:1 IsMainWorldOnly:0
 |   |   |- Guid:D29E1F6147116AB88BFDF082F8B7A978 BaseClass:/Game/BP/BP_Boden.BP_Boden_C NativeClass:/Script/Engine.Actor Name:BP_Boden_C_UAID_74563C18ECEC522F02_1756529632 Label:BP_Boden53 SpatiallyLoaded:1 Bounds:IsValid=true, Min=(X=1145.681 Y=203.961 Z=-0.333), Max=(X=1264.939 Y=328.775 Z=11.181) RuntimeGrid:None EditorOnly:0 RuntimeOnly:0 HLODRelevant:0 ListedInSceneOutliner:1 IsMainWorldOnly:0
 |   |   |- Guid:D3BF92104E9168184A550991CF20758B BaseClass: NativeClass:/Script/Engine.ExponentialHeightFog Name:ExponentialHeightFog_UAID_74563C18ECEC512F02_1912208396 Label:ExponentialHeightFog SpatiallyLoaded:0 Bounds:IsValid=true, Min=(X=440.000 Y=-100.000 Z=530.000), Max=(X=440.000 Y=-100.000 Z=530.000) RuntimeGrid:None EditorOnly:0 RuntimeOnly:0 HLODRelevant:0 ListedInSceneOutliner:1 IsMainWorldOnly:0
 |   |   |- Guid:D4AA6A774B7D20F5D7B2578A3BA78293 BaseClass:/Game/BP/BP_Boden.BP_Boden_C NativeClass:/Script/Engine.Actor Name:BP_Boden_C_UAID_74563C18ECEC522F02_1756510612 Label:BP_Boden33 SpatiallyLoaded:1 Bounds:IsValid=true, Min=(X=1381.681 Y=322.461 Z=-0.333), Max=(X=1500.939 Y=447.275 Z=11.181) RuntimeGrid:None EditorOnly:0 RuntimeOnly:0 HLODRelevant:0 ListedInSceneOutliner:1 IsMainWorldOnly:0
 |   |   |- Guid:D6307F564EE1BC5B0D3873A81DED1D78 BaseClass:/Game/BP/BP_Boden.BP_Boden_C NativeClass:/Script/Engine.Actor Name:BP_Boden_C_UAID_74563C18ECEC522F02_1341437575 Label:BP_Boden SpatiallyLoaded:1 Bounds:IsValid=true, Min=(X=909.681 Y=796.461 Z=-0.333), Max=(X=1028.939 Y=921.275 Z=11.181) RuntimeGrid:None EditorOnly:0 RuntimeOnly:0 HLODRelevant:0 ListedInSceneOutliner:1 IsMainWorldOnly:0
 |   |   |- Guid:DC1AA4D1406CCA714CD5A981CDFF80D9 BaseClass:/Game/BP/BP_Boden.BP_Boden_C NativeClass:/Script/Engine.Actor Name:BP_Boden_C_UAID_74563C18ECEC522F02_1756527629 Label:BP_Boden50 SpatiallyLoaded:1 Bounds:IsValid=true, Min=(X=1381.681 Y=85.461 Z=-0.333), Max=(X=1500.939 Y=210.275 Z=11.181) RuntimeGrid:None EditorOnly:0 RuntimeOnly:0 HLODRelevant:0 ListedInSceneOutliner:1 IsMainWorldOnly:0
 |   |   |- Guid:DDAB6E504877AC5F3CC92B92A48A3191 BaseClass:/Game/BP/BP_Boden.BP_Boden_C NativeClass:/Script/Engine.Actor Name:BP_Boden_C_UAID_74563C18ECEC522F02_1756514616 Label:BP_Boden37 SpatiallyLoaded:1 Bounds:IsValid=true, Min=(X=1499.681 Y=440.961 Z=-0.333), Max=(X=1618.939 Y=565.775 Z=11.181) RuntimeGrid:None EditorOnly:0 RuntimeOnly:0 HLODRelevant:0 ListedInSceneOutliner:1 IsMainWorldOnly:0
 |   |   |- Guid:DF6251AA4DFA598DBC56839D82FCD242 BaseClass:/Game/BP/BP_Boden.BP_Boden_C NativeClass:/Script/Engine.Actor Name:BP_Boden_C_UAID_74563C18ECEC522F02_1756525627 Label:BP_Boden48 SpatiallyLoaded:1 Bounds:IsValid=true, Min=(X=1263.681 Y=322.461 Z=-0.333), Max=(X=1382.939 Y=447.275 Z=11.181) RuntimeGrid:None EditorOnly:0 RuntimeOnly:0 HLODRelevant:0 ListedInSceneOutliner:1 IsMainWorldOnly:0
 |   |   |- Guid:E13597D54F982E1579396DA9051F4E28 BaseClass:/Game/BP/BP_Boden.BP_Boden_C NativeClass:/Script/Engine.Actor Name:BP_Boden_C_UAID_74563C18ECEC522F02_1756515617 Label:BP_Boden38 SpatiallyLoaded:1 Bounds:IsValid=true, Min=(X=1499.681 Y=322.461 Z=-0.333), Max=(X=1618.939 Y=447.275 Z=11.181) RuntimeGrid:None EditorOnly:0 RuntimeOnly:0 HLODRelevant:0 ListedInSceneOutliner:1 IsMainWorldOnly:0
 |   |   |- Guid:EE66F4454A4A9F99393F559AB739C05E BaseClass:/Game/FirstPerson/Blueprints/BP_Pickup_Rifle.BP_Pickup_Rifle_C NativeClass:/Script/Engine.Actor Name:BP_Rifle_C_1 Label:BP_Pickup_Rifle SpatiallyLoaded:1 Bounds:IsValid=true, Min=(X=1378.000 Y=818.000 Z=64.000), Max=(X=1442.000 Y=907.440 Z=128.000) RuntimeGrid:None EditorOnly:0 RuntimeOnly:0 HLODRelevant:0 ListedInSceneOutliner:1 IsMainWorldOnly:0
 |   |   |- Guid:F27330AD49D9317AF86773A4E78ED2F6 BaseClass:/Game/BP/BP_Boden.BP_Boden_C NativeClass:/Script/Engine.Actor Name:BP_Boden_C_UAID_74563C18ECEC522F02_1756513615 Label:BP_Boden36 SpatiallyLoaded:1 Bounds:IsValid=true, Min=(X=1499.681 Y=559.461 Z=-0.333), Max=(X=1618.939 Y=684.275 Z=11.181) RuntimeGrid:None EditorOnly:0 RuntimeOnly:0 HLODRelevant:0 ListedInSceneOutliner:1 IsMainWorldOnly:0
 |   |   |- Guid:F45B230E49693AF4CA60C49EA8C9BB24 BaseClass:/Game/BP/BP_Boden.BP_Boden_C NativeClass:/Script/Engine.Actor Name:BP_Boden_C_UAID_74563C18ECEC522F02_1756528630 Label:BP_Boden51 SpatiallyLoaded:1 Bounds:IsValid=true, Min=(X=1499.681 Y=203.961 Z=-0.333), Max=(X=1618.939 Y=328.775 Z=11.181) RuntimeGrid:None EditorOnly:0 RuntimeOnly:0 HLODRelevant:0 ListedInSceneOutliner:1 IsMainWorldOnly:0
 |   |   |- Guid:F4F6FBCF4593FA2AED5C83AC9681BD8A BaseClass:/Game/BP/BP_Boden.BP_Boden_C NativeClass:/Script/Engine.Actor Name:BP_Boden_C_UAID_74563C18ECEC522F02_1566935585 Label:BP_Boden6 SpatiallyLoaded:1 Bounds:IsValid=true, Min=(X=1027.681 Y=796.461 Z=-0.333), Max=(X=1146.939 Y=921.275 Z=11.181) RuntimeGrid:None EditorOnly:0 RuntimeOnly:0 HLODRelevant:0 ListedInSceneOutliner:1 IsMainWorldOnly:0
 |   |   |- Guid:F73A4A974F783642AF25BBB8CF291634 BaseClass:/Game/BP/BP_Boden.BP_Boden_C NativeClass:/Script/Engine.Actor Name:BP_Boden_C_UAID_74563C18ECEC522F02_1619370595 Label:BP_Boden16 SpatiallyLoaded:1 Bounds:IsValid=true, Min=(X=791.681 Y=796.461 Z=-0.333), Max=(X=910.939 Y=921.275 Z=11.181) RuntimeGrid:None EditorOnly:0 RuntimeOnly:0 HLODRelevant:0 ListedInSceneOutliner:1 IsMainWorldOnly:0
 |   |   |- Guid:F75C1477401FC0FD0C0E768492A23247 BaseClass:/Game/BP/BP_Boden.BP_Boden_C NativeClass:/Script/Engine.Actor Name:BP_Boden_C_UAID_74563C18ECEC522F02_1566940589 Label:BP_Boden10 SpatiallyLoaded:1 Bounds:IsValid=true, Min=(X=1027.681 Y=322.461 Z=-0.333), Max=(X=1146.939 Y=447.275 Z=11.181) RuntimeGrid:None EditorOnly:0 RuntimeOnly:0 HLODRelevant:0 ListedInSceneOutliner:1 IsMainWorldOnly:0
 |   |   |- Guid:F8AB5AF443EC6348D8C5B186D0A3EAE6 BaseClass:/Game/BP/BP_Boden.BP_Boden_C NativeClass:/Script/Engine.Actor Name:BP_Boden_C_UAID_74563C18ECEC522F02_1756522624 Label:BP_Boden45 SpatiallyLoaded:1 Bounds:IsValid=true, Min=(X=1263.681 Y=677.961 Z=-0.333), Max=(X=1382.939 Y=802.775 Z=11.181) RuntimeGrid:None EditorOnly:0 RuntimeOnly:0 HLODRelevant:0 ListedInSceneOutliner:1 IsMainWorldOnly:0
 |   |   |- Guid:F99257604C799DEDFB1D11941E33C02C BaseClass:/Game/BP/BP_Boden.BP_Boden_C NativeClass:/Script/Engine.Actor Name:BP_Boden_C_UAID_74563C18ECEC522F02_1619369594 Label:BP_Boden15 SpatiallyLoaded:1 Bounds:IsValid=true, Min=(X=673.681 Y=322.461 Z=-0.333), Max=(X=792.939 Y=447.275 Z=11.181) RuntimeGrid:None EditorOnly:0 RuntimeOnly:0 HLODRelevant:0 ListedInSceneOutliner:1 IsMainWorldOnly:0
 |   |   |- Guid:FD561C254C942674C59305BAF144DFF1 BaseClass:/Game/BP/BP_Boden.BP_Boden_C NativeClass:/Script/Engine.Actor Name:BP_Boden_C_UAID_74563C18ECEC522F02_1756524626 Label:BP_Boden47 SpatiallyLoaded:1 Bounds:IsValid=true, Min=(X=1263.681 Y=440.961 Z=-0.333), Max=(X=1382.939 Y=565.775 Z=11.181) RuntimeGrid:None EditorOnly:0 RuntimeOnly:0 HLODRelevant:0 ListedInSceneOutliner:1 IsMainWorldOnly:0
 |   |   |- Guid:FF7C2C3B4FB8720ED608D0A9F984ACA5 BaseClass:/Game/BP/BP_Boden.BP_Boden_C NativeClass:/Script/Engine.Actor Name:BP_Boden_C_UAID_74563C18ECEC522F02_1714124601 Label:BP_Boden22 SpatiallyLoaded:1 Bounds:IsValid=true, Min=(X=909.681 Y=85.461 Z=-0.333), Max=(X=1028.939 Y=210.275 Z=11.181) RuntimeGrid:None EditorOnly:0 RuntimeOnly:0 HLODRelevant:0 ListedInSceneOutliner:1 IsMainWorldOnly:0
 |   |- [+] Clusters:
 |   |   |- [+] [  0]
 |   |   |   |- Guid:01C19F6048551335838C00B8A62A7A43 BaseClass:/Game/BP/BP_Boden.BP_Boden_C NativeClass:/Script/Engine.Actor Name:BP_Boden_C_UAID_74563C18ECEC522F02_1756516618 Label:BP_Boden39 SpatiallyLoaded:1 Bounds:IsValid=true, Min=(X=1145.681 Y=796.461 Z=-0.333), Max=(X=1264.939 Y=921.275 Z=11.181) RuntimeGrid:None EditorOnly:0 RuntimeOnly:0 HLODRelevant:0 ListedInSceneOutliner:1 IsMainWorldOnly:0
 |   |   |- [+] [  1]
 |   |   |   |- Guid:051B3FF1455D67135F1BBAA46127840E BaseClass: NativeClass:/Script/Engine.DirectionalLight Name:DirectionalLight_UAID_74563C18ECEC522F02_1406318578 Label:DirectionalLight SpatiallyLoaded:0 Bounds:Invalid RuntimeGrid:None EditorOnly:0 RuntimeOnly:0 HLODRelevant:0 ListedInSceneOutliner:1 IsMainWorldOnly:0
 |   |   |- [+] [  2]
 |   |   |   |- Guid:07813B50433AD5DB0CBA4CA7A5D5F2CD BaseClass:/Game/BP/BP_Boden.BP_Boden_C NativeClass:/Script/Engine.Actor Name:BP_Boden_C_UAID_74563C18ECEC522F02_1714126603 Label:BP_Boden24 SpatiallyLoaded:1 Bounds:IsValid=true, Min=(X=1027.681 Y=85.461 Z=-0.333), Max=(X=1146.939 Y=210.275 Z=11.181) RuntimeGrid:None EditorOnly:0 RuntimeOnly:0 HLODRelevant:0 ListedInSceneOutliner:1 IsMainWorldOnly:0
 |   |   |- [+] [  3]
 |   |   |   |- Guid:0BA11DE748BC9AC15B379499F2C52219 BaseClass:/Game/BP/BP_Boden.BP_Boden_C NativeClass:/Script/Engine.Actor Name:BP_Boden_C_UAID_74563C18ECEC522F02_1756530633 Label:BP_Boden54 SpatiallyLoaded:1 Bounds:IsValid=true, Min=(X=1145.681 Y=85.461 Z=-0.333), Max=(X=1264.939 Y=210.275 Z=11.181) RuntimeGrid:None EditorOnly:0 RuntimeOnly:0 HLODRelevant:0 ListedInSceneOutliner:1 IsMainWorldOnly:0
 |   |   |- [+] [  4]
 |   |   |   |- Guid:0DDFED8A4155C7B3E5F9DDBAB2AC620C BaseClass:/Game/BP/BP_Boden.BP_Boden_C NativeClass:/Script/Engine.Actor Name:BP_Boden_C_UAID_74563C18ECEC522F02_1756526628 Label:BP_Boden49 SpatiallyLoaded:1 Bounds:IsValid=true, Min=(X=1381.681 Y=203.961 Z=-0.333), Max=(X=1500.939 Y=328.775 Z=11.181) RuntimeGrid:None EditorOnly:0 RuntimeOnly:0 HLODRelevant:0 ListedInSceneOutliner:1 IsMainWorldOnly:0
 |   |   |- [+] [  5]
 |   |   |   |- Guid:0F4596604D3D4DC1D9C7A8BF020C9079 BaseClass:/Game/BP/BP_Boden.BP_Boden_C NativeClass:/Script/Engine.Actor Name:BP_Boden_C_UAID_74563C18ECEC522F02_1566938587 Label:BP_Boden8 SpatiallyLoaded:1 Bounds:IsValid=true, Min=(X=1027.681 Y=559.461 Z=-0.333), Max=(X=1146.939 Y=684.275 Z=11.181) RuntimeGrid:None EditorOnly:0 RuntimeOnly:0 HLODRelevant:0 ListedInSceneOutliner:1 IsMainWorldOnly:0
 |   |   |- [+] [  6]
 |   |   |   |- Guid:12CDE1D54423004E7AE2C39A4B988653 BaseClass:/Game/BP/BP_Boden.BP_Boden_C NativeClass:/Script/Engine.Actor Name:BP_Boden_C_UAID_74563C18ECEC522F02_1756521623 Label:BP_Boden44 SpatiallyLoaded:1 Bounds:IsValid=true, Min=(X=1263.681 Y=796.461 Z=-0.333), Max=(X=1382.939 Y=921.275 Z=11.181) RuntimeGrid:None EditorOnly:0 RuntimeOnly:0 HLODRelevant:0 ListedInSceneOutliner:1 IsMainWorldOnly:0
 |   |   |- [+] [  7]
 |   |   |   |- Guid:13D795174837A0A11A27E38E6E851999 BaseClass:/Game/BP/BP_Boden.BP_Boden_C NativeClass:/Script/Engine.Actor Name:BP_Boden_C_UAID_74563C18ECEC522F02_1511885582 Label:BP_Boden3 SpatiallyLoaded:1 Bounds:IsValid=true, Min=(X=909.681 Y=559.461 Z=-0.333), Max=(X=1028.939 Y=684.275 Z=11.181) RuntimeGrid:None EditorOnly:0 RuntimeOnly:0 HLODRelevant:0 ListedInSceneOutliner:1 IsMainWorldOnly:0
 |   |   |- [+] [  8]
 |   |   |   |- Guid:295DE5BF49D1DDA35BFCE58F6C532374 BaseClass:/Game/BP/BP_Boden.BP_Boden_C NativeClass:/Script/Engine.Actor Name:BP_Boden_C_UAID_74563C18ECEC522F02_1619371596 Label:BP_Boden17 SpatiallyLoaded:1 Bounds:IsValid=true, Min=(X=791.681 Y=677.961 Z=-0.333), Max=(X=910.939 Y=802.775 Z=11.181) RuntimeGrid:None EditorOnly:0 RuntimeOnly:0 HLODRelevant:0 ListedInSceneOutliner:1 IsMainWorldOnly:0
 |   |   |- [+] [  9]
 |   |   |   |- Guid:2ADD707A4F1BE1E502AC43ABC1F0D604 BaseClass:/Game/BP/BP_Boden.BP_Boden_C NativeClass:/Script/Engine.Actor Name:BP_Boden_C_UAID_74563C18ECEC522F02_1619374599 Label:BP_Boden20 SpatiallyLoaded:1 Bounds:IsValid=true, Min=(X=791.681 Y=322.461 Z=-0.333), Max=(X=910.939 Y=447.275 Z=11.181) RuntimeGrid:None EditorOnly:0 RuntimeOnly:0 HLODRelevant:0 ListedInSceneOutliner:1 IsMainWorldOnly:0
 |   |   |- [+] [ 10]
 |   |   |   |- Guid:2D9D4C4C4C3406FDC314F99CEA9BD530 BaseClass:/Game/BP/BP_Boden.BP_Boden_C NativeClass:/Script/Engine.Actor Name:BP_Boden_C_UAID_74563C18ECEC522F02_1714121600 Label:BP_Boden21 SpatiallyLoaded:1 Bounds:IsValid=true, Min=(X=909.681 Y=203.961 Z=-0.333), Max=(X=1028.939 Y=328.775 Z=11.181) RuntimeGrid:None EditorOnly:0 RuntimeOnly:0 HLODRelevant:0 ListedInSceneOutliner:1 IsMainWorldOnly:0
 |   |   |- [+] [ 11]
 |   |   |   |- Guid:389CC2AE49D0614C6BC467921FBE20A4 BaseClass:/Game/BP/BP_Boden.BP_Boden_C NativeClass:/Script/Engine.Actor Name:BP_Boden_C_UAID_74563C18ECEC522F02_1756509611 Label:BP_Boden32 SpatiallyLoaded:1 Bounds:IsValid=true, Min=(X=1381.681 Y=440.961 Z=-0.333), Max=(X=1500.939 Y=565.775 Z=11.181) RuntimeGrid:None EditorOnly:0 RuntimeOnly:0 HLODRelevant:0 ListedInSceneOutliner:1 IsMainWorldOnly:0
 |   |   |- [+] [ 12]
 |   |   |   |- Guid:3AD0E96548D6C502D7BA29805A25CE43 BaseClass:/Game/BP/BP_Boden.BP_Boden_C NativeClass:/Script/Engine.Actor Name:BP_Boden_C_UAID_74563C18ECEC522F02_1756520622 Label:BP_Boden43 SpatiallyLoaded:1 Bounds:IsValid=true, Min=(X=1145.681 Y=322.461 Z=-0.333), Max=(X=1264.939 Y=447.275 Z=11.181) RuntimeGrid:None EditorOnly:0 RuntimeOnly:0 HLODRelevant:0 ListedInSceneOutliner:1 IsMainWorldOnly:0
 |   |   |- [+] [ 13]
 |   |   |   |- Guid:3B03FA91451F4C4BF224DD8C7765EC6F BaseClass:/Game/BP/BP_Boden.BP_Boden_C NativeClass:/Script/Engine.Actor Name:BP_Boden_C_UAID_74563C18ECEC522F02_1619367592 Label:BP_Boden13 SpatiallyLoaded:1 Bounds:IsValid=true, Min=(X=673.681 Y=559.461 Z=-0.333), Max=(X=792.939 Y=684.275 Z=11.181) RuntimeGrid:None EditorOnly:0 RuntimeOnly:0 HLODRelevant:0 ListedInSceneOutliner:1 IsMainWorldOnly:0
 |   |   |- [+] [ 14]
 |   |   |   |- Guid:45FFF824451ECEF1516D388ED98D4AB6 BaseClass:/Game/BP/BP_Boden.BP_Boden_C NativeClass:/Script/Engine.Actor Name:BP_Boden_C_UAID_74563C18ECEC522F02_1619364590 Label:BP_Boden11 SpatiallyLoaded:1 Bounds:IsValid=true, Min=(X=673.681 Y=796.461 Z=-0.333), Max=(X=792.939 Y=921.275 Z=11.181) RuntimeGrid:None EditorOnly:0 RuntimeOnly:0 HLODRelevant:0 ListedInSceneOutliner:1 IsMainWorldOnly:0
 |   |   |- [+] [ 15]
 |   |   |   |- Guid:54D116B846B2D1BA814E8F8307D9F68C BaseClass:/Game/BP/BP_Boden.BP_Boden_C NativeClass:/Script/Engine.Actor Name:BP_Boden_C_UAID_74563C18ECEC522F02_1619366591 Label:BP_Boden12 SpatiallyLoaded:1 Bounds:IsValid=true, Min=(X=673.681 Y=677.961 Z=-0.333), Max=(X=792.939 Y=802.775 Z=11.181) RuntimeGrid:None EditorOnly:0 RuntimeOnly:0 HLODRelevant:0 ListedInSceneOutliner:1 IsMainWorldOnly:0
 |   |   |- [+] [ 16]
 |   |   |   |- Guid:5EFFED2E430CF7E6560BB89AB862D753 BaseClass:/Game/BP/BP_Boden.BP_Boden_C NativeClass:/Script/Engine.Actor Name:BP_Boden_C_UAID_74563C18ECEC522F02_1544853584 Label:BP_Boden5 SpatiallyLoaded:1 Bounds:IsValid=true, Min=(X=909.681 Y=322.461 Z=-0.333), Max=(X=1028.939 Y=447.275 Z=11.181) RuntimeGrid:None EditorOnly:0 RuntimeOnly:0 HLODRelevant:0 ListedInSceneOutliner:1 IsMainWorldOnly:0
 |   |   |- [+] [ 17]
 |   |   |   |- Guid:61CDF4794DF1F3E532F21F98167F3F0A BaseClass:/Game/BP/BP_Boden.BP_Boden_C NativeClass:/Script/Engine.Actor Name:BP_Boden_C_UAID_74563C18ECEC522F02_1714127604 Label:BP_Boden25 SpatiallyLoaded:1 Bounds:IsValid=true, Min=(X=673.681 Y=203.961 Z=-0.333), Max=(X=792.939 Y=328.775 Z=11.181) RuntimeGrid:None EditorOnly:0 RuntimeOnly:0 HLODRelevant:0 ListedInSceneOutliner:1 IsMainWorldOnly:0
 |   |   |- [+] [ 18]
 |   |   |   |- Guid:6BDBAF914ABEA94EA9F26A8ED8B5C979 BaseClass:/Game/BP/BP_Boden.BP_Boden_C NativeClass:/Script/Engine.Actor Name:BP_Boden_C_UAID_74563C18ECEC522F02_1756531634 Label:BP_Boden55 SpatiallyLoaded:1 Bounds:IsValid=true, Min=(X=1263.681 Y=203.961 Z=-0.333), Max=(X=1382.939 Y=328.775 Z=11.181) RuntimeGrid:None EditorOnly:0 RuntimeOnly:0 HLODRelevant:0 ListedInSceneOutliner:1 IsMainWorldOnly:0
 |   |   |- [+] [ 19]
 |   |   |   |- Guid:6FEFB3BD4EB37B849EF0D4AC80F83855 BaseClass: NativeClass:/Script/Engine.WorldDataLayers Name:WorldDataLayers Label:WorldDataLayers SpatiallyLoaded:0 Bounds:IsValid=true, Min=(X=0.000 Y=0.000 Z=0.000), Max=(X=0.000 Y=0.000 Z=0.000) RuntimeGrid:None EditorOnly:0 RuntimeOnly:0 HLODRelevant:0 ListedInSceneOutliner:1 IsMainWorldOnly:1
 |   |   |- [+] [ 20]
 |   |   |   |- Guid:71CCC4F545332382D6FD87AB0EA60EB2 BaseClass:/Game/BP/BP_Boden.BP_Boden_C NativeClass:/Script/Engine.Actor Name:BP_Boden_C_UAID_74563C18ECEC522F02_1544851583 Label:BP_Boden4 SpatiallyLoaded:1 Bounds:IsValid=true, Min=(X=909.681 Y=440.961 Z=-0.333), Max=(X=1028.939 Y=565.775 Z=11.181) RuntimeGrid:None EditorOnly:0 RuntimeOnly:0 HLODRelevant:0 ListedInSceneOutliner:1 IsMainWorldOnly:0
 |   |   |- [+] [ 21]
 |   |   |   |- Guid:729B472E46475FCB6738318C0A4B7A21 BaseClass:/Game/BP/BP_Boden.BP_Boden_C NativeClass:/Script/Engine.Actor Name:BP_Boden_C_UAID_74563C18ECEC522F02_1756532635 Label:BP_Boden56 SpatiallyLoaded:1 Bounds:IsValid=true, Min=(X=1263.681 Y=85.461 Z=-0.333), Max=(X=1382.939 Y=210.275 Z=11.181) RuntimeGrid:None EditorOnly:0 RuntimeOnly:0 HLODRelevant:0 ListedInSceneOutliner:1 IsMainWorldOnly:0
 |   |   |- [+] [ 22]
 |   |   |   |- Guid:76740623428D1E09F08D99BFF247F5CA BaseClass:/Game/BP/BP_Boden.BP_Boden_C NativeClass:/Script/Engine.Actor Name:BP_Boden_C_UAID_74563C18ECEC522F02_1756519621 Label:BP_Boden42 SpatiallyLoaded:1 Bounds:IsValid=true, Min=(X=1145.681 Y=440.961 Z=-0.333), Max=(X=1264.939 Y=565.775 Z=11.181) RuntimeGrid:None EditorOnly:0 RuntimeOnly:0 HLODRelevant:0 ListedInSceneOutliner:1 IsMainWorldOnly:0
 |   |   |- [+] [ 23]
 |   |   |   |- Guid:7875A1984B4030E6A57490BC70217524 BaseClass:/Game/BP/BP_Boden.BP_Boden_C NativeClass:/Script/Engine.Actor Name:BP_Boden_C_UAID_74563C18ECEC522F02_1756529631 Label:BP_Boden52 SpatiallyLoaded:1 Bounds:IsValid=true, Min=(X=1499.681 Y=85.461 Z=-0.333), Max=(X=1618.939 Y=210.275 Z=11.181) RuntimeGrid:None EditorOnly:0 RuntimeOnly:0 HLODRelevant:0 ListedInSceneOutliner:1 IsMainWorldOnly:0
 |   |   |- [+] [ 24]
 |   |   |   |- Guid:7A1DCFA04A2D224985D024B219E63676 BaseClass:/Game/BP/BP_Boden.BP_Boden_C NativeClass:/Script/Engine.Actor Name:BP_Boden_C_UAID_74563C18ECEC522F02_1756507609 Label:BP_Boden30 SpatiallyLoaded:1 Bounds:IsValid=true, Min=(X=1381.681 Y=677.961 Z=-0.333), Max=(X=1500.939 Y=802.775 Z=11.181) RuntimeGrid:None EditorOnly:0 RuntimeOnly:0 HLODRelevant:0 ListedInSceneOutliner:1 IsMainWorldOnly:0
 |   |   |- [+] [ 25]
 |   |   |   |- Guid:875AA99A4EEBC693D766D381430CC7B0 BaseClass:/Game/BP/BP_Boden.BP_Boden_C NativeClass:/Script/Engine.Actor Name:BP_Boden_C_UAID_74563C18ECEC522F02_1566939588 Label:BP_Boden9 SpatiallyLoaded:1 Bounds:IsValid=true, Min=(X=1027.681 Y=440.961 Z=-0.333), Max=(X=1146.939 Y=565.775 Z=11.181) RuntimeGrid:None EditorOnly:0 RuntimeOnly:0 HLODRelevant:0 ListedInSceneOutliner:1 IsMainWorldOnly:0
 |   |   |- [+] [ 26]
 |   |   |   |- Guid:8A0581424FC9FB312EBD1DAED6408801 BaseClass:/Game/BP/BP_Boden.BP_Boden_C NativeClass:/Script/Engine.Actor Name:BP_Boden_C_UAID_74563C18ECEC522F02_1756523625 Label:BP_Boden46 SpatiallyLoaded:1 Bounds:IsValid=true, Min=(X=1263.681 Y=559.461 Z=-0.333), Max=(X=1382.939 Y=684.275 Z=11.181) RuntimeGrid:None EditorOnly:0 RuntimeOnly:0 HLODRelevant:0 ListedInSceneOutliner:1 IsMainWorldOnly:0
 |   |   |- [+] [ 27]
 |   |   |   |- Guid:8E6EB3464097B1E7E2272689B1560B06 BaseClass:/Game/BP/BP_Boden.BP_Boden_C NativeClass:/Script/Engine.Actor Name:BP_Boden_C_UAID_74563C18ECEC522F02_1756508610 Label:BP_Boden31 SpatiallyLoaded:1 Bounds:IsValid=true, Min=(X=1381.681 Y=559.461 Z=-0.333), Max=(X=1500.939 Y=684.275 Z=11.181) RuntimeGrid:None EditorOnly:0 RuntimeOnly:0 HLODRelevant:0 ListedInSceneOutliner:1 IsMainWorldOnly:0
 |   |   |- [+] [ 28]
 |   |   |   |- Guid:8FBD32CA4F0FCD64F6D36B878E333BA7 BaseClass:/Game/BP/BP_Boden.BP_Boden_C NativeClass:/Script/Engine.Actor Name:BP_Boden_C_UAID_74563C18ECEC522F02_1714130607 Label:BP_Boden28 SpatiallyLoaded:1 Bounds:IsValid=true, Min=(X=791.681 Y=85.461 Z=-0.333), Max=(X=910.939 Y=210.275 Z=11.181) RuntimeGrid:None EditorOnly:0 RuntimeOnly:0 HLODRelevant:0 ListedInSceneOutliner:1 IsMainWorldOnly:0
 |   |   |- [+] [ 29]
 |   |   |   |- Guid:8FCA8F124D4DE08D977BE095B5656416 BaseClass:/Game/BP/BP_Boden.BP_Boden_C NativeClass:/Script/Engine.Actor Name:BP_Boden_C_UAID_74563C18ECEC522F02_1714125602 Label:BP_Boden23 SpatiallyLoaded:1 Bounds:IsValid=true, Min=(X=1027.681 Y=203.961 Z=-0.333), Max=(X=1146.939 Y=328.775 Z=11.181) RuntimeGrid:None EditorOnly:0 RuntimeOnly:0 HLODRelevant:0 ListedInSceneOutliner:1 IsMainWorldOnly:0
 |   |   |- [+] [ 30]
 |   |   |   |- Guid:9051D4564A98F7977EED9582BA5D3584 BaseClass:/Game/BP/BP_Boden.BP_Boden_C NativeClass:/Script/Engine.Actor Name:BP_Boden_C_UAID_74563C18ECEC522F02_1566937586 Label:BP_Boden7 SpatiallyLoaded:1 Bounds:IsValid=true, Min=(X=1027.681 Y=677.961 Z=-0.333), Max=(X=1146.939 Y=802.775 Z=11.181) RuntimeGrid:None EditorOnly:0 RuntimeOnly:0 HLODRelevant:0 ListedInSceneOutliner:1 IsMainWorldOnly:0
 |   |   |- [+] [ 31]
 |   |   |   |- Guid:933DFDEA4256D664FBE7A08492B0239D BaseClass:/Game/BP/BP_Boden.BP_Boden_C NativeClass:/Script/Engine.Actor Name:BP_Boden_C_UAID_74563C18ECEC522F02_1619373598 Label:BP_Boden19 SpatiallyLoaded:1 Bounds:IsValid=true, Min=(X=791.681 Y=440.961 Z=-0.333), Max=(X=910.939 Y=565.775 Z=11.181) RuntimeGrid:None EditorOnly:0 RuntimeOnly:0 HLODRelevant:0 ListedInSceneOutliner:1 IsMainWorldOnly:0
 |   |   |- [+] [ 32]
 |   |   |   |- Guid:9ACDA0DA4836D0508CB9E28006CA2AB5 BaseClass:/Game/BP/BP_Boden.BP_Boden_C NativeClass:/Script/Engine.Actor Name:BP_Boden_C_UAID_74563C18ECEC522F02_1714128605 Label:BP_Boden26 SpatiallyLoaded:1 Bounds:IsValid=true, Min=(X=673.681 Y=85.461 Z=-0.333), Max=(X=792.939 Y=210.275 Z=11.181) RuntimeGrid:None EditorOnly:0 RuntimeOnly:0 HLODRelevant:0 ListedInSceneOutliner:1 IsMainWorldOnly:0
 |   |   |- [+] [ 33]
 |   |   |   |- Guid:9EB3F2E141D0769268E98CAAA5B5DC22 BaseClass:/Game/BP/BP_Boden.BP_Boden_C NativeClass:/Script/Engine.Actor Name:BP_Boden_C_UAID_74563C18ECEC522F02_1756511613 Label:BP_Boden34 SpatiallyLoaded:1 Bounds:IsValid=true, Min=(X=1499.681 Y=796.461 Z=-0.333), Max=(X=1618.939 Y=921.275 Z=11.181) RuntimeGrid:None EditorOnly:0 RuntimeOnly:0 HLODRelevant:0 ListedInSceneOutliner:1 IsMainWorldOnly:0
 |   |   |- [+] [ 34]
 |   |   |   |- Guid:9F05D8B444C3D2BE69506E91FF3ECF2E BaseClass:/Game/BP/BP_Boden.BP_Boden_C NativeClass:/Script/Engine.Actor Name:BP_Boden_C_UAID_74563C18ECEC522F02_1756517619 Label:BP_Boden40 SpatiallyLoaded:1 Bounds:IsValid=true, Min=(X=1145.681 Y=677.961 Z=-0.333), Max=(X=1264.939 Y=802.775 Z=11.181) RuntimeGrid:None EditorOnly:0 RuntimeOnly:0 HLODRelevant:0 ListedInSceneOutliner:1 IsMainWorldOnly:0
 |   |   |- [+] [ 35]
 |   |   |   |- Guid:A354B1B24E617A525DC6B48CCDE2417E BaseClass: NativeClass:/Script/Engine.PlayerStart Name:PlayerStart_0 Label:PlayerStart SpatiallyLoaded:0 Bounds:IsValid=true, Min=(X=860.000 Y=810.000 Z=0.013), Max=(X=940.000 Y=890.000 Z=184.013) RuntimeGrid:None EditorOnly:0 RuntimeOnly:0 HLODRelevant:0 ListedInSceneOutliner:1 IsMainWorldOnly:0
 |   |   |- [+] [ 36]
 |   |   |   |- Guid:A96CBBEC427C20D9326DB9AAFECD8F7A BaseClass:/Game/BP/BP_Boden.BP_Boden_C NativeClass:/Script/Engine.Actor Name:BP_Boden_C_UAID_74563C18ECEC522F02_1619368593 Label:BP_Boden14 SpatiallyLoaded:1 Bounds:IsValid=true, Min=(X=673.681 Y=440.961 Z=-0.333), Max=(X=792.939 Y=565.775 Z=11.181) RuntimeGrid:None EditorOnly:0 RuntimeOnly:0 HLODRelevant:0 ListedInSceneOutliner:1 IsMainWorldOnly:0
 |   |   |- [+] [ 37]
 |   |   |   |- Guid:AC665CD6451C5C22C38873BF2152AE05 BaseClass:/Game/BP/BP_Boden.BP_Boden_C NativeClass:/Script/Engine.Actor Name:BP_Boden_C_UAID_74563C18ECEC522F02_1619372597 Label:BP_Boden18 SpatiallyLoaded:1 Bounds:IsValid=true, Min=(X=791.681 Y=559.461 Z=-0.333), Max=(X=910.939 Y=684.275 Z=11.181) RuntimeGrid:None EditorOnly:0 RuntimeOnly:0 HLODRelevant:0 ListedInSceneOutliner:1 IsMainWorldOnly:0
 |   |   |- [+] [ 38]
 |   |   |   |- Guid:B8A8E1D14E0B5F1AC5A68198BC04125D BaseClass: NativeClass:/Script/Engine.SkyAtmosphere Name:SkyAtmosphere_UAID_74563C18ECEC512F02_1907443394 Label:SkyAtmosphere SpatiallyLoaded:0 Bounds:IsValid=true, Min=(X=450.000 Y=170.000 Z=610.000), Max=(X=450.000 Y=170.000 Z=610.000) RuntimeGrid:None EditorOnly:0 RuntimeOnly:0 HLODRelevant:0 ListedInSceneOutliner:1 IsMainWorldOnly:0
 |   |   |- [+] [ 39]
 |   |   |   |- Guid:B926FEEF404720C88763DCBA6D4EB13D BaseClass: NativeClass:/Script/Engine.LocalFogVolume Name:LocalFogVolume_UAID_74563C18ECEC512F02_1913832397 Label:LocalFogVolume SpatiallyLoaded:0 Bounds:IsValid=true, Min=(X=430.000 Y=-180.000 Z=620.000), Max=(X=430.000 Y=-180.000 Z=620.000) RuntimeGrid:None EditorOnly:0 RuntimeOnly:0 HLODRelevant:0 ListedInSceneOutliner:1 IsMainWorldOnly:0
 |   |   |- [+] [ 40]
 |   |   |   |- Guid:BCBE6DF048FCB2C17A91118FE142CE4D BaseClass: NativeClass:/Script/Engine.PostProcessVolume Name:PostProcessVolume_UAID_74563C18ECEC512F02_1456821386 Label:PostProcessVolume SpatiallyLoaded:0 Bounds:IsValid=true, Min=(X=-1705.000 Y=-1250.000 Z=150.000), Max=(X=2345.000 Y=2650.000 Z=1450.000) RuntimeGrid:None EditorOnly:0 RuntimeOnly:0 HLODRelevant:0 ListedInSceneOutliner:1 IsMainWorldOnly:0
 |   |   |- [+] [ 41]
 |   |   |   |- Guid:BD5B4CF0492BE4CE44CED59DBC2B4BD5 BaseClass:/Game/BP/BP_Boden.BP_Boden_C NativeClass:/Script/Engine.Actor Name:BP_Boden_C_UAID_74563C18ECEC522F02_1756518620 Label:BP_Boden41 SpatiallyLoaded:1 Bounds:IsValid=true, Min=(X=1145.681 Y=559.461 Z=-0.333), Max=(X=1264.939 Y=684.275 Z=11.181) RuntimeGrid:None EditorOnly:0 RuntimeOnly:0 HLODRelevant:0 ListedInSceneOutliner:1 IsMainWorldOnly:0
 |   |   |- [+] [ 42]
 |   |   |   |- Guid:C3AEBE344DD90C33EB2444BB886689D6 BaseClass:/Game/BP/BP_Boden.BP_Boden_C NativeClass:/Script/Engine.Actor Name:BP_Boden_C_UAID_74563C18ECEC522F02_1450148580 Label:BP_Boden2 SpatiallyLoaded:1 Bounds:IsValid=true, Min=(X=909.681 Y=677.961 Z=-0.333), Max=(X=1028.939 Y=802.775 Z=11.181) RuntimeGrid:None EditorOnly:0 RuntimeOnly:0 HLODRelevant:0 ListedInSceneOutliner:1 IsMainWorldOnly:0
 |   |   |- [+] [ 43]
 |   |   |   |- Guid:C82A3F6740A613933DBABEA26E4EAA79 BaseClass:/Game/BP/BP_Boden.BP_Boden_C NativeClass:/Script/Engine.Actor Name:BP_Boden_C_UAID_74563C18ECEC522F02_1756512614 Label:BP_Boden35 SpatiallyLoaded:1 Bounds:IsValid=true, Min=(X=1499.681 Y=677.961 Z=-0.333), Max=(X=1618.939 Y=802.775 Z=11.181) RuntimeGrid:None EditorOnly:0 RuntimeOnly:0 HLODRelevant:0 ListedInSceneOutliner:1 IsMainWorldOnly:0
 |   |   |- [+] [ 44]
 |   |   |   |- Guid:CBEBFF91498AFF75D6887AAD8F1180B9 BaseClass:/Game/BP/BP_Boden.BP_Boden_C NativeClass:/Script/Engine.Actor Name:BP_Boden_C_UAID_74563C18ECEC522F02_1714129606 Label:BP_Boden27 SpatiallyLoaded:1 Bounds:IsValid=true, Min=(X=791.681 Y=203.961 Z=-0.333), Max=(X=910.939 Y=328.775 Z=11.181) RuntimeGrid:None EditorOnly:0 RuntimeOnly:0 HLODRelevant:0 ListedInSceneOutliner:1 IsMainWorldOnly:0
 |   |   |- [+] [ 45]
 |   |   |   |- Guid:D1634CD448C352AF39CFB38B7D0EE86E BaseClass:/Game/BP/BP_Boden.BP_Boden_C NativeClass:/Script/Engine.Actor Name:BP_Boden_C_UAID_74563C18ECEC522F02_1756505608 Label:BP_Boden29 SpatiallyLoaded:1 Bounds:IsValid=true, Min=(X=1381.681 Y=796.461 Z=-0.333), Max=(X=1500.939 Y=921.275 Z=11.181) RuntimeGrid:None EditorOnly:0 RuntimeOnly:0 HLODRelevant:0 ListedInSceneOutliner:1 IsMainWorldOnly:0
 |   |   |- [+] [ 46]
 |   |   |   |- Guid:D29E1F6147116AB88BFDF082F8B7A978 BaseClass:/Game/BP/BP_Boden.BP_Boden_C NativeClass:/Script/Engine.Actor Name:BP_Boden_C_UAID_74563C18ECEC522F02_1756529632 Label:BP_Boden53 SpatiallyLoaded:1 Bounds:IsValid=true, Min=(X=1145.681 Y=203.961 Z=-0.333), Max=(X=1264.939 Y=328.775 Z=11.181) RuntimeGrid:None EditorOnly:0 RuntimeOnly:0 HLODRelevant:0 ListedInSceneOutliner:1 IsMainWorldOnly:0
 |   |   |- [+] [ 47]
 |   |   |   |- Guid:D3BF92104E9168184A550991CF20758B BaseClass: NativeClass:/Script/Engine.ExponentialHeightFog Name:ExponentialHeightFog_UAID_74563C18ECEC512F02_1912208396 Label:ExponentialHeightFog SpatiallyLoaded:0 Bounds:IsValid=true, Min=(X=440.000 Y=-100.000 Z=530.000), Max=(X=440.000 Y=-100.000 Z=530.000) RuntimeGrid:None EditorOnly:0 RuntimeOnly:0 HLODRelevant:0 ListedInSceneOutliner:1 IsMainWorldOnly:0
 |   |   |- [+] [ 48]
 |   |   |   |- Guid:D4AA6A774B7D20F5D7B2578A3BA78293 BaseClass:/Game/BP/BP_Boden.BP_Boden_C NativeClass:/Script/Engine.Actor Name:BP_Boden_C_UAID_74563C18ECEC522F02_1756510612 Label:BP_Boden33 SpatiallyLoaded:1 Bounds:IsValid=true, Min=(X=1381.681 Y=322.461 Z=-0.333), Max=(X=1500.939 Y=447.275 Z=11.181) RuntimeGrid:None EditorOnly:0 RuntimeOnly:0 HLODRelevant:0 ListedInSceneOutliner:1 IsMainWorldOnly:0
 |   |   |- [+] [ 49]
 |   |   |   |- Guid:D6307F564EE1BC5B0D3873A81DED1D78 BaseClass:/Game/BP/BP_Boden.BP_Boden_C NativeClass:/Script/Engine.Actor Name:BP_Boden_C_UAID_74563C18ECEC522F02_1341437575 Label:BP_Boden SpatiallyLoaded:1 Bounds:IsValid=true, Min=(X=909.681 Y=796.461 Z=-0.333), Max=(X=1028.939 Y=921.275 Z=11.181) RuntimeGrid:None EditorOnly:0 RuntimeOnly:0 HLODRelevant:0 ListedInSceneOutliner:1 IsMainWorldOnly:0
 |   |   |- [+] [ 50]
 |   |   |   |- Guid:DC1AA4D1406CCA714CD5A981CDFF80D9 BaseClass:/Game/BP/BP_Boden.BP_Boden_C NativeClass:/Script/Engine.Actor Name:BP_Boden_C_UAID_74563C18ECEC522F02_1756527629 Label:BP_Boden50 SpatiallyLoaded:1 Bounds:IsValid=true, Min=(X=1381.681 Y=85.461 Z=-0.333), Max=(X=1500.939 Y=210.275 Z=11.181) RuntimeGrid:None EditorOnly:0 RuntimeOnly:0 HLODRelevant:0 ListedInSceneOutliner:1 IsMainWorldOnly:0
 |   |   |- [+] [ 51]
 |   |   |   |- Guid:DDAB6E504877AC5F3CC92B92A48A3191 BaseClass:/Game/BP/BP_Boden.BP_Boden_C NativeClass:/Script/Engine.Actor Name:BP_Boden_C_UAID_74563C18ECEC522F02_1756514616 Label:BP_Boden37 SpatiallyLoaded:1 Bounds:IsValid=true, Min=(X=1499.681 Y=440.961 Z=-0.333), Max=(X=1618.939 Y=565.775 Z=11.181) RuntimeGrid:None EditorOnly:0 RuntimeOnly:0 HLODRelevant:0 ListedInSceneOutliner:1 IsMainWorldOnly:0
 |   |   |- [+] [ 52]
 |   |   |   |- Guid:DF6251AA4DFA598DBC56839D82FCD242 BaseClass:/Game/BP/BP_Boden.BP_Boden_C NativeClass:/Script/Engine.Actor Name:BP_Boden_C_UAID_74563C18ECEC522F02_1756525627 Label:BP_Boden48 SpatiallyLoaded:1 Bounds:IsValid=true, Min=(X=1263.681 Y=322.461 Z=-0.333), Max=(X=1382.939 Y=447.275 Z=11.181) RuntimeGrid:None EditorOnly:0 RuntimeOnly:0 HLODRelevant:0 ListedInSceneOutliner:1 IsMainWorldOnly:0
 |   |   |- [+] [ 53]
 |   |   |   |- Guid:E13597D54F982E1579396DA9051F4E28 BaseClass:/Game/BP/BP_Boden.BP_Boden_C NativeClass:/Script/Engine.Actor Name:BP_Boden_C_UAID_74563C18ECEC522F02_1756515617 Label:BP_Boden38 SpatiallyLoaded:1 Bounds:IsValid=true, Min=(X=1499.681 Y=322.461 Z=-0.333), Max=(X=1618.939 Y=447.275 Z=11.181) RuntimeGrid:None EditorOnly:0 RuntimeOnly:0 HLODRelevant:0 ListedInSceneOutliner:1 IsMainWorldOnly:0
 |   |   |- [+] [ 54]
 |   |   |   |- Guid:EE66F4454A4A9F99393F559AB739C05E BaseClass:/Game/FirstPerson/Blueprints/BP_Pickup_Rifle.BP_Pickup_Rifle_C NativeClass:/Script/Engine.Actor Name:BP_Rifle_C_1 Label:BP_Pickup_Rifle SpatiallyLoaded:1 Bounds:IsValid=true, Min=(X=1378.000 Y=818.000 Z=64.000), Max=(X=1442.000 Y=907.440 Z=128.000) RuntimeGrid:None EditorOnly:0 RuntimeOnly:0 HLODRelevant:0 ListedInSceneOutliner:1 IsMainWorldOnly:0
 |   |   |- [+] [ 55]
 |   |   |   |- Guid:F27330AD49D9317AF86773A4E78ED2F6 BaseClass:/Game/BP/BP_Boden.BP_Boden_C NativeClass:/Script/Engine.Actor Name:BP_Boden_C_UAID_74563C18ECEC522F02_1756513615 Label:BP_Boden36 SpatiallyLoaded:1 Bounds:IsValid=true, Min=(X=1499.681 Y=559.461 Z=-0.333), Max=(X=1618.939 Y=684.275 Z=11.181) RuntimeGrid:None EditorOnly:0 RuntimeOnly:0 HLODRelevant:0 ListedInSceneOutliner:1 IsMainWorldOnly:0
 |   |   |- [+] [ 56]
 |   |   |   |- Guid:F45B230E49693AF4CA60C49EA8C9BB24 BaseClass:/Game/BP/BP_Boden.BP_Boden_C NativeClass:/Script/Engine.Actor Name:BP_Boden_C_UAID_74563C18ECEC522F02_1756528630 Label:BP_Boden51 SpatiallyLoaded:1 Bounds:IsValid=true, Min=(X=1499.681 Y=203.961 Z=-0.333), Max=(X=1618.939 Y=328.775 Z=11.181) RuntimeGrid:None EditorOnly:0 RuntimeOnly:0 HLODRelevant:0 ListedInSceneOutliner:1 IsMainWorldOnly:0
 |   |   |- [+] [ 57]
 |   |   |   |- Guid:F4F6FBCF4593FA2AED5C83AC9681BD8A BaseClass:/Game/BP/BP_Boden.BP_Boden_C NativeClass:/Script/Engine.Actor Name:BP_Boden_C_UAID_74563C18ECEC522F02_1566935585 Label:BP_Boden6 SpatiallyLoaded:1 Bounds:IsValid=true, Min=(X=1027.681 Y=796.461 Z=-0.333), Max=(X=1146.939 Y=921.275 Z=11.181) RuntimeGrid:None EditorOnly:0 RuntimeOnly:0 HLODRelevant:0 ListedInSceneOutliner:1 IsMainWorldOnly:0
 |   |   |- [+] [ 58]
 |   |   |   |- Guid:F73A4A974F783642AF25BBB8CF291634 BaseClass:/Game/BP/BP_Boden.BP_Boden_C NativeClass:/Script/Engine.Actor Name:BP_Boden_C_UAID_74563C18ECEC522F02_1619370595 Label:BP_Boden16 SpatiallyLoaded:1 Bounds:IsValid=true, Min=(X=791.681 Y=796.461 Z=-0.333), Max=(X=910.939 Y=921.275 Z=11.181) RuntimeGrid:None EditorOnly:0 RuntimeOnly:0 HLODRelevant:0 ListedInSceneOutliner:1 IsMainWorldOnly:0
 |   |   |- [+] [ 59]
 |   |   |   |- Guid:F75C1477401FC0FD0C0E768492A23247 BaseClass:/Game/BP/BP_Boden.BP_Boden_C NativeClass:/Script/Engine.Actor Name:BP_Boden_C_UAID_74563C18ECEC522F02_1566940589 Label:BP_Boden10 SpatiallyLoaded:1 Bounds:IsValid=true, Min=(X=1027.681 Y=322.461 Z=-0.333), Max=(X=1146.939 Y=447.275 Z=11.181) RuntimeGrid:None EditorOnly:0 RuntimeOnly:0 HLODRelevant:0 ListedInSceneOutliner:1 IsMainWorldOnly:0
 |   |   |- [+] [ 60]
 |   |   |   |- Guid:F8AB5AF443EC6348D8C5B186D0A3EAE6 BaseClass:/Game/BP/BP_Boden.BP_Boden_C NativeClass:/Script/Engine.Actor Name:BP_Boden_C_UAID_74563C18ECEC522F02_1756522624 Label:BP_Boden45 SpatiallyLoaded:1 Bounds:IsValid=true, Min=(X=1263.681 Y=677.961 Z=-0.333), Max=(X=1382.939 Y=802.775 Z=11.181) RuntimeGrid:None EditorOnly:0 RuntimeOnly:0 HLODRelevant:0 ListedInSceneOutliner:1 IsMainWorldOnly:0
 |   |   |- [+] [ 61]
 |   |   |   |- Guid:F99257604C799DEDFB1D11941E33C02C BaseClass:/Game/BP/BP_Boden.BP_Boden_C NativeClass:/Script/Engine.Actor Name:BP_Boden_C_UAID_74563C18ECEC522F02_1619369594 Label:BP_Boden15 SpatiallyLoaded:1 Bounds:IsValid=true, Min=(X=673.681 Y=322.461 Z=-0.333), Max=(X=792.939 Y=447.275 Z=11.181) RuntimeGrid:None EditorOnly:0 RuntimeOnly:0 HLODRelevant:0 ListedInSceneOutliner:1 IsMainWorldOnly:0
 |   |   |- [+] [ 62]
 |   |   |   |- Guid:FD561C254C942674C59305BAF144DFF1 BaseClass:/Game/BP/BP_Boden.BP_Boden_C NativeClass:/Script/Engine.Actor Name:BP_Boden_C_UAID_74563C18ECEC522F02_1756524626 Label:BP_Boden47 SpatiallyLoaded:1 Bounds:IsValid=true, Min=(X=1263.681 Y=440.961 Z=-0.333), Max=(X=1382.939 Y=565.775 Z=11.181) RuntimeGrid:None EditorOnly:0 RuntimeOnly:0 HLODRelevant:0 ListedInSceneOutliner:1 IsMainWorldOnly:0
 |   |   |- [+] [ 63]
 |   |   |   |- Guid:FF7C2C3B4FB8720ED608D0A9F984ACA5 BaseClass:/Game/BP/BP_Boden.BP_Boden_C NativeClass:/Script/Engine.Actor Name:BP_Boden_C_UAID_74563C18ECEC522F02_1714124601 Label:BP_Boden22 SpatiallyLoaded:1 Bounds:IsValid=true, Min=(X=909.681 Y=85.461 Z=-0.333), Max=(X=1028.939 Y=210.275 Z=11.181) RuntimeGrid:None EditorOnly:0 RuntimeOnly:0 HLODRelevant:0 ListedInSceneOutliner:1 IsMainWorldOnly:0
 |- ContainerInstances:
 |- [+] MainContainer:
 |   |-        ID: 00000000000000000000000000000000
 |   |-  ParentID: 00000000000000000000000000000000
 |   |-    Bounds: IsValid=false, Min=(X=0.000 Y=0.000 Z=0.000), Max=(X=0.000 Y=0.000 Z=0.000)
 |   |- Transform: 0.000000,0.000000,0.000000|0.000000,0.000000,-0.000000|1.000000,1.000000,1.000000
 |   |- Container: /Game/FirstPerson/Maps/FirstPersonMap
----------------------------------------------------------------------------------------------------------------
FirstPersonMap - Persistent Level
----------------------------------------------------------------------------------------------------------------
[+] Content of FirstPersonMap Persistent Level
 |- Always loaded Actor Count: 63 
 |- Actor Path: /Game/FirstPerson/Maps/FirstPersonMap.FirstPersonMap:PersistentLevel.BP_Boden_C_UAID_74563C18ECEC522F02_1341437575
 |- Actor Package: /Game/__ExternalActors__/FirstPerson/Maps/FirstPersonMap/5/AS/EMTILDRKGC7RI4HJPD8YAT
 |- Actor Path: /Game/FirstPerson/Maps/FirstPersonMap.FirstPersonMap:PersistentLevel.BP_Boden_C_UAID_74563C18ECEC522F02_1450148580
 |- Actor Package: /Game/__ExternalActors__/FirstPerson/Maps/FirstPersonMap/A/V2/TQLWU8M5HH2FCB01S006HD
 |- Actor Path: /Game/FirstPerson/Maps/FirstPersonMap.FirstPersonMap:PersistentLevel.BP_Boden_C_UAID_74563C18ECEC522F02_1511885582
 |- Actor Package: /Game/__ExternalActors__/FirstPerson/Maps/FirstPersonMap/B/WX/GYATK8JY4RTX64QVMC0C9R
 |- Actor Path: /Game/FirstPerson/Maps/FirstPersonMap.FirstPersonMap:PersistentLevel.BP_Boden_C_UAID_74563C18ECEC522F02_1544851583
 |- Actor Package: /Game/__ExternalActors__/FirstPerson/Maps/FirstPersonMap/E/5P/RM9BW1NYQKMC9OSWXPARH9
 |- Actor Path: /Game/FirstPerson/Maps/FirstPersonMap.FirstPersonMap:PersistentLevel.BP_Boden_C_UAID_74563C18ECEC522F02_1544853584
 |- Actor Package: /Game/__ExternalActors__/FirstPerson/Maps/FirstPersonMap/8/65/EH8DJKC0T14KVGLEODJ941
 |- Actor Path: /Game/FirstPerson/Maps/FirstPersonMap.FirstPersonMap:PersistentLevel.BP_Boden_C_UAID_74563C18ECEC522F02_1566935585
 |- Actor Package: /Game/__ExternalActors__/FirstPerson/Maps/FirstPersonMap/B/FB/ORPYO4LN1CC6I2QMGBX57J
 |- Actor Path: /Game/FirstPerson/Maps/FirstPersonMap.FirstPersonMap:PersistentLevel.BP_Boden_C_UAID_74563C18ECEC522F02_1566937586
 |- Actor Package: /Game/__ExternalActors__/FirstPerson/Maps/FirstPersonMap/D/PJ/M7A2B0G4W11KOD8U6F9M7G
 |- Actor Path: /Game/FirstPerson/Maps/FirstPersonMap.FirstPersonMap:PersistentLevel.BP_Boden_C_UAID_74563C18ECEC522F02_1566938587
 |- Actor Package: /Game/__ExternalActors__/FirstPerson/Maps/FirstPersonMap/4/5B/MOW60DVEXXZ3L5CKPS1R2B
 |- Actor Path: /Game/FirstPerson/Maps/FirstPersonMap.FirstPersonMap:PersistentLevel.BP_Boden_C_UAID_74563C18ECEC522F02_1566939588
 |- Actor Package: /Game/__ExternalActors__/FirstPerson/Maps/FirstPersonMap/B/JR/IM4I0VQ1P196YLMYG7EMIA
 |- Actor Path: /Game/FirstPerson/Maps/FirstPersonMap.FirstPersonMap:PersistentLevel.BP_Boden_C_UAID_74563C18ECEC522F02_1566940589
 |- Actor Package: /Game/__ExternalActors__/FirstPerson/Maps/FirstPersonMap/0/QC/8S1X3FHY1Y6ZIHBHNLOG1O
 |- Actor Path: /Game/FirstPerson/Maps/FirstPersonMap.FirstPersonMap:PersistentLevel.BP_Boden_C_UAID_74563C18ECEC522F02_1619364590
 |- Actor Package: /Game/__ExternalActors__/FirstPerson/Maps/FirstPersonMap/6/Y7/VNY4B29T65BX57Z2AWWVZ6
 |- Actor Path: /Game/FirstPerson/Maps/FirstPersonMap.FirstPersonMap:PersistentLevel.BP_Boden_C_UAID_74563C18ECEC522F02_1619366591
 |- Actor Package: /Game/__ExternalActors__/FirstPerson/Maps/FirstPersonMap/9/FF/KRNQHQ36NY9SUUS14QBHB1
 |- Actor Path: /Game/FirstPerson/Maps/FirstPersonMap.FirstPersonMap:PersistentLevel.BP_Boden_C_UAID_74563C18ECEC522F02_1619367592
 |- Actor Package: /Game/__ExternalActors__/FirstPerson/Maps/FirstPersonMap/1/2L/HK8J5PRP68OZ4NZXT2TWBL
 |- Actor Path: /Game/FirstPerson/Maps/FirstPersonMap.FirstPersonMap:PersistentLevel.BP_Boden_C_UAID_74563C18ECEC522F02_1619368593
 |- Actor Package: /Game/__ExternalActors__/FirstPerson/Maps/FirstPersonMap/6/H5/QNUZ5DWGZ1E5J5YF63JK5Y
 |- Actor Path: /Game/FirstPerson/Maps/FirstPersonMap.FirstPersonMap:PersistentLevel.BP_Boden_C_UAID_74563C18ECEC522F02_1619369594
 |- Actor Package: /Game/__ExternalActors__/FirstPerson/Maps/FirstPersonMap/A/N4/TGRZGS2P1ECY0UWDJH30SL
 |- Actor Path: /Game/FirstPerson/Maps/FirstPersonMap.FirstPersonMap:PersistentLevel.BP_Boden_C_UAID_74563C18ECEC522F02_1619370595
 |- Actor Package: /Game/__ExternalActors__/FirstPerson/Maps/FirstPersonMap/A/DP/E8PDATYNNJRAQX5LZWVM0Q
 |- Actor Path: /Game/FirstPerson/Maps/FirstPersonMap.FirstPersonMap:PersistentLevel.BP_Boden_C_UAID_74563C18ECEC522F02_1619371596
 |- Actor Package: /Game/__ExternalActors__/FirstPerson/Maps/FirstPersonMap/A/T1/5FRO1YH63UG6XUIVQBWVIZ
 |- Actor Path: /Game/FirstPerson/Maps/FirstPersonMap.FirstPersonMap:PersistentLevel.BP_Boden_C_UAID_74563C18ECEC522F02_1619372597
 |- Actor Package: /Game/__ExternalActors__/FirstPerson/Maps/FirstPersonMap/5/2E/JW6QXU279VTOEA9BWG7ZJI
 |- Actor Path: /Game/FirstPerson/Maps/FirstPersonMap.FirstPersonMap:PersistentLevel.BP_Boden_C_UAID_74563C18ECEC522F02_1619373598
 |- Actor Package: /Game/__ExternalActors__/FirstPerson/Maps/FirstPersonMap/2/IO/8VAFFN3G81RQD6ORRU8EX4
 |- Actor Path: /Game/FirstPerson/Maps/FirstPersonMap.FirstPersonMap:PersistentLevel.BP_Boden_C_UAID_74563C18ECEC522F02_1619374599
 |- Actor Package: /Game/__ExternalActors__/FirstPerson/Maps/FirstPersonMap/7/HS/X06WGWBUB4O9BWT55PG92L
 |- Actor Path: /Game/FirstPerson/Maps/FirstPersonMap.FirstPersonMap:PersistentLevel.BP_Boden_C_UAID_74563C18ECEC522F02_1714121600
 |- Actor Package: /Game/__ExternalActors__/FirstPerson/Maps/FirstPersonMap/3/RJ/J374F8HAC7K6MNVLHXTA9O
 |- Actor Path: /Game/FirstPerson/Maps/FirstPersonMap.FirstPersonMap:PersistentLevel.BP_Boden_C_UAID_74563C18ECEC522F02_1714124601
 |- Actor Package: /Game/__ExternalActors__/FirstPerson/Maps/FirstPersonMap/A/DF/7PWJLJ5GED0O5IQ9A3SEVP
 |- Actor Path: /Game/FirstPerson/Maps/FirstPersonMap.FirstPersonMap:PersistentLevel.BP_Boden_C_UAID_74563C18ECEC522F02_1714125602
 |- Actor Package: /Game/__ExternalActors__/FirstPerson/Maps/FirstPersonMap/D/6A/8AEX2ZYG189832UC5GTJF8
 |- Actor Path: /Game/FirstPerson/Maps/FirstPersonMap.FirstPersonMap:PersistentLevel.BP_Boden_C_UAID_74563C18ECEC522F02_1714126603
 |- Actor Package: /Game/__ExternalActors__/FirstPerson/Maps/FirstPersonMap/0/K1/A7GFRTXUTIFVUQIXHNISIM
 |- Actor Path: /Game/FirstPerson/Maps/FirstPersonMap.FirstPersonMap:PersistentLevel.BP_Boden_C_UAID_74563C18ECEC522F02_1714127604
 |- Actor Package: /Game/__ExternalActors__/FirstPerson/Maps/FirstPersonMap/9/OS/4IW0ZC3H6YLKSKQGG156M3
 |- Actor Path: /Game/FirstPerson/Maps/FirstPersonMap.FirstPersonMap:PersistentLevel.BP_Boden_C_UAID_74563C18ECEC522F02_1714128605
 |- Actor Package: /Game/__ExternalActors__/FirstPerson/Maps/FirstPersonMap/4/NS/6MUI39APISPPJQIBMQZXWQ
 |- Actor Path: /Game/FirstPerson/Maps/FirstPersonMap.FirstPersonMap:PersistentLevel.BP_Boden_C_UAID_74563C18ECEC522F02_1714129606
 |- Actor Package: /Game/__ExternalActors__/FirstPerson/Maps/FirstPersonMap/7/FV/EOXRJXMU521OLXU5WEOCFV
 |- Actor Path: /Game/FirstPerson/Maps/FirstPersonMap.FirstPersonMap:PersistentLevel.BP_Boden_C_UAID_74563C18ECEC522F02_1714130607
 |- Actor Package: /Game/__ExternalActors__/FirstPerson/Maps/FirstPersonMap/A/0X/UQ9KMWUHCTD6WQ0TFOGDKR
 |- Actor Path: /Game/FirstPerson/Maps/FirstPersonMap.FirstPersonMap:PersistentLevel.BP_Boden_C_UAID_74563C18ECEC522F02_1756505608
 |- Actor Package: /Game/__ExternalActors__/FirstPerson/Maps/FirstPersonMap/2/5C/VEENHGRVR41OQOA5RND1YT
 |- Actor Path: /Game/FirstPerson/Maps/FirstPersonMap.FirstPersonMap:PersistentLevel.BP_Boden_C_UAID_74563C18ECEC522F02_1756507609
 |- Actor Package: /Game/__ExternalActors__/FirstPerson/Maps/FirstPersonMap/C/WS/CO5SF2N2HRV1WCUTBI740V
 |- Actor Path: /Game/FirstPerson/Maps/FirstPersonMap.FirstPersonMap:PersistentLevel.BP_Boden_C_UAID_74563C18ECEC522F02_1756508610
 |- Actor Package: /Game/__ExternalActors__/FirstPerson/Maps/FirstPersonMap/B/M8/2701MQA6E33HWQUFG7NGRN
 |- Actor Path: /Game/FirstPerson/Maps/FirstPersonMap.FirstPersonMap:PersistentLevel.BP_Boden_C_UAID_74563C18ECEC522F02_1756509611
 |- Actor Package: /Game/__ExternalActors__/FirstPerson/Maps/FirstPersonMap/9/2I/DKF4JTBKSE0Z55UK8DTNHJ
 |- Actor Path: /Game/FirstPerson/Maps/FirstPersonMap.FirstPersonMap:PersistentLevel.BP_Boden_C_UAID_74563C18ECEC522F02_1756510612
 |- Actor Package: /Game/__ExternalActors__/FirstPerson/Maps/FirstPersonMap/4/1P/E0YY14S48PFMTHKPCOSL89
 |- Actor Path: /Game/FirstPerson/Maps/FirstPersonMap.FirstPersonMap:PersistentLevel.BP_Boden_C_UAID_74563C18ECEC522F02_1756511613
 |- Actor Package: /Game/__ExternalActors__/FirstPerson/Maps/FirstPersonMap/A/FQ/TYSA5PBD69PA6TUDGMASR1
 |- Actor Path: /Game/FirstPerson/Maps/FirstPersonMap.FirstPersonMap:PersistentLevel.BP_Boden_C_UAID_74563C18ECEC522F02_1756512614
 |- Actor Package: /Game/__ExternalActors__/FirstPerson/Maps/FirstPersonMap/1/5Z/2J8521NG7USWK6ACYIUD1B
 |- Actor Path: /Game/FirstPerson/Maps/FirstPersonMap.FirstPersonMap:PersistentLevel.BP_Boden_C_UAID_74563C18ECEC522F02_1756513615
 |- Actor Package: /Game/__ExternalActors__/FirstPerson/Maps/FirstPersonMap/7/EQ/QD06C03S9YUPYPPFJDFY9B
 |- Actor Path: /Game/FirstPerson/Maps/FirstPersonMap.FirstPersonMap:PersistentLevel.BP_Boden_C_UAID_74563C18ECEC522F02_1756514616
 |- Actor Package: /Game/__ExternalActors__/FirstPerson/Maps/FirstPersonMap/A/S5/20P8POPVDW29BATV2EQXAU
 |- Actor Path: /Game/FirstPerson/Maps/FirstPersonMap.FirstPersonMap:PersistentLevel.BP_Boden_C_UAID_74563C18ECEC522F02_1756515617
 |- Actor Package: /Game/__ExternalActors__/FirstPerson/Maps/FirstPersonMap/E/HB/HKDG09LI5G9NM36JXXMRD9
 |- Actor Path: /Game/FirstPerson/Maps/FirstPersonMap.FirstPersonMap:PersistentLevel.BP_Boden_C_UAID_74563C18ECEC522F02_1756516618
 |- Actor Package: /Game/__ExternalActors__/FirstPerson/Maps/FirstPersonMap/3/9K/5OA4DIQYWTI8WJUT46RLHD
 |- Actor Path: /Game/FirstPerson/Maps/FirstPersonMap.FirstPersonMap:PersistentLevel.BP_Boden_C_UAID_74563C18ECEC522F02_1756517619
 |- Actor Package: /Game/__ExternalActors__/FirstPerson/Maps/FirstPersonMap/2/6J/TJ1RFM33GSBYOZ99S9KKLN
 |- Actor Path: /Game/FirstPerson/Maps/FirstPersonMap.FirstPersonMap:PersistentLevel.BP_Boden_C_UAID_74563C18ECEC522F02_1756518620
 |- Actor Package: /Game/__ExternalActors__/FirstPerson/Maps/FirstPersonMap/1/4S/A5XDJL1N5BM3WTKVTBC89Q
 |- Actor Path: /Game/FirstPerson/Maps/FirstPersonMap.FirstPersonMap:PersistentLevel.BP_Boden_C_UAID_74563C18ECEC522F02_1756519621
 |- Actor Package: /Game/__ExternalActors__/FirstPerson/Maps/FirstPersonMap/0/IH/KC8969JRB8SZNLE65VVW2G
 |- Actor Path: /Game/FirstPerson/Maps/FirstPersonMap.FirstPersonMap:PersistentLevel.BP_Boden_C_UAID_74563C18ECEC522F02_1756520622
 |- Actor Package: /Game/__ExternalActors__/FirstPerson/Maps/FirstPersonMap/6/UQ/4FUTIOX0Y0IBRFX70DNCK7
 |- Actor Path: /Game/FirstPerson/Maps/FirstPersonMap.FirstPersonMap:PersistentLevel.BP_Boden_C_UAID_74563C18ECEC522F02_1756521623
 |- Actor Package: /Game/__ExternalActors__/FirstPerson/Maps/FirstPersonMap/4/78/UHYT9B7R594KW446UO0BX7
 |- Actor Path: /Game/FirstPerson/Maps/FirstPersonMap.FirstPersonMap:PersistentLevel.BP_Boden_C_UAID_74563C18ECEC522F02_1756522624
 |- Actor Package: /Game/__ExternalActors__/FirstPerson/Maps/FirstPersonMap/C/22/3CRD1QH9VQJXD9XKK0QHLV
 |- Actor Path: /Game/FirstPerson/Maps/FirstPersonMap.FirstPersonMap:PersistentLevel.BP_Boden_C_UAID_74563C18ECEC522F02_1756523625
 |- Actor Package: /Game/__ExternalActors__/FirstPerson/Maps/FirstPersonMap/5/39/IKNLIS0N3GYR50C83OYDPF
 |- Actor Path: /Game/FirstPerson/Maps/FirstPersonMap.FirstPersonMap:PersistentLevel.BP_Boden_C_UAID_74563C18ECEC522F02_1756524626
 |- Actor Package: /Game/__ExternalActors__/FirstPerson/Maps/FirstPersonMap/D/AT/PJWF05SVJXDZSJP1GMOTPP
 |- Actor Path: /Game/FirstPerson/Maps/FirstPersonMap.FirstPersonMap:PersistentLevel.BP_Boden_C_UAID_74563C18ECEC522F02_1756525627
 |- Actor Package: /Game/__ExternalActors__/FirstPerson/Maps/FirstPersonMap/3/IC/E3MFC15INH0LGHTI9GEIBG
 |- Actor Path: /Game/FirstPerson/Maps/FirstPersonMap.FirstPersonMap:PersistentLevel.BP_Boden_C_UAID_74563C18ECEC522F02_1756526628
 |- Actor Package: /Game/__ExternalActors__/FirstPerson/Maps/FirstPersonMap/5/K8/O5LXDHDBATBBRG7LUUCG3L
 |- Actor Path: /Game/FirstPerson/Maps/FirstPersonMap.FirstPersonMap:PersistentLevel.BP_Boden_C_UAID_74563C18ECEC522F02_1756527629
 |- Actor Package: /Game/__ExternalActors__/FirstPerson/Maps/FirstPersonMap/5/C5/NYQQMLRPFI9UFEPL4DW5L9
 |- Actor Path: /Game/FirstPerson/Maps/FirstPersonMap.FirstPersonMap:PersistentLevel.BP_Boden_C_UAID_74563C18ECEC522F02_1756528630
 |- Actor Package: /Game/__ExternalActors__/FirstPerson/Maps/FirstPersonMap/4/4W/TLADM28FU2NQF6954AOZB7
 |- Actor Path: /Game/FirstPerson/Maps/FirstPersonMap.FirstPersonMap:PersistentLevel.BP_Boden_C_UAID_74563C18ECEC522F02_1756529631
 |- Actor Package: /Game/__ExternalActors__/FirstPerson/Maps/FirstPersonMap/E/R9/7OIW8LE6PYDFDPHOM7SRNI
 |- Actor Path: /Game/FirstPerson/Maps/FirstPersonMap.FirstPersonMap:PersistentLevel.BP_Boden_C_UAID_74563C18ECEC522F02_1756529632
 |- Actor Package: /Game/__ExternalActors__/FirstPerson/Maps/FirstPersonMap/2/TQ/Q674346UHP384LL8U83U5T
 |- Actor Path: /Game/FirstPerson/Maps/FirstPersonMap.FirstPersonMap:PersistentLevel.BP_Boden_C_UAID_74563C18ECEC522F02_1756530633
 |- Actor Package: /Game/__ExternalActors__/FirstPerson/Maps/FirstPersonMap/9/0K/YRVXBXGSLE12H0QDSFM805
 |- Actor Path: /Game/FirstPerson/Maps/FirstPersonMap.FirstPersonMap:PersistentLevel.BP_Boden_C_UAID_74563C18ECEC522F02_1756531634
 |- Actor Package: /Game/__ExternalActors__/FirstPerson/Maps/FirstPersonMap/E/6V/7A9TLJX8021AHCBECMOSIM
 |- Actor Path: /Game/FirstPerson/Maps/FirstPersonMap.FirstPersonMap:PersistentLevel.BP_Boden_C_UAID_74563C18ECEC522F02_1756532635
 |- Actor Package: /Game/__ExternalActors__/FirstPerson/Maps/FirstPersonMap/B/TA/7JNXXFF2AIHQBSYGN6SBG0
 |- Actor Path: /Game/FirstPerson/Maps/FirstPersonMap.FirstPersonMap:PersistentLevel.DirectionalLight_UAID_74563C18ECEC522F02_1406318578
 |- Actor Package: /Game/__ExternalActors__/FirstPerson/Maps/FirstPersonMap/0/7U/AO6L6LN8ZXC6607RTBX4LF
 |- Actor Path: /Game/FirstPerson/Maps/FirstPersonMap.FirstPersonMap:PersistentLevel.ExponentialHeightFog_UAID_74563C18ECEC512F02_1912208396
 |- Actor Package: /Game/__ExternalActors__/FirstPerson/Maps/FirstPersonMap/8/88/VUGU0SBVU7PPM2U5Z4RSYB
 |- Actor Path: /Game/FirstPerson/Maps/FirstPersonMap.FirstPersonMap:PersistentLevel.LocalFogVolume_UAID_74563C18ECEC512F02_1913832397
 |- Actor Package: /Game/__ExternalActors__/FirstPerson/Maps/FirstPersonMap/6/GC/IU4H7A2V12KQTJLK7KUM5O
 |- Actor Path: /Game/FirstPerson/Maps/FirstPersonMap.FirstPersonMap:PersistentLevel.PlayerStart_0
 |- Actor Package: /Game/__ExternalActors__/FirstPerson/Maps/FirstPersonMap/8/Z7/W1SXRCM1KAKBJOIZDLHZ47
 |- Actor Path: /Game/FirstPerson/Maps/FirstPersonMap.FirstPersonMap:PersistentLevel.PostProcessVolume_UAID_74563C18ECEC512F02_1456821386
 |- Actor Package: /Game/__ExternalActors__/FirstPerson/Maps/FirstPersonMap/1/LJ/8VWDI0B1W9QAG8TE91J58B
 |- Actor Path: /Game/FirstPerson/Maps/FirstPersonMap.FirstPersonMap:PersistentLevel.SkyAtmosphere_UAID_74563C18ECEC512F02_1907443394
 |- Actor Package: /Game/__ExternalActors__/FirstPerson/Maps/FirstPersonMap/1/UJ/09F1V6TDNJKW8YERBUVFV6
 |- Actor Path: /Game/FirstPerson/Maps/FirstPersonMap.FirstPersonMap:PersistentLevel.WorldDataLayers
 |- Actor Package: /Game/__ExternalActors__/FirstPerson/Maps/FirstPersonMap/D/0W/E1FKEGVKGOLM7HGLQPCIPO

----------------------------------------------------------------------------------------------------------------
FirstPersonMap - Runtime Hash Set
----------------------------------------------------------------------------------------------------------------

