[+] Containers:
 |- [+] Container: /Game/FirstPerson/Maps/FirstPersonMap
 |   |- [+] ActorDescs:
 |   |   |- Guid:051B3FF1455D67135F1BBAA46127840E BaseClass: NativeClass:/Script/Engine.DirectionalLight Name:DirectionalLight_UAID_74563C18ECEC522F02_1406318578 Label:DirectionalLight SpatiallyLoaded:0 Bounds:Invalid RuntimeGrid:None EditorOnly:0 RuntimeOnly:0 HLODRelevant:0 ListedInSceneOutliner:1 IsMainWorldOnly:0
 |   |   |- Guid:0F4596604D3D4DC1D9C7A8BF020C9079 BaseClass:/Game/BP/BP_Boden.BP_Boden_C NativeClass:/Script/Engine.Actor Name:BP_Boden_C_UAID_74563C18ECEC522F02_1566938587 Label:BP_Boden8 SpatiallyLoaded:1 Bounds:IsValid=true, Min=(X=1027.681 Y=559.461 Z=-0.333), Max=(X=1146.939 Y=684.275 Z=11.181) RuntimeGrid:None EditorOnly:0 RuntimeOnly:0 HLODRelevant:0 ListedInSceneOutliner:1 IsMainWorldOnly:0
 |   |   |- Guid:13D795174837A0A11A27E38E6E851999 BaseClass:/Game/BP/BP_Boden.BP_Boden_C NativeClass:/Script/Engine.Actor Name:BP_Boden_C_UAID_74563C18ECEC522F02_1511885582 Label:BP_Boden3 SpatiallyLoaded:1 Bounds:IsValid=true, Min=(X=909.681 Y=559.461 Z=-0.333), Max=(X=1028.939 Y=684.275 Z=11.181) RuntimeGrid:None EditorOnly:0 RuntimeOnly:0 HLODRelevant:0 ListedInSceneOutliner:1 IsMainWorldOnly:0
 |   |   |- Guid:295DE5BF49D1DDA35BFCE58F6C532374 BaseClass:/Game/BP/BP_Boden.BP_Boden_C NativeClass:/Script/Engine.Actor Name:BP_Boden_C_UAID_74563C18ECEC522F02_1619371596 Label:BP_Boden17 SpatiallyLoaded:1 Bounds:IsValid=true, Min=(X=791.681 Y=677.961 Z=-0.333), Max=(X=910.939 Y=802.775 Z=11.181) RuntimeGrid:None EditorOnly:0 RuntimeOnly:0 HLODRelevant:0 ListedInSceneOutliner:1 IsMainWorldOnly:0
 |   |   |- Guid:2ADD707A4F1BE1E502AC43ABC1F0D604 BaseClass:/Game/BP/BP_Boden.BP_Boden_C NativeClass:/Script/Engine.Actor Name:BP_Boden_C_UAID_74563C18ECEC522F02_1619374599 Label:BP_Boden20 SpatiallyLoaded:1 Bounds:IsValid=true, Min=(X=791.681 Y=322.461 Z=-0.333), Max=(X=910.939 Y=447.275 Z=11.181) RuntimeGrid:None EditorOnly:0 RuntimeOnly:0 HLODRelevant:0 ListedInSceneOutliner:1 IsMainWorldOnly:0
 |   |   |- Guid:3B03FA91451F4C4BF224DD8C7765EC6F BaseClass:/Game/BP/BP_Boden.BP_Boden_C NativeClass:/Script/Engine.Actor Name:BP_Boden_C_UAID_74563C18ECEC522F02_1619367592 Label:BP_Boden13 SpatiallyLoaded:1 Bounds:IsValid=true, Min=(X=673.681 Y=559.461 Z=-0.333), Max=(X=792.939 Y=684.275 Z=11.181) RuntimeGrid:None EditorOnly:0 RuntimeOnly:0 HLODRelevant:0 ListedInSceneOutliner:1 IsMainWorldOnly:0
 |   |   |- Guid:45FFF824451ECEF1516D388ED98D4AB6 BaseClass:/Game/BP/BP_Boden.BP_Boden_C NativeClass:/Script/Engine.Actor Name:BP_Boden_C_UAID_74563C18ECEC522F02_1619364590 Label:BP_Boden11 SpatiallyLoaded:1 Bounds:IsValid=true, Min=(X=673.681 Y=796.461 Z=-0.333), Max=(X=792.939 Y=921.275 Z=11.181) RuntimeGrid:None EditorOnly:0 RuntimeOnly:0 HLODRelevant:0 ListedInSceneOutliner:1 IsMainWorldOnly:0
 |   |   |- Guid:54D116B846B2D1BA814E8F8307D9F68C BaseClass:/Game/BP/BP_Boden.BP_Boden_C NativeClass:/Script/Engine.Actor Name:BP_Boden_C_UAID_74563C18ECEC522F02_1619366591 Label:BP_Boden12 SpatiallyLoaded:1 Bounds:IsValid=true, Min=(X=673.681 Y=677.961 Z=-0.333), Max=(X=792.939 Y=802.775 Z=11.181) RuntimeGrid:None EditorOnly:0 RuntimeOnly:0 HLODRelevant:0 ListedInSceneOutliner:1 IsMainWorldOnly:0
 |   |   |- Guid:5EFFED2E430CF7E6560BB89AB862D753 BaseClass:/Game/BP/BP_Boden.BP_Boden_C NativeClass:/Script/Engine.Actor Name:BP_Boden_C_UAID_74563C18ECEC522F02_1544853584 Label:BP_Boden5 SpatiallyLoaded:1 Bounds:IsValid=true, Min=(X=909.681 Y=322.461 Z=-0.333), Max=(X=1028.939 Y=447.275 Z=11.181) RuntimeGrid:None EditorOnly:0 RuntimeOnly:0 HLODRelevant:0 ListedInSceneOutliner:1 IsMainWorldOnly:0
 |   |   |- Guid:6FEFB3BD4EB37B849EF0D4AC80F83855 BaseClass: NativeClass:/Script/Engine.WorldDataLayers Name:WorldDataLayers Label:WorldDataLayers SpatiallyLoaded:0 Bounds:IsValid=true, Min=(X=0.000 Y=0.000 Z=0.000), Max=(X=0.000 Y=0.000 Z=0.000) RuntimeGrid:None EditorOnly:0 RuntimeOnly:0 HLODRelevant:0 ListedInSceneOutliner:1 IsMainWorldOnly:1
 |   |   |- Guid:71CCC4F545332382D6FD87AB0EA60EB2 BaseClass:/Game/BP/BP_Boden.BP_Boden_C NativeClass:/Script/Engine.Actor Name:BP_Boden_C_UAID_74563C18ECEC522F02_1544851583 Label:BP_Boden4 SpatiallyLoaded:1 Bounds:IsValid=true, Min=(X=909.681 Y=440.961 Z=-0.333), Max=(X=1028.939 Y=565.775 Z=11.181) RuntimeGrid:None EditorOnly:0 RuntimeOnly:0 HLODRelevant:0 ListedInSceneOutliner:1 IsMainWorldOnly:0
 |   |   |- Guid:875AA99A4EEBC693D766D381430CC7B0 BaseClass:/Game/BP/BP_Boden.BP_Boden_C NativeClass:/Script/Engine.Actor Name:BP_Boden_C_UAID_74563C18ECEC522F02_1566939588 Label:BP_Boden9 SpatiallyLoaded:1 Bounds:IsValid=true, Min=(X=1027.681 Y=440.961 Z=-0.333), Max=(X=1146.939 Y=565.775 Z=11.181) RuntimeGrid:None EditorOnly:0 RuntimeOnly:0 HLODRelevant:0 ListedInSceneOutliner:1 IsMainWorldOnly:0
 |   |   |- Guid:9051D4564A98F7977EED9582BA5D3584 BaseClass:/Game/BP/BP_Boden.BP_Boden_C NativeClass:/Script/Engine.Actor Name:BP_Boden_C_UAID_74563C18ECEC522F02_1566937586 Label:BP_Boden7 SpatiallyLoaded:1 Bounds:IsValid=true, Min=(X=1027.681 Y=677.961 Z=-0.333), Max=(X=1146.939 Y=802.775 Z=11.181) RuntimeGrid:None EditorOnly:0 RuntimeOnly:0 HLODRelevant:0 ListedInSceneOutliner:1 IsMainWorldOnly:0
 |   |   |- Guid:933DFDEA4256D664FBE7A08492B0239D BaseClass:/Game/BP/BP_Boden.BP_Boden_C NativeClass:/Script/Engine.Actor Name:BP_Boden_C_UAID_74563C18ECEC522F02_1619373598 Label:BP_Boden19 SpatiallyLoaded:1 Bounds:IsValid=true, Min=(X=791.681 Y=440.961 Z=-0.333), Max=(X=910.939 Y=565.775 Z=11.181) RuntimeGrid:None EditorOnly:0 RuntimeOnly:0 HLODRelevant:0 ListedInSceneOutliner:1 IsMainWorldOnly:0
 |   |   |- Guid:A354B1B24E617A525DC6B48CCDE2417E BaseClass: NativeClass:/Script/Engine.PlayerStart Name:PlayerStart_0 Label:PlayerStart SpatiallyLoaded:0 Bounds:IsValid=true, Min=(X=860.000 Y=810.000 Z=0.013), Max=(X=940.000 Y=890.000 Z=184.013) RuntimeGrid:None EditorOnly:0 RuntimeOnly:0 HLODRelevant:0 ListedInSceneOutliner:1 IsMainWorldOnly:0
 |   |   |- Guid:A96CBBEC427C20D9326DB9AAFECD8F7A BaseClass:/Game/BP/BP_Boden.BP_Boden_C NativeClass:/Script/Engine.Actor Name:BP_Boden_C_UAID_74563C18ECEC522F02_1619368593 Label:BP_Boden14 SpatiallyLoaded:1 Bounds:IsValid=true, Min=(X=673.681 Y=440.961 Z=-0.333), Max=(X=792.939 Y=565.775 Z=11.181) RuntimeGrid:None EditorOnly:0 RuntimeOnly:0 HLODRelevant:0 ListedInSceneOutliner:1 IsMainWorldOnly:0
 |   |   |- Guid:AC665CD6451C5C22C38873BF2152AE05 BaseClass:/Game/BP/BP_Boden.BP_Boden_C NativeClass:/Script/Engine.Actor Name:BP_Boden_C_UAID_74563C18ECEC522F02_1619372597 Label:BP_Boden18 SpatiallyLoaded:1 Bounds:IsValid=true, Min=(X=791.681 Y=559.461 Z=-0.333), Max=(X=910.939 Y=684.275 Z=11.181) RuntimeGrid:None EditorOnly:0 RuntimeOnly:0 HLODRelevant:0 ListedInSceneOutliner:1 IsMainWorldOnly:0
 |   |   |- Guid:B8A8E1D14E0B5F1AC5A68198BC04125D BaseClass: NativeClass:/Script/Engine.SkyAtmosphere Name:SkyAtmosphere_UAID_74563C18ECEC512F02_1907443394 Label:SkyAtmosphere SpatiallyLoaded:0 Bounds:IsValid=true, Min=(X=450.000 Y=170.000 Z=610.000), Max=(X=450.000 Y=170.000 Z=610.000) RuntimeGrid:None EditorOnly:0 RuntimeOnly:0 HLODRelevant:0 ListedInSceneOutliner:1 IsMainWorldOnly:0
 |   |   |- Guid:B926FEEF404720C88763DCBA6D4EB13D BaseClass: NativeClass:/Script/Engine.LocalFogVolume Name:LocalFogVolume_UAID_74563C18ECEC512F02_1913832397 Label:LocalFogVolume SpatiallyLoaded:0 Bounds:IsValid=true, Min=(X=430.000 Y=-180.000 Z=620.000), Max=(X=430.000 Y=-180.000 Z=620.000) RuntimeGrid:None EditorOnly:0 RuntimeOnly:0 HLODRelevant:0 ListedInSceneOutliner:1 IsMainWorldOnly:0
 |   |   |- Guid:BCBE6DF048FCB2C17A91118FE142CE4D BaseClass: NativeClass:/Script/Engine.PostProcessVolume Name:PostProcessVolume_UAID_74563C18ECEC512F02_1456821386 Label:PostProcessVolume SpatiallyLoaded:0 Bounds:IsValid=true, Min=(X=-1705.000 Y=-1250.000 Z=150.000), Max=(X=2345.000 Y=2650.000 Z=1450.000) RuntimeGrid:None EditorOnly:0 RuntimeOnly:0 HLODRelevant:0 ListedInSceneOutliner:1 IsMainWorldOnly:0
 |   |   |- Guid:C3AEBE344DD90C33EB2444BB886689D6 BaseClass:/Game/BP/BP_Boden.BP_Boden_C NativeClass:/Script/Engine.Actor Name:BP_Boden_C_UAID_74563C18ECEC522F02_1450148580 Label:BP_Boden2 SpatiallyLoaded:1 Bounds:IsValid=true, Min=(X=909.681 Y=677.961 Z=-0.333), Max=(X=1028.939 Y=802.775 Z=11.181) RuntimeGrid:None EditorOnly:0 RuntimeOnly:0 HLODRelevant:0 ListedInSceneOutliner:1 IsMainWorldOnly:0
 |   |   |- Guid:D3BF92104E9168184A550991CF20758B BaseClass: NativeClass:/Script/Engine.ExponentialHeightFog Name:ExponentialHeightFog_UAID_74563C18ECEC512F02_1912208396 Label:ExponentialHeightFog SpatiallyLoaded:0 Bounds:IsValid=true, Min=(X=440.000 Y=-100.000 Z=530.000), Max=(X=440.000 Y=-100.000 Z=530.000) RuntimeGrid:None EditorOnly:0 RuntimeOnly:0 HLODRelevant:0 ListedInSceneOutliner:1 IsMainWorldOnly:0
 |   |   |- Guid:D6307F564EE1BC5B0D3873A81DED1D78 BaseClass:/Game/BP/BP_Boden.BP_Boden_C NativeClass:/Script/Engine.Actor Name:BP_Boden_C_UAID_74563C18ECEC522F02_1341437575 Label:BP_Boden SpatiallyLoaded:1 Bounds:IsValid=true, Min=(X=909.681 Y=796.461 Z=-0.333), Max=(X=1028.939 Y=921.275 Z=11.181) RuntimeGrid:None EditorOnly:0 RuntimeOnly:0 HLODRelevant:0 ListedInSceneOutliner:1 IsMainWorldOnly:0
 |   |   |- Guid:EE66F4454A4A9F99393F559AB739C05E BaseClass:/Game/FirstPerson/Blueprints/BP_Pickup_Rifle.BP_Pickup_Rifle_C NativeClass:/Script/Engine.Actor Name:BP_Rifle_C_1 Label:BP_Pickup_Rifle SpatiallyLoaded:1 Bounds:IsValid=true, Min=(X=1378.000 Y=818.000 Z=64.000), Max=(X=1442.000 Y=907.440 Z=128.000) RuntimeGrid:None EditorOnly:0 RuntimeOnly:0 HLODRelevant:0 ListedInSceneOutliner:1 IsMainWorldOnly:0
 |   |   |- Guid:F4F6FBCF4593FA2AED5C83AC9681BD8A BaseClass:/Game/BP/BP_Boden.BP_Boden_C NativeClass:/Script/Engine.Actor Name:BP_Boden_C_UAID_74563C18ECEC522F02_1566935585 Label:BP_Boden6 SpatiallyLoaded:1 Bounds:IsValid=true, Min=(X=1027.681 Y=796.461 Z=-0.333), Max=(X=1146.939 Y=921.275 Z=11.181) RuntimeGrid:None EditorOnly:0 RuntimeOnly:0 HLODRelevant:0 ListedInSceneOutliner:1 IsMainWorldOnly:0
 |   |   |- Guid:F73A4A974F783642AF25BBB8CF291634 BaseClass:/Game/BP/BP_Boden.BP_Boden_C NativeClass:/Script/Engine.Actor Name:BP_Boden_C_UAID_74563C18ECEC522F02_1619370595 Label:BP_Boden16 SpatiallyLoaded:1 Bounds:IsValid=true, Min=(X=791.681 Y=796.461 Z=-0.333), Max=(X=910.939 Y=921.275 Z=11.181) RuntimeGrid:None EditorOnly:0 RuntimeOnly:0 HLODRelevant:0 ListedInSceneOutliner:1 IsMainWorldOnly:0
 |   |   |- Guid:F75C1477401FC0FD0C0E768492A23247 BaseClass:/Game/BP/BP_Boden.BP_Boden_C NativeClass:/Script/Engine.Actor Name:BP_Boden_C_UAID_74563C18ECEC522F02_1566940589 Label:BP_Boden10 SpatiallyLoaded:1 Bounds:IsValid=true, Min=(X=1027.681 Y=322.461 Z=-0.333), Max=(X=1146.939 Y=447.275 Z=11.181) RuntimeGrid:None EditorOnly:0 RuntimeOnly:0 HLODRelevant:0 ListedInSceneOutliner:1 IsMainWorldOnly:0
 |   |   |- Guid:F99257604C799DEDFB1D11941E33C02C BaseClass:/Game/BP/BP_Boden.BP_Boden_C NativeClass:/Script/Engine.Actor Name:BP_Boden_C_UAID_74563C18ECEC522F02_1619369594 Label:BP_Boden15 SpatiallyLoaded:1 Bounds:IsValid=true, Min=(X=673.681 Y=322.461 Z=-0.333), Max=(X=792.939 Y=447.275 Z=11.181) RuntimeGrid:None EditorOnly:0 RuntimeOnly:0 HLODRelevant:0 ListedInSceneOutliner:1 IsMainWorldOnly:0
 |   |- [+] Clusters:
 |   |   |- [+] [  0]
 |   |   |   |- Guid:051B3FF1455D67135F1BBAA46127840E BaseClass: NativeClass:/Script/Engine.DirectionalLight Name:DirectionalLight_UAID_74563C18ECEC522F02_1406318578 Label:DirectionalLight SpatiallyLoaded:0 Bounds:Invalid RuntimeGrid:None EditorOnly:0 RuntimeOnly:0 HLODRelevant:0 ListedInSceneOutliner:1 IsMainWorldOnly:0
 |   |   |- [+] [  1]
 |   |   |   |- Guid:0F4596604D3D4DC1D9C7A8BF020C9079 BaseClass:/Game/BP/BP_Boden.BP_Boden_C NativeClass:/Script/Engine.Actor Name:BP_Boden_C_UAID_74563C18ECEC522F02_1566938587 Label:BP_Boden8 SpatiallyLoaded:1 Bounds:IsValid=true, Min=(X=1027.681 Y=559.461 Z=-0.333), Max=(X=1146.939 Y=684.275 Z=11.181) RuntimeGrid:None EditorOnly:0 RuntimeOnly:0 HLODRelevant:0 ListedInSceneOutliner:1 IsMainWorldOnly:0
 |   |   |- [+] [  2]
 |   |   |   |- Guid:13D795174837A0A11A27E38E6E851999 BaseClass:/Game/BP/BP_Boden.BP_Boden_C NativeClass:/Script/Engine.Actor Name:BP_Boden_C_UAID_74563C18ECEC522F02_1511885582 Label:BP_Boden3 SpatiallyLoaded:1 Bounds:IsValid=true, Min=(X=909.681 Y=559.461 Z=-0.333), Max=(X=1028.939 Y=684.275 Z=11.181) RuntimeGrid:None EditorOnly:0 RuntimeOnly:0 HLODRelevant:0 ListedInSceneOutliner:1 IsMainWorldOnly:0
 |   |   |- [+] [  3]
 |   |   |   |- Guid:295DE5BF49D1DDA35BFCE58F6C532374 BaseClass:/Game/BP/BP_Boden.BP_Boden_C NativeClass:/Script/Engine.Actor Name:BP_Boden_C_UAID_74563C18ECEC522F02_1619371596 Label:BP_Boden17 SpatiallyLoaded:1 Bounds:IsValid=true, Min=(X=791.681 Y=677.961 Z=-0.333), Max=(X=910.939 Y=802.775 Z=11.181) RuntimeGrid:None EditorOnly:0 RuntimeOnly:0 HLODRelevant:0 ListedInSceneOutliner:1 IsMainWorldOnly:0
 |   |   |- [+] [  4]
 |   |   |   |- Guid:2ADD707A4F1BE1E502AC43ABC1F0D604 BaseClass:/Game/BP/BP_Boden.BP_Boden_C NativeClass:/Script/Engine.Actor Name:BP_Boden_C_UAID_74563C18ECEC522F02_1619374599 Label:BP_Boden20 SpatiallyLoaded:1 Bounds:IsValid=true, Min=(X=791.681 Y=322.461 Z=-0.333), Max=(X=910.939 Y=447.275 Z=11.181) RuntimeGrid:None EditorOnly:0 RuntimeOnly:0 HLODRelevant:0 ListedInSceneOutliner:1 IsMainWorldOnly:0
 |   |   |- [+] [  5]
 |   |   |   |- Guid:3B03FA91451F4C4BF224DD8C7765EC6F BaseClass:/Game/BP/BP_Boden.BP_Boden_C NativeClass:/Script/Engine.Actor Name:BP_Boden_C_UAID_74563C18ECEC522F02_1619367592 Label:BP_Boden13 SpatiallyLoaded:1 Bounds:IsValid=true, Min=(X=673.681 Y=559.461 Z=-0.333), Max=(X=792.939 Y=684.275 Z=11.181) RuntimeGrid:None EditorOnly:0 RuntimeOnly:0 HLODRelevant:0 ListedInSceneOutliner:1 IsMainWorldOnly:0
 |   |   |- [+] [  6]
 |   |   |   |- Guid:45FFF824451ECEF1516D388ED98D4AB6 BaseClass:/Game/BP/BP_Boden.BP_Boden_C NativeClass:/Script/Engine.Actor Name:BP_Boden_C_UAID_74563C18ECEC522F02_1619364590 Label:BP_Boden11 SpatiallyLoaded:1 Bounds:IsValid=true, Min=(X=673.681 Y=796.461 Z=-0.333), Max=(X=792.939 Y=921.275 Z=11.181) RuntimeGrid:None EditorOnly:0 RuntimeOnly:0 HLODRelevant:0 ListedInSceneOutliner:1 IsMainWorldOnly:0
 |   |   |- [+] [  7]
 |   |   |   |- Guid:54D116B846B2D1BA814E8F8307D9F68C BaseClass:/Game/BP/BP_Boden.BP_Boden_C NativeClass:/Script/Engine.Actor Name:BP_Boden_C_UAID_74563C18ECEC522F02_1619366591 Label:BP_Boden12 SpatiallyLoaded:1 Bounds:IsValid=true, Min=(X=673.681 Y=677.961 Z=-0.333), Max=(X=792.939 Y=802.775 Z=11.181) RuntimeGrid:None EditorOnly:0 RuntimeOnly:0 HLODRelevant:0 ListedInSceneOutliner:1 IsMainWorldOnly:0
 |   |   |- [+] [  8]
 |   |   |   |- Guid:5EFFED2E430CF7E6560BB89AB862D753 BaseClass:/Game/BP/BP_Boden.BP_Boden_C NativeClass:/Script/Engine.Actor Name:BP_Boden_C_UAID_74563C18ECEC522F02_1544853584 Label:BP_Boden5 SpatiallyLoaded:1 Bounds:IsValid=true, Min=(X=909.681 Y=322.461 Z=-0.333), Max=(X=1028.939 Y=447.275 Z=11.181) RuntimeGrid:None EditorOnly:0 RuntimeOnly:0 HLODRelevant:0 ListedInSceneOutliner:1 IsMainWorldOnly:0
 |   |   |- [+] [  9]
 |   |   |   |- Guid:6FEFB3BD4EB37B849EF0D4AC80F83855 BaseClass: NativeClass:/Script/Engine.WorldDataLayers Name:WorldDataLayers Label:WorldDataLayers SpatiallyLoaded:0 Bounds:IsValid=true, Min=(X=0.000 Y=0.000 Z=0.000), Max=(X=0.000 Y=0.000 Z=0.000) RuntimeGrid:None EditorOnly:0 RuntimeOnly:0 HLODRelevant:0 ListedInSceneOutliner:1 IsMainWorldOnly:1
 |   |   |- [+] [ 10]
 |   |   |   |- Guid:71CCC4F545332382D6FD87AB0EA60EB2 BaseClass:/Game/BP/BP_Boden.BP_Boden_C NativeClass:/Script/Engine.Actor Name:BP_Boden_C_UAID_74563C18ECEC522F02_1544851583 Label:BP_Boden4 SpatiallyLoaded:1 Bounds:IsValid=true, Min=(X=909.681 Y=440.961 Z=-0.333), Max=(X=1028.939 Y=565.775 Z=11.181) RuntimeGrid:None EditorOnly:0 RuntimeOnly:0 HLODRelevant:0 ListedInSceneOutliner:1 IsMainWorldOnly:0
 |   |   |- [+] [ 11]
 |   |   |   |- Guid:875AA99A4EEBC693D766D381430CC7B0 BaseClass:/Game/BP/BP_Boden.BP_Boden_C NativeClass:/Script/Engine.Actor Name:BP_Boden_C_UAID_74563C18ECEC522F02_1566939588 Label:BP_Boden9 SpatiallyLoaded:1 Bounds:IsValid=true, Min=(X=1027.681 Y=440.961 Z=-0.333), Max=(X=1146.939 Y=565.775 Z=11.181) RuntimeGrid:None EditorOnly:0 RuntimeOnly:0 HLODRelevant:0 ListedInSceneOutliner:1 IsMainWorldOnly:0
 |   |   |- [+] [ 12]
 |   |   |   |- Guid:9051D4564A98F7977EED9582BA5D3584 BaseClass:/Game/BP/BP_Boden.BP_Boden_C NativeClass:/Script/Engine.Actor Name:BP_Boden_C_UAID_74563C18ECEC522F02_1566937586 Label:BP_Boden7 SpatiallyLoaded:1 Bounds:IsValid=true, Min=(X=1027.681 Y=677.961 Z=-0.333), Max=(X=1146.939 Y=802.775 Z=11.181) RuntimeGrid:None EditorOnly:0 RuntimeOnly:0 HLODRelevant:0 ListedInSceneOutliner:1 IsMainWorldOnly:0
 |   |   |- [+] [ 13]
 |   |   |   |- Guid:933DFDEA4256D664FBE7A08492B0239D BaseClass:/Game/BP/BP_Boden.BP_Boden_C NativeClass:/Script/Engine.Actor Name:BP_Boden_C_UAID_74563C18ECEC522F02_1619373598 Label:BP_Boden19 SpatiallyLoaded:1 Bounds:IsValid=true, Min=(X=791.681 Y=440.961 Z=-0.333), Max=(X=910.939 Y=565.775 Z=11.181) RuntimeGrid:None EditorOnly:0 RuntimeOnly:0 HLODRelevant:0 ListedInSceneOutliner:1 IsMainWorldOnly:0
 |   |   |- [+] [ 14]
 |   |   |   |- Guid:A354B1B24E617A525DC6B48CCDE2417E BaseClass: NativeClass:/Script/Engine.PlayerStart Name:PlayerStart_0 Label:PlayerStart SpatiallyLoaded:0 Bounds:IsValid=true, Min=(X=860.000 Y=810.000 Z=0.013), Max=(X=940.000 Y=890.000 Z=184.013) RuntimeGrid:None EditorOnly:0 RuntimeOnly:0 HLODRelevant:0 ListedInSceneOutliner:1 IsMainWorldOnly:0
 |   |   |- [+] [ 15]
 |   |   |   |- Guid:A96CBBEC427C20D9326DB9AAFECD8F7A BaseClass:/Game/BP/BP_Boden.BP_Boden_C NativeClass:/Script/Engine.Actor Name:BP_Boden_C_UAID_74563C18ECEC522F02_1619368593 Label:BP_Boden14 SpatiallyLoaded:1 Bounds:IsValid=true, Min=(X=673.681 Y=440.961 Z=-0.333), Max=(X=792.939 Y=565.775 Z=11.181) RuntimeGrid:None EditorOnly:0 RuntimeOnly:0 HLODRelevant:0 ListedInSceneOutliner:1 IsMainWorldOnly:0
 |   |   |- [+] [ 16]
 |   |   |   |- Guid:AC665CD6451C5C22C38873BF2152AE05 BaseClass:/Game/BP/BP_Boden.BP_Boden_C NativeClass:/Script/Engine.Actor Name:BP_Boden_C_UAID_74563C18ECEC522F02_1619372597 Label:BP_Boden18 SpatiallyLoaded:1 Bounds:IsValid=true, Min=(X=791.681 Y=559.461 Z=-0.333), Max=(X=910.939 Y=684.275 Z=11.181) RuntimeGrid:None EditorOnly:0 RuntimeOnly:0 HLODRelevant:0 ListedInSceneOutliner:1 IsMainWorldOnly:0
 |   |   |- [+] [ 17]
 |   |   |   |- Guid:B8A8E1D14E0B5F1AC5A68198BC04125D BaseClass: NativeClass:/Script/Engine.SkyAtmosphere Name:SkyAtmosphere_UAID_74563C18ECEC512F02_1907443394 Label:SkyAtmosphere SpatiallyLoaded:0 Bounds:IsValid=true, Min=(X=450.000 Y=170.000 Z=610.000), Max=(X=450.000 Y=170.000 Z=610.000) RuntimeGrid:None EditorOnly:0 RuntimeOnly:0 HLODRelevant:0 ListedInSceneOutliner:1 IsMainWorldOnly:0
 |   |   |- [+] [ 18]
 |   |   |   |- Guid:B926FEEF404720C88763DCBA6D4EB13D BaseClass: NativeClass:/Script/Engine.LocalFogVolume Name:LocalFogVolume_UAID_74563C18ECEC512F02_1913832397 Label:LocalFogVolume SpatiallyLoaded:0 Bounds:IsValid=true, Min=(X=430.000 Y=-180.000 Z=620.000), Max=(X=430.000 Y=-180.000 Z=620.000) RuntimeGrid:None EditorOnly:0 RuntimeOnly:0 HLODRelevant:0 ListedInSceneOutliner:1 IsMainWorldOnly:0
 |   |   |- [+] [ 19]
 |   |   |   |- Guid:BCBE6DF048FCB2C17A91118FE142CE4D BaseClass: NativeClass:/Script/Engine.PostProcessVolume Name:PostProcessVolume_UAID_74563C18ECEC512F02_1456821386 Label:PostProcessVolume SpatiallyLoaded:0 Bounds:IsValid=true, Min=(X=-1705.000 Y=-1250.000 Z=150.000), Max=(X=2345.000 Y=2650.000 Z=1450.000) RuntimeGrid:None EditorOnly:0 RuntimeOnly:0 HLODRelevant:0 ListedInSceneOutliner:1 IsMainWorldOnly:0
 |   |   |- [+] [ 20]
 |   |   |   |- Guid:C3AEBE344DD90C33EB2444BB886689D6 BaseClass:/Game/BP/BP_Boden.BP_Boden_C NativeClass:/Script/Engine.Actor Name:BP_Boden_C_UAID_74563C18ECEC522F02_1450148580 Label:BP_Boden2 SpatiallyLoaded:1 Bounds:IsValid=true, Min=(X=909.681 Y=677.961 Z=-0.333), Max=(X=1028.939 Y=802.775 Z=11.181) RuntimeGrid:None EditorOnly:0 RuntimeOnly:0 HLODRelevant:0 ListedInSceneOutliner:1 IsMainWorldOnly:0
 |   |   |- [+] [ 21]
 |   |   |   |- Guid:D3BF92104E9168184A550991CF20758B BaseClass: NativeClass:/Script/Engine.ExponentialHeightFog Name:ExponentialHeightFog_UAID_74563C18ECEC512F02_1912208396 Label:ExponentialHeightFog SpatiallyLoaded:0 Bounds:IsValid=true, Min=(X=440.000 Y=-100.000 Z=530.000), Max=(X=440.000 Y=-100.000 Z=530.000) RuntimeGrid:None EditorOnly:0 RuntimeOnly:0 HLODRelevant:0 ListedInSceneOutliner:1 IsMainWorldOnly:0
 |   |   |- [+] [ 22]
 |   |   |   |- Guid:D6307F564EE1BC5B0D3873A81DED1D78 BaseClass:/Game/BP/BP_Boden.BP_Boden_C NativeClass:/Script/Engine.Actor Name:BP_Boden_C_UAID_74563C18ECEC522F02_1341437575 Label:BP_Boden SpatiallyLoaded:1 Bounds:IsValid=true, Min=(X=909.681 Y=796.461 Z=-0.333), Max=(X=1028.939 Y=921.275 Z=11.181) RuntimeGrid:None EditorOnly:0 RuntimeOnly:0 HLODRelevant:0 ListedInSceneOutliner:1 IsMainWorldOnly:0
 |   |   |- [+] [ 23]
 |   |   |   |- Guid:EE66F4454A4A9F99393F559AB739C05E BaseClass:/Game/FirstPerson/Blueprints/BP_Pickup_Rifle.BP_Pickup_Rifle_C NativeClass:/Script/Engine.Actor Name:BP_Rifle_C_1 Label:BP_Pickup_Rifle SpatiallyLoaded:1 Bounds:IsValid=true, Min=(X=1378.000 Y=818.000 Z=64.000), Max=(X=1442.000 Y=907.440 Z=128.000) RuntimeGrid:None EditorOnly:0 RuntimeOnly:0 HLODRelevant:0 ListedInSceneOutliner:1 IsMainWorldOnly:0
 |   |   |- [+] [ 24]
 |   |   |   |- Guid:F4F6FBCF4593FA2AED5C83AC9681BD8A BaseClass:/Game/BP/BP_Boden.BP_Boden_C NativeClass:/Script/Engine.Actor Name:BP_Boden_C_UAID_74563C18ECEC522F02_1566935585 Label:BP_Boden6 SpatiallyLoaded:1 Bounds:IsValid=true, Min=(X=1027.681 Y=796.461 Z=-0.333), Max=(X=1146.939 Y=921.275 Z=11.181) RuntimeGrid:None EditorOnly:0 RuntimeOnly:0 HLODRelevant:0 ListedInSceneOutliner:1 IsMainWorldOnly:0
 |   |   |- [+] [ 25]
 |   |   |   |- Guid:F73A4A974F783642AF25BBB8CF291634 BaseClass:/Game/BP/BP_Boden.BP_Boden_C NativeClass:/Script/Engine.Actor Name:BP_Boden_C_UAID_74563C18ECEC522F02_1619370595 Label:BP_Boden16 SpatiallyLoaded:1 Bounds:IsValid=true, Min=(X=791.681 Y=796.461 Z=-0.333), Max=(X=910.939 Y=921.275 Z=11.181) RuntimeGrid:None EditorOnly:0 RuntimeOnly:0 HLODRelevant:0 ListedInSceneOutliner:1 IsMainWorldOnly:0
 |   |   |- [+] [ 26]
 |   |   |   |- Guid:F75C1477401FC0FD0C0E768492A23247 BaseClass:/Game/BP/BP_Boden.BP_Boden_C NativeClass:/Script/Engine.Actor Name:BP_Boden_C_UAID_74563C18ECEC522F02_1566940589 Label:BP_Boden10 SpatiallyLoaded:1 Bounds:IsValid=true, Min=(X=1027.681 Y=322.461 Z=-0.333), Max=(X=1146.939 Y=447.275 Z=11.181) RuntimeGrid:None EditorOnly:0 RuntimeOnly:0 HLODRelevant:0 ListedInSceneOutliner:1 IsMainWorldOnly:0
 |   |   |- [+] [ 27]
 |   |   |   |- Guid:F99257604C799DEDFB1D11941E33C02C BaseClass:/Game/BP/BP_Boden.BP_Boden_C NativeClass:/Script/Engine.Actor Name:BP_Boden_C_UAID_74563C18ECEC522F02_1619369594 Label:BP_Boden15 SpatiallyLoaded:1 Bounds:IsValid=true, Min=(X=673.681 Y=322.461 Z=-0.333), Max=(X=792.939 Y=447.275 Z=11.181) RuntimeGrid:None EditorOnly:0 RuntimeOnly:0 HLODRelevant:0 ListedInSceneOutliner:1 IsMainWorldOnly:0
 |- ContainerInstances:
 |- [+] MainContainer:
 |   |-        ID: 00000000000000000000000000000000
 |   |-  ParentID: 00000000000000000000000000000000
 |   |-    Bounds: IsValid=false, Min=(X=0.000 Y=0.000 Z=0.000), Max=(X=0.000 Y=0.000 Z=0.000)
 |   |- Transform: 0.000000,0.000000,0.000000|0.000000,0.000000,-0.000000|1.000000,1.000000,1.000000
 |   |- Container: /Game/FirstPerson/Maps/FirstPersonMap
----------------------------------------------------------------------------------------------------------------
FirstPersonMap - Persistent Level
----------------------------------------------------------------------------------------------------------------
[+] Content of FirstPersonMap Persistent Level
 |- Always loaded Actor Count: 27 
 |- Actor Path: /Game/FirstPerson/Maps/FirstPersonMap.FirstPersonMap:PersistentLevel.BP_Boden_C_UAID_74563C18ECEC522F02_1341437575
 |- Actor Package: /Game/__ExternalActors__/FirstPerson/Maps/FirstPersonMap/5/AS/EMTILDRKGC7RI4HJPD8YAT
 |- Actor Path: /Game/FirstPerson/Maps/FirstPersonMap.FirstPersonMap:PersistentLevel.BP_Boden_C_UAID_74563C18ECEC522F02_1450148580
 |- Actor Package: /Game/__ExternalActors__/FirstPerson/Maps/FirstPersonMap/A/V2/TQLWU8M5HH2FCB01S006HD
 |- Actor Path: /Game/FirstPerson/Maps/FirstPersonMap.FirstPersonMap:PersistentLevel.BP_Boden_C_UAID_74563C18ECEC522F02_1511885582
 |- Actor Package: /Game/__ExternalActors__/FirstPerson/Maps/FirstPersonMap/B/WX/GYATK8JY4RTX64QVMC0C9R
 |- Actor Path: /Game/FirstPerson/Maps/FirstPersonMap.FirstPersonMap:PersistentLevel.BP_Boden_C_UAID_74563C18ECEC522F02_1544851583
 |- Actor Package: /Game/__ExternalActors__/FirstPerson/Maps/FirstPersonMap/E/5P/RM9BW1NYQKMC9OSWXPARH9
 |- Actor Path: /Game/FirstPerson/Maps/FirstPersonMap.FirstPersonMap:PersistentLevel.BP_Boden_C_UAID_74563C18ECEC522F02_1544853584
 |- Actor Package: /Game/__ExternalActors__/FirstPerson/Maps/FirstPersonMap/8/65/EH8DJKC0T14KVGLEODJ941
 |- Actor Path: /Game/FirstPerson/Maps/FirstPersonMap.FirstPersonMap:PersistentLevel.BP_Boden_C_UAID_74563C18ECEC522F02_1566935585
 |- Actor Package: /Game/__ExternalActors__/FirstPerson/Maps/FirstPersonMap/B/FB/ORPYO4LN1CC6I2QMGBX57J
 |- Actor Path: /Game/FirstPerson/Maps/FirstPersonMap.FirstPersonMap:PersistentLevel.BP_Boden_C_UAID_74563C18ECEC522F02_1566937586
 |- Actor Package: /Game/__ExternalActors__/FirstPerson/Maps/FirstPersonMap/D/PJ/M7A2B0G4W11KOD8U6F9M7G
 |- Actor Path: /Game/FirstPerson/Maps/FirstPersonMap.FirstPersonMap:PersistentLevel.BP_Boden_C_UAID_74563C18ECEC522F02_1566938587
 |- Actor Package: /Game/__ExternalActors__/FirstPerson/Maps/FirstPersonMap/4/5B/MOW60DVEXXZ3L5CKPS1R2B
 |- Actor Path: /Game/FirstPerson/Maps/FirstPersonMap.FirstPersonMap:PersistentLevel.BP_Boden_C_UAID_74563C18ECEC522F02_1566939588
 |- Actor Package: /Game/__ExternalActors__/FirstPerson/Maps/FirstPersonMap/B/JR/IM4I0VQ1P196YLMYG7EMIA
 |- Actor Path: /Game/FirstPerson/Maps/FirstPersonMap.FirstPersonMap:PersistentLevel.BP_Boden_C_UAID_74563C18ECEC522F02_1566940589
 |- Actor Package: /Game/__ExternalActors__/FirstPerson/Maps/FirstPersonMap/0/QC/8S1X3FHY1Y6ZIHBHNLOG1O
 |- Actor Path: /Game/FirstPerson/Maps/FirstPersonMap.FirstPersonMap:PersistentLevel.BP_Boden_C_UAID_74563C18ECEC522F02_1619364590
 |- Actor Package: /Game/__ExternalActors__/FirstPerson/Maps/FirstPersonMap/6/Y7/VNY4B29T65BX57Z2AWWVZ6
 |- Actor Path: /Game/FirstPerson/Maps/FirstPersonMap.FirstPersonMap:PersistentLevel.BP_Boden_C_UAID_74563C18ECEC522F02_1619366591
 |- Actor Package: /Game/__ExternalActors__/FirstPerson/Maps/FirstPersonMap/9/FF/KRNQHQ36NY9SUUS14QBHB1
 |- Actor Path: /Game/FirstPerson/Maps/FirstPersonMap.FirstPersonMap:PersistentLevel.BP_Boden_C_UAID_74563C18ECEC522F02_1619367592
 |- Actor Package: /Game/__ExternalActors__/FirstPerson/Maps/FirstPersonMap/1/2L/HK8J5PRP68OZ4NZXT2TWBL
 |- Actor Path: /Game/FirstPerson/Maps/FirstPersonMap.FirstPersonMap:PersistentLevel.BP_Boden_C_UAID_74563C18ECEC522F02_1619368593
 |- Actor Package: /Game/__ExternalActors__/FirstPerson/Maps/FirstPersonMap/6/H5/QNUZ5DWGZ1E5J5YF63JK5Y
 |- Actor Path: /Game/FirstPerson/Maps/FirstPersonMap.FirstPersonMap:PersistentLevel.BP_Boden_C_UAID_74563C18ECEC522F02_1619369594
 |- Actor Package: /Game/__ExternalActors__/FirstPerson/Maps/FirstPersonMap/A/N4/TGRZGS2P1ECY0UWDJH30SL
 |- Actor Path: /Game/FirstPerson/Maps/FirstPersonMap.FirstPersonMap:PersistentLevel.BP_Boden_C_UAID_74563C18ECEC522F02_1619370595
 |- Actor Package: /Game/__ExternalActors__/FirstPerson/Maps/FirstPersonMap/A/DP/E8PDATYNNJRAQX5LZWVM0Q
 |- Actor Path: /Game/FirstPerson/Maps/FirstPersonMap.FirstPersonMap:PersistentLevel.BP_Boden_C_UAID_74563C18ECEC522F02_1619371596
 |- Actor Package: /Game/__ExternalActors__/FirstPerson/Maps/FirstPersonMap/A/T1/5FRO1YH63UG6XUIVQBWVIZ
 |- Actor Path: /Game/FirstPerson/Maps/FirstPersonMap.FirstPersonMap:PersistentLevel.BP_Boden_C_UAID_74563C18ECEC522F02_1619372597
 |- Actor Package: /Game/__ExternalActors__/FirstPerson/Maps/FirstPersonMap/5/2E/JW6QXU279VTOEA9BWG7ZJI
 |- Actor Path: /Game/FirstPerson/Maps/FirstPersonMap.FirstPersonMap:PersistentLevel.BP_Boden_C_UAID_74563C18ECEC522F02_1619373598
 |- Actor Package: /Game/__ExternalActors__/FirstPerson/Maps/FirstPersonMap/2/IO/8VAFFN3G81RQD6ORRU8EX4
 |- Actor Path: /Game/FirstPerson/Maps/FirstPersonMap.FirstPersonMap:PersistentLevel.BP_Boden_C_UAID_74563C18ECEC522F02_1619374599
 |- Actor Package: /Game/__ExternalActors__/FirstPerson/Maps/FirstPersonMap/7/HS/X06WGWBUB4O9BWT55PG92L
 |- Actor Path: /Game/FirstPerson/Maps/FirstPersonMap.FirstPersonMap:PersistentLevel.DirectionalLight_UAID_74563C18ECEC522F02_1406318578
 |- Actor Package: /Game/__ExternalActors__/FirstPerson/Maps/FirstPersonMap/0/7U/AO6L6LN8ZXC6607RTBX4LF
 |- Actor Path: /Game/FirstPerson/Maps/FirstPersonMap.FirstPersonMap:PersistentLevel.ExponentialHeightFog_UAID_74563C18ECEC512F02_1912208396
 |- Actor Package: /Game/__ExternalActors__/FirstPerson/Maps/FirstPersonMap/8/88/VUGU0SBVU7PPM2U5Z4RSYB
 |- Actor Path: /Game/FirstPerson/Maps/FirstPersonMap.FirstPersonMap:PersistentLevel.LocalFogVolume_UAID_74563C18ECEC512F02_1913832397
 |- Actor Package: /Game/__ExternalActors__/FirstPerson/Maps/FirstPersonMap/6/GC/IU4H7A2V12KQTJLK7KUM5O
 |- Actor Path: /Game/FirstPerson/Maps/FirstPersonMap.FirstPersonMap:PersistentLevel.PlayerStart_0
 |- Actor Package: /Game/__ExternalActors__/FirstPerson/Maps/FirstPersonMap/8/Z7/W1SXRCM1KAKBJOIZDLHZ47
 |- Actor Path: /Game/FirstPerson/Maps/FirstPersonMap.FirstPersonMap:PersistentLevel.PostProcessVolume_UAID_74563C18ECEC512F02_1456821386
 |- Actor Package: /Game/__ExternalActors__/FirstPerson/Maps/FirstPersonMap/1/LJ/8VWDI0B1W9QAG8TE91J58B
 |- Actor Path: /Game/FirstPerson/Maps/FirstPersonMap.FirstPersonMap:PersistentLevel.SkyAtmosphere_UAID_74563C18ECEC512F02_1907443394
 |- Actor Package: /Game/__ExternalActors__/FirstPerson/Maps/FirstPersonMap/1/UJ/09F1V6TDNJKW8YERBUVFV6
 |- Actor Path: /Game/FirstPerson/Maps/FirstPersonMap.FirstPersonMap:PersistentLevel.WorldDataLayers
 |- Actor Package: /Game/__ExternalActors__/FirstPerson/Maps/FirstPersonMap/D/0W/E1FKEGVKGOLM7HGLQPCIPO

----------------------------------------------------------------------------------------------------------------
FirstPersonMap - Runtime Hash Set
----------------------------------------------------------------------------------------------------------------

