[+] Containers:
 |- [+] Container: /Game/FirstPerson/Maps/FirstPersonMap
 |   |- [+] ActorDescs:
 |   |   |- Guid:025188EE4F5090DC782E3FA63AA77E13 BaseClass: NativeClass:/Script/Engine.StaticMeshActor Name:StaticMeshActor_UAID_74563C18ECEC532F02_2032019861 Label:Modular_dach_balken_7 SpatiallyLoaded:1 Bounds:IsValid=true, Min=(X=1193.653 Y=489.866 Z=516.393), Max=(X=1512.550 Y=528.134 Z=552.535) RuntimeGrid:None EditorOnly:0 RuntimeOnly:0 HLODRelevant:1 ListedInSceneOutliner:1 IsMainWorldOnly:0
 |   |   |- Guid:066E60B04F25191600D802AF20A233AF BaseClass:/Game/BP/BP_Boden.BP_Boden_C NativeClass:/Script/Engine.Actor Name:BP_Boden_C_UAID_74563C18ECEC542F02_1421164057 Label:BP_Boden16 SpatiallyLoaded:1 Bounds:IsValid=true, Min=(X=621.078 Y=342.646 Z=-15.833), Max=(X=919.222 Y=654.682 Z=12.953) RuntimeGrid:None EditorOnly:0 RuntimeOnly:0 HLODRelevant:0 ListedInSceneOutliner:1 IsMainWorldOnly:0
 |   |   |- Guid:0E4946AD4CB39300941C3BB96C216AD7 BaseClass:/Game/BP/BP_Boden.BP_Boden_C NativeClass:/Script/Engine.Actor Name:BP_Boden_C_UAID_74563C18ECEC542F02_1406659054 Label:BP_Boden13 SpatiallyLoaded:1 Bounds:IsValid=true, Min=(X=917.078 Y=342.646 Z=-15.833), Max=(X=1215.222 Y=654.682 Z=12.953) RuntimeGrid:None EditorOnly:0 RuntimeOnly:0 HLODRelevant:0 ListedInSceneOutliner:1 IsMainWorldOnly:0
 |   |   |- Guid:1098A1574FB36520AFF98AAE0765F91B BaseClass:/Game/BP/BP_Boden.BP_Boden_C NativeClass:/Script/Engine.Actor Name:BP_Boden_C_UAID_74563C18ECEC542F02_1376877048 Label:BP_Boden7 SpatiallyLoaded:1 Bounds:IsValid=true, Min=(X=1508.078 Y=342.646 Z=-15.833), Max=(X=1806.222 Y=654.682 Z=12.953) RuntimeGrid:None EditorOnly:0 RuntimeOnly:0 HLODRelevant:0 ListedInSceneOutliner:1 IsMainWorldOnly:0
 |   |   |- Guid:1679165547FF34DC9EA6BBAB280DB3CB BaseClass:/Game/BP/BP_Boden.BP_Boden_C NativeClass:/Script/Engine.Actor Name:BP_Boden_C_UAID_74563C18ECEC542F02_1406657052 Label:BP_Boden11 SpatiallyLoaded:1 Bounds:IsValid=true, Min=(X=1213.202 Y=638.120 Z=-15.833), Max=(X=1511.347 Y=950.156 Z=12.953) RuntimeGrid:None EditorOnly:0 RuntimeOnly:0 HLODRelevant:0 ListedInSceneOutliner:1 IsMainWorldOnly:0
 |   |   |- Guid:1941E2E2470B29B65029748ED15012FC BaseClass:/Game/BP/BP_Boden.BP_Boden_C NativeClass:/Script/Engine.Actor Name:BP_Boden_C_UAID_74563C18ECEC542F02_1376878049 Label:BP_Boden8 SpatiallyLoaded:1 Bounds:IsValid=true, Min=(X=1508.078 Y=638.120 Z=-15.833), Max=(X=1806.222 Y=950.156 Z=12.953) RuntimeGrid:None EditorOnly:0 RuntimeOnly:0 HLODRelevant:0 ListedInSceneOutliner:1 IsMainWorldOnly:0
 |   |   |- Guid:25CA18DA497931693A1610AA13F97638 BaseClass: NativeClass:/Script/Engine.StaticMeshActor Name:StaticMeshActor_UAID_74563C18ECEC532F02_1454324851 Label:Modular_Balken_rand_wand_000 SpatiallyLoaded:1 Bounds:IsValid=true, Min=(X=1583.150 Y=92.317 Z=0.929), Max=(X=1616.850 Y=923.475 Z=545.142) RuntimeGrid:None EditorOnly:0 RuntimeOnly:0 HLODRelevant:1 ListedInSceneOutliner:1 IsMainWorldOnly:0
 |   |   |- Guid:37C9FD534BCB284DE6C7F0A235CB00E9 BaseClass: NativeClass:/Script/Engine.StaticMeshActor Name:StaticMeshActor_UAID_74563C18ECEC532F02_1077155846 Label:Modular_wand_schraeg_000 SpatiallyLoaded:1 Bounds:IsValid=true, Min=(X=657.104 Y=80.098 Z=3.995), Max=(X=1390.896 Y=494.184 Z=539.489) RuntimeGrid:None EditorOnly:0 RuntimeOnly:0 HLODRelevant:1 ListedInSceneOutliner:1 IsMainWorldOnly:0
 |   |   |- Guid:3B934C8B4900011328DC1CA9CE9F41EF BaseClass: NativeClass:/Script/Engine.StaticMeshActor Name:StaticMeshActor_UAID_74563C18ECEC532F02_2032018860 Label:Modular_dach_balken_6 SpatiallyLoaded:1 Bounds:IsValid=true, Min=(X=1507.684 Y=489.866 Z=516.393), Max=(X=1826.582 Y=528.134 Z=552.535) RuntimeGrid:None EditorOnly:0 RuntimeOnly:0 HLODRelevant:1 ListedInSceneOutliner:1 IsMainWorldOnly:0
 |   |   |- Guid:41369A744E0421992FEFCCABDC74EAF3 BaseClass:/Game/BP/BP_Boden.BP_Boden_C NativeClass:/Script/Engine.Actor Name:BP_Boden_C_UAID_74563C18ECEC542F02_1406658053 Label:BP_Boden12 SpatiallyLoaded:1 Bounds:IsValid=true, Min=(X=917.078 Y=48.089 Z=-15.833), Max=(X=1215.222 Y=360.125 Z=12.953) RuntimeGrid:None EditorOnly:0 RuntimeOnly:0 HLODRelevant:0 ListedInSceneOutliner:1 IsMainWorldOnly:0
 |   |   |- Guid:4748BAFB4FA1ADB80B4815923749BC0A BaseClass:/Game/BP/BP_Boden.BP_Boden_C NativeClass:/Script/Engine.Actor Name:BP_Boden_C_UAID_74563C18ECEC542F02_1406654050 Label:BP_Boden9 SpatiallyLoaded:1 Bounds:IsValid=true, Min=(X=1212.202 Y=48.089 Z=-15.833), Max=(X=1510.347 Y=360.125 Z=12.953) RuntimeGrid:None EditorOnly:0 RuntimeOnly:0 HLODRelevant:0 ListedInSceneOutliner:1 IsMainWorldOnly:0
 |   |   |- Guid:489BA8E74F6044FACCCDB4B21D74A6D1 BaseClass: NativeClass:/Script/Engine.StaticMeshActor Name:StaticMeshActor_UAID_74563C18ECEC522F02_2102693669 Label:Modular_balken_mitte_2 SpatiallyLoaded:1 Bounds:IsValid=true, Min=(X=673.307 Y=94.720 Z=11.920), Max=(X=706.693 Y=918.110 Z=551.047) RuntimeGrid:None EditorOnly:0 RuntimeOnly:0 HLODRelevant:1 ListedInSceneOutliner:1 IsMainWorldOnly:0
 |   |   |- Guid:637D63984DC9F0E64E14DC9C1D615C72 BaseClass:/Game/BP/BP_Boden.BP_Boden_C NativeClass:/Script/Engine.Actor Name:BP_Boden_C_UAID_74563C18ECEC542F02_1242300043 Label:BP_Boden3 SpatiallyLoaded:1 Bounds:IsValid=true, Min=(X=1803.202 Y=48.089 Z=-15.833), Max=(X=2101.347 Y=360.125 Z=12.953) RuntimeGrid:None EditorOnly:0 RuntimeOnly:0 HLODRelevant:0 ListedInSceneOutliner:1 IsMainWorldOnly:0
 |   |   |- Guid:6751A6CD435C5C98DF7DE8BE302E610D BaseClass:/Game/BP/BP_Boden.BP_Boden_C NativeClass:/Script/Engine.Actor Name:BP_Boden_C_UAID_74563C18ECEC542F02_1376875047 Label:BP_Boden6 SpatiallyLoaded:1 Bounds:IsValid=true, Min=(X=1508.078 Y=48.089 Z=-15.833), Max=(X=1806.222 Y=360.125 Z=12.953) RuntimeGrid:None EditorOnly:0 RuntimeOnly:0 HLODRelevant:0 ListedInSceneOutliner:1 IsMainWorldOnly:0
 |   |   |- Guid:6F1BA9C541C4F26579EE1992A4F4DED9 BaseClass: NativeClass:/Script/Engine.SpotLight Name:SpotLight_UAID_74563C18ECEC592F02_2013410945 Label:SpotLight SpatiallyLoaded:1 Bounds:IsValid=true, Min=(X=463.155 Y=68.534 Z=-394.249), Max=(X=1350.845 Y=956.223 Z=493.441) RuntimeGrid:None EditorOnly:0 RuntimeOnly:0 HLODRelevant:0 ListedInSceneOutliner:1 IsMainWorldOnly:0
 |   |   |- Guid:6FEFB3BD4EB37B849EF0D4AC80F83855 BaseClass: NativeClass:/Script/Engine.WorldDataLayers Name:WorldDataLayers Label:WorldDataLayers SpatiallyLoaded:0 Bounds:IsValid=true, Min=(X=0.000 Y=0.000 Z=0.000), Max=(X=0.000 Y=0.000 Z=0.000) RuntimeGrid:None EditorOnly:0 RuntimeOnly:0 HLODRelevant:0 ListedInSceneOutliner:1 IsMainWorldOnly:1
 |   |   |- Guid:870DB2A040A09F4F1EA94DA42927EB1B BaseClass: NativeClass:/Script/Engine.StaticMeshActor Name:StaticMeshActor_UAID_74563C18ECEC532F02_2032016859 Label:Modular_dach_balken_5 SpatiallyLoaded:1 Bounds:IsValid=true, Min=(X=1826.838 Y=489.866 Z=516.393), Max=(X=2145.735 Y=528.134 Z=552.535) RuntimeGrid:None EditorOnly:0 RuntimeOnly:0 HLODRelevant:1 ListedInSceneOutliner:1 IsMainWorldOnly:0
 |   |   |- Guid:8F697A884F7B56BD387E93B74E233766 BaseClass: NativeClass:/Script/Engine.StaticMeshActor Name:StaticMeshActor_UAID_74563C18ECEC532F02_1369206849 Label:Modular_wand_schraeg_3 SpatiallyLoaded:1 Bounds:IsValid=true, Min=(X=677.104 Y=510.816 Z=8.995), Max=(X=1410.896 Y=924.902 Z=544.489) RuntimeGrid:None EditorOnly:0 RuntimeOnly:0 HLODRelevant:1 ListedInSceneOutliner:1 IsMainWorldOnly:0
 |   |   |- Guid:911711A541121EB5128A0AA80BEF3C48 BaseClass: NativeClass:/Script/Engine.StaticMeshActor Name:StaticMeshActor_UAID_74563C18ECEC522F02_2022679668 Label:Modular_wand_gerade_1 SpatiallyLoaded:1 Bounds:IsValid=true, Min=(X=2086.000 Y=119.140 Z=9.169), Max=(X=2090.252 Y=904.890 Z=518.971) RuntimeGrid:None EditorOnly:0 RuntimeOnly:0 HLODRelevant:1 ListedInSceneOutliner:1 IsMainWorldOnly:0
 |   |   |- Guid:93880E7042E1CA37E5A2C28C99E6817A BaseClass: NativeClass:/Script/Engine.StaticMeshActor Name:StaticMeshActor_UAID_74563C18ECEC532F02_1798384855 Label:Modular_dach_balken_2 SpatiallyLoaded:1 Bounds:IsValid=true, Min=(X=1193.653 Y=489.866 Z=467.393), Max=(X=1512.550 Y=528.134 Z=503.535) RuntimeGrid:None EditorOnly:0 RuntimeOnly:0 HLODRelevant:1 ListedInSceneOutliner:1 IsMainWorldOnly:0
 |   |   |- Guid:A1B52B1E44C967874F3BA39BD61480D7 BaseClass: NativeClass:/Script/Engine.StaticMeshActor Name:StaticMeshActor_UAID_74563C18ECEC532F02_1369204848 Label:Modular_wand_schraeg_2 SpatiallyLoaded:1 Bounds:IsValid=true, Min=(X=1407.104 Y=510.816 Z=8.995), Max=(X=2140.896 Y=924.902 Z=544.489) RuntimeGrid:None EditorOnly:0 RuntimeOnly:0 HLODRelevant:1 ListedInSceneOutliner:1 IsMainWorldOnly:0
 |   |   |- Guid:A354B1B24E617A525DC6B48CCDE2417E BaseClass: NativeClass:/Script/Engine.PlayerStart Name:PlayerStart_0 Label:PlayerStart SpatiallyLoaded:0 Bounds:IsValid=true, Min=(X=1475.000 Y=385.000 Z=29.013), Max=(X=1555.000 Y=465.000 Z=213.013) RuntimeGrid:None EditorOnly:0 RuntimeOnly:0 HLODRelevant:0 ListedInSceneOutliner:1 IsMainWorldOnly:0
 |   |   |- Guid:A696DC234C6231419C402A8474900D3D BaseClass: NativeClass:/Script/Engine.StaticMeshActor Name:StaticMeshActor_UAID_74563C18ECEC522F02_2022677667 Label:Modular_balken_mitte_1 SpatiallyLoaded:1 Bounds:IsValid=true, Min=(X=2053.307 Y=94.720 Z=11.920), Max=(X=2086.693 Y=918.110 Z=551.047) RuntimeGrid:None EditorOnly:0 RuntimeOnly:0 HLODRelevant:1 ListedInSceneOutliner:1 IsMainWorldOnly:0
 |   |   |- Guid:AA51CAFB43D142F9CA4EF98E7F0C91D4 BaseClass: NativeClass:/Script/Engine.StaticMeshActor Name:StaticMeshActor_UAID_74563C18ECEC532F02_1536004852 Label:Modular_Balken_rand_wand_1 SpatiallyLoaded:1 Bounds:IsValid=true, Min=(X=1073.150 Y=92.317 Z=0.929), Max=(X=1106.850 Y=923.475 Z=545.142) RuntimeGrid:None EditorOnly:0 RuntimeOnly:0 HLODRelevant:1 ListedInSceneOutliner:1 IsMainWorldOnly:0
 |   |   |- Guid:B8A8E1D14E0B5F1AC5A68198BC04125D BaseClass: NativeClass:/Script/Engine.SkyAtmosphere Name:SkyAtmosphere_UAID_74563C18ECEC512F02_1907443394 Label:SkyAtmosphere SpatiallyLoaded:0 Bounds:IsValid=true, Min=(X=450.000 Y=170.000 Z=610.000), Max=(X=450.000 Y=170.000 Z=610.000) RuntimeGrid:None EditorOnly:0 RuntimeOnly:0 HLODRelevant:0 ListedInSceneOutliner:1 IsMainWorldOnly:0
 |   |   |- Guid:B926FEEF404720C88763DCBA6D4EB13D BaseClass: NativeClass:/Script/Engine.LocalFogVolume Name:LocalFogVolume_UAID_74563C18ECEC512F02_1913832397 Label:LocalFogVolume SpatiallyLoaded:0 Bounds:IsValid=true, Min=(X=430.000 Y=-180.000 Z=620.000), Max=(X=430.000 Y=-180.000 Z=620.000) RuntimeGrid:None EditorOnly:0 RuntimeOnly:0 HLODRelevant:0 ListedInSceneOutliner:1 IsMainWorldOnly:0
 |   |   |- Guid:BA311FDD458C54AB62D44A87C2D7E893 BaseClass: NativeClass:/Script/Engine.StaticMeshActor Name:StaticMeshActor_UAID_74563C18ECEC532F02_2032020863 Label:Modular_dach_balken_9 SpatiallyLoaded:1 Bounds:IsValid=true, Min=(X=561.549 Y=489.866 Z=516.393), Max=(X=880.446 Y=528.134 Z=552.535) RuntimeGrid:None EditorOnly:0 RuntimeOnly:0 HLODRelevant:1 ListedInSceneOutliner:1 IsMainWorldOnly:0
 |   |   |- Guid:BCBE6DF048FCB2C17A91118FE142CE4D BaseClass: NativeClass:/Script/Engine.PostProcessVolume Name:PostProcessVolume_UAID_74563C18ECEC512F02_1456821386 Label:PostProcessVolume SpatiallyLoaded:0 Bounds:IsValid=true, Min=(X=-1705.000 Y=-1250.000 Z=150.000), Max=(X=2345.000 Y=2650.000 Z=1450.000) RuntimeGrid:None EditorOnly:0 RuntimeOnly:0 HLODRelevant:0 ListedInSceneOutliner:1 IsMainWorldOnly:0
 |   |   |- Guid:C1A93B8548A066C9BFF7E487AA6426B1 BaseClass: NativeClass:/Script/Engine.StaticMeshActor Name:StaticMeshActor_UAID_74563C18ECEC532F02_1184868847 Label:Modular_wand_schraeg_1 SpatiallyLoaded:1 Bounds:IsValid=true, Min=(X=1387.104 Y=80.098 Z=3.995), Max=(X=2120.896 Y=494.184 Z=539.489) RuntimeGrid:None EditorOnly:0 RuntimeOnly:0 HLODRelevant:1 ListedInSceneOutliner:1 IsMainWorldOnly:0
 |   |   |- Guid:C717A0C34958DA49C799378CBE36FB45 BaseClass:/Game/BP/BP_Boden.BP_Boden_C NativeClass:/Script/Engine.Actor Name:BP_Boden_C_UAID_74563C18ECEC542F02_1421162056 Label:BP_Boden15 SpatiallyLoaded:1 Bounds:IsValid=true, Min=(X=621.078 Y=48.089 Z=-15.833), Max=(X=919.222 Y=360.125 Z=12.953) RuntimeGrid:None EditorOnly:0 RuntimeOnly:0 HLODRelevant:0 ListedInSceneOutliner:1 IsMainWorldOnly:0
 |   |   |- Guid:D34F666F4421530C6D2068A27EC7A239 BaseClass: NativeClass:/Script/Engine.StaticMeshActor Name:StaticMeshActor_UAID_74563C18ECEC532F02_1651309853 Label:Modular_dach_balken_000 SpatiallyLoaded:1 Bounds:IsValid=true, Min=(X=1826.838 Y=489.866 Z=467.393), Max=(X=2145.735 Y=528.134 Z=503.535) RuntimeGrid:None EditorOnly:0 RuntimeOnly:0 HLODRelevant:1 ListedInSceneOutliner:1 IsMainWorldOnly:0
 |   |   |- Guid:D3BF92104E9168184A550991CF20758B BaseClass: NativeClass:/Script/Engine.ExponentialHeightFog Name:ExponentialHeightFog_UAID_74563C18ECEC512F02_1912208396 Label:ExponentialHeightFog SpatiallyLoaded:0 Bounds:IsValid=true, Min=(X=440.000 Y=-100.000 Z=530.000), Max=(X=440.000 Y=-100.000 Z=530.000) RuntimeGrid:None EditorOnly:0 RuntimeOnly:0 HLODRelevant:0 ListedInSceneOutliner:1 IsMainWorldOnly:0
 |   |   |- Guid:D3E7B84545C35189C159F2B6FE42725C BaseClass:/Game/BP/BP_Boden.BP_Boden_C NativeClass:/Script/Engine.Actor Name:BP_Boden_C_UAID_74563C18ECEC542F02_1338332046 Label:BP_Boden5 SpatiallyLoaded:1 Bounds:IsValid=true, Min=(X=1804.202 Y=638.120 Z=-15.833), Max=(X=2102.347 Y=950.156 Z=12.953) RuntimeGrid:None EditorOnly:0 RuntimeOnly:0 HLODRelevant:0 ListedInSceneOutliner:1 IsMainWorldOnly:0
 |   |   |- Guid:D42210254D1A9182F03ACAB76AA386CA BaseClass: NativeClass:/Script/Engine.StaticMeshActor Name:StaticMeshActor_UAID_74563C18ECEC532F02_1847601858 Label:Modular_dach_balken_4 SpatiallyLoaded:1 Bounds:IsValid=true, Min=(X=561.549 Y=489.866 Z=467.393), Max=(X=880.446 Y=528.134 Z=503.535) RuntimeGrid:None EditorOnly:0 RuntimeOnly:0 HLODRelevant:1 ListedInSceneOutliner:1 IsMainWorldOnly:0
 |   |   |- Guid:D53DDCFE4DD1941E5081EB828E17246B BaseClass: NativeClass:/Script/Engine.PointLight Name:PointLight_UAID_74563C18ECEC592F02_1940054944 Label:PointLight3 SpatiallyLoaded:1 Bounds:IsValid=true, Min=(X=-1072.588 Y=-1893.588 Z=-1681.588), Max=(X=4060.588 Y=3239.588 Z=3451.588) RuntimeGrid:None EditorOnly:0 RuntimeOnly:0 HLODRelevant:0 ListedInSceneOutliner:1 IsMainWorldOnly:0
 |   |   |- Guid:D6C0BCE942B71B0FDE7750831CCE0B60 BaseClass:/Game/BP/BP_Boden.BP_Boden_C NativeClass:/Script/Engine.Actor Name:BP_Boden_C_UAID_74563C18ECEC542F02_1406660055 Label:BP_Boden14 SpatiallyLoaded:1 Bounds:IsValid=true, Min=(X=917.078 Y=638.120 Z=-15.833), Max=(X=1215.222 Y=950.156 Z=12.953) RuntimeGrid:None EditorOnly:0 RuntimeOnly:0 HLODRelevant:0 ListedInSceneOutliner:1 IsMainWorldOnly:0
 |   |   |- Guid:DC9597BA455A3799B83F7D943832422A BaseClass: NativeClass:/Script/Engine.StaticMeshActor Name:StaticMeshActor_UAID_74563C18ECEC522F02_1882088665 Label:Modular_wand_gerade_000 SpatiallyLoaded:1 Bounds:IsValid=true, Min=(X=671.748 Y=110.110 Z=9.169), Max=(X=676.000 Y=895.860 Z=518.971) RuntimeGrid:None EditorOnly:0 RuntimeOnly:0 HLODRelevant:1 ListedInSceneOutliner:1 IsMainWorldOnly:0
 |   |   |- Guid:DCB23AD046239E11E8666081E274C8E6 BaseClass:/Game/BP/BP_Boden.BP_Boden_C NativeClass:/Script/Engine.Actor Name:BP_Boden_C_UAID_74563C18ECEC542F02_1314389045 Label:BP_Boden4 SpatiallyLoaded:1 Bounds:IsValid=true, Min=(X=1803.202 Y=342.646 Z=-15.833), Max=(X=2101.347 Y=654.682 Z=12.953) RuntimeGrid:None EditorOnly:0 RuntimeOnly:0 HLODRelevant:0 ListedInSceneOutliner:1 IsMainWorldOnly:0
 |   |   |- Guid:DF630CC8481E52C7B569A78DB267850F BaseClass:/Game/BP/BP_Boden.BP_Boden_C NativeClass:/Script/Engine.Actor Name:BP_Boden_C_UAID_74563C18ECEC542F02_1421165058 Label:BP_Boden17 SpatiallyLoaded:1 Bounds:IsValid=true, Min=(X=621.078 Y=638.120 Z=-15.833), Max=(X=919.222 Y=950.156 Z=12.953) RuntimeGrid:None EditorOnly:0 RuntimeOnly:0 HLODRelevant:0 ListedInSceneOutliner:1 IsMainWorldOnly:0
 |   |   |- Guid:E3FB46B04E432A57776776996D0A698F BaseClass: NativeClass:/Script/Engine.StaticMeshActor Name:StaticMeshActor_UAID_74563C18ECEC532F02_1847598857 Label:Modular_dach_balken_3 SpatiallyLoaded:1 Bounds:IsValid=true, Min=(X=874.580 Y=489.866 Z=467.393), Max=(X=1193.478 Y=528.134 Z=503.535) RuntimeGrid:None EditorOnly:0 RuntimeOnly:0 HLODRelevant:1 ListedInSceneOutliner:1 IsMainWorldOnly:0
 |   |   |- Guid:ED37F4D94E55495BE147C9A995897974 BaseClass: NativeClass:/Script/Engine.StaticMeshActor Name:StaticMeshActor_UAID_74563C18ECEC532F02_1791047854 Label:Modular_dach_balken_1 SpatiallyLoaded:1 Bounds:IsValid=true, Min=(X=1507.684 Y=489.866 Z=467.393), Max=(X=1826.582 Y=528.134 Z=503.535) RuntimeGrid:None EditorOnly:0 RuntimeOnly:0 HLODRelevant:1 ListedInSceneOutliner:1 IsMainWorldOnly:0
 |   |   |- Guid:EE66F4454A4A9F99393F559AB739C05E BaseClass:/Game/FirstPerson/Blueprints/BP_Pickup_Rifle.BP_Pickup_Rifle_C NativeClass:/Script/Engine.Actor Name:BP_Rifle_C_1 Label:BP_Pickup_Rifle SpatiallyLoaded:1 Bounds:IsValid=true, Min=(X=1378.000 Y=818.000 Z=64.000), Max=(X=1442.000 Y=907.440 Z=128.000) RuntimeGrid:None EditorOnly:0 RuntimeOnly:0 HLODRelevant:0 ListedInSceneOutliner:1 IsMainWorldOnly:0
 |   |   |- Guid:F3A629A847D1F436FB10B3A8C334E1D8 BaseClass:/Game/BP/BP_Boden.BP_Boden_C NativeClass:/Script/Engine.Actor Name:BP_Boden_C_UAID_74563C18ECEC542F02_1406656051 Label:BP_Boden10 SpatiallyLoaded:1 Bounds:IsValid=true, Min=(X=1212.202 Y=342.646 Z=-15.833), Max=(X=1510.347 Y=654.682 Z=12.953) RuntimeGrid:None EditorOnly:0 RuntimeOnly:0 HLODRelevant:0 ListedInSceneOutliner:1 IsMainWorldOnly:0
 |   |   |- Guid:FC91969A438602818F40998A8651391E BaseClass: NativeClass:/Script/Engine.StaticMeshActor Name:StaticMeshActor_UAID_74563C18ECEC532F02_2032019862 Label:Modular_dach_balken_8 SpatiallyLoaded:1 Bounds:IsValid=true, Min=(X=874.580 Y=489.866 Z=516.393), Max=(X=1193.478 Y=528.134 Z=552.535) RuntimeGrid:None EditorOnly:0 RuntimeOnly:0 HLODRelevant:1 ListedInSceneOutliner:1 IsMainWorldOnly:0
 |   |- [+] Clusters:
 |   |   |- [+] [  0]
 |   |   |   |- Guid:025188EE4F5090DC782E3FA63AA77E13 BaseClass: NativeClass:/Script/Engine.StaticMeshActor Name:StaticMeshActor_UAID_74563C18ECEC532F02_2032019861 Label:Modular_dach_balken_7 SpatiallyLoaded:1 Bounds:IsValid=true, Min=(X=1193.653 Y=489.866 Z=516.393), Max=(X=1512.550 Y=528.134 Z=552.535) RuntimeGrid:None EditorOnly:0 RuntimeOnly:0 HLODRelevant:1 ListedInSceneOutliner:1 IsMainWorldOnly:0
 |   |   |- [+] [  1]
 |   |   |   |- Guid:066E60B04F25191600D802AF20A233AF BaseClass:/Game/BP/BP_Boden.BP_Boden_C NativeClass:/Script/Engine.Actor Name:BP_Boden_C_UAID_74563C18ECEC542F02_1421164057 Label:BP_Boden16 SpatiallyLoaded:1 Bounds:IsValid=true, Min=(X=621.078 Y=342.646 Z=-15.833), Max=(X=919.222 Y=654.682 Z=12.953) RuntimeGrid:None EditorOnly:0 RuntimeOnly:0 HLODRelevant:0 ListedInSceneOutliner:1 IsMainWorldOnly:0
 |   |   |- [+] [  2]
 |   |   |   |- Guid:0E4946AD4CB39300941C3BB96C216AD7 BaseClass:/Game/BP/BP_Boden.BP_Boden_C NativeClass:/Script/Engine.Actor Name:BP_Boden_C_UAID_74563C18ECEC542F02_1406659054 Label:BP_Boden13 SpatiallyLoaded:1 Bounds:IsValid=true, Min=(X=917.078 Y=342.646 Z=-15.833), Max=(X=1215.222 Y=654.682 Z=12.953) RuntimeGrid:None EditorOnly:0 RuntimeOnly:0 HLODRelevant:0 ListedInSceneOutliner:1 IsMainWorldOnly:0
 |   |   |- [+] [  3]
 |   |   |   |- Guid:1098A1574FB36520AFF98AAE0765F91B BaseClass:/Game/BP/BP_Boden.BP_Boden_C NativeClass:/Script/Engine.Actor Name:BP_Boden_C_UAID_74563C18ECEC542F02_1376877048 Label:BP_Boden7 SpatiallyLoaded:1 Bounds:IsValid=true, Min=(X=1508.078 Y=342.646 Z=-15.833), Max=(X=1806.222 Y=654.682 Z=12.953) RuntimeGrid:None EditorOnly:0 RuntimeOnly:0 HLODRelevant:0 ListedInSceneOutliner:1 IsMainWorldOnly:0
 |   |   |- [+] [  4]
 |   |   |   |- Guid:1679165547FF34DC9EA6BBAB280DB3CB BaseClass:/Game/BP/BP_Boden.BP_Boden_C NativeClass:/Script/Engine.Actor Name:BP_Boden_C_UAID_74563C18ECEC542F02_1406657052 Label:BP_Boden11 SpatiallyLoaded:1 Bounds:IsValid=true, Min=(X=1213.202 Y=638.120 Z=-15.833), Max=(X=1511.347 Y=950.156 Z=12.953) RuntimeGrid:None EditorOnly:0 RuntimeOnly:0 HLODRelevant:0 ListedInSceneOutliner:1 IsMainWorldOnly:0
 |   |   |- [+] [  5]
 |   |   |   |- Guid:1941E2E2470B29B65029748ED15012FC BaseClass:/Game/BP/BP_Boden.BP_Boden_C NativeClass:/Script/Engine.Actor Name:BP_Boden_C_UAID_74563C18ECEC542F02_1376878049 Label:BP_Boden8 SpatiallyLoaded:1 Bounds:IsValid=true, Min=(X=1508.078 Y=638.120 Z=-15.833), Max=(X=1806.222 Y=950.156 Z=12.953) RuntimeGrid:None EditorOnly:0 RuntimeOnly:0 HLODRelevant:0 ListedInSceneOutliner:1 IsMainWorldOnly:0
 |   |   |- [+] [  6]
 |   |   |   |- Guid:25CA18DA497931693A1610AA13F97638 BaseClass: NativeClass:/Script/Engine.StaticMeshActor Name:StaticMeshActor_UAID_74563C18ECEC532F02_1454324851 Label:Modular_Balken_rand_wand_000 SpatiallyLoaded:1 Bounds:IsValid=true, Min=(X=1583.150 Y=92.317 Z=0.929), Max=(X=1616.850 Y=923.475 Z=545.142) RuntimeGrid:None EditorOnly:0 RuntimeOnly:0 HLODRelevant:1 ListedInSceneOutliner:1 IsMainWorldOnly:0
 |   |   |- [+] [  7]
 |   |   |   |- Guid:37C9FD534BCB284DE6C7F0A235CB00E9 BaseClass: NativeClass:/Script/Engine.StaticMeshActor Name:StaticMeshActor_UAID_74563C18ECEC532F02_1077155846 Label:Modular_wand_schraeg_000 SpatiallyLoaded:1 Bounds:IsValid=true, Min=(X=657.104 Y=80.098 Z=3.995), Max=(X=1390.896 Y=494.184 Z=539.489) RuntimeGrid:None EditorOnly:0 RuntimeOnly:0 HLODRelevant:1 ListedInSceneOutliner:1 IsMainWorldOnly:0
 |   |   |- [+] [  8]
 |   |   |   |- Guid:3B934C8B4900011328DC1CA9CE9F41EF BaseClass: NativeClass:/Script/Engine.StaticMeshActor Name:StaticMeshActor_UAID_74563C18ECEC532F02_2032018860 Label:Modular_dach_balken_6 SpatiallyLoaded:1 Bounds:IsValid=true, Min=(X=1507.684 Y=489.866 Z=516.393), Max=(X=1826.582 Y=528.134 Z=552.535) RuntimeGrid:None EditorOnly:0 RuntimeOnly:0 HLODRelevant:1 ListedInSceneOutliner:1 IsMainWorldOnly:0
 |   |   |- [+] [  9]
 |   |   |   |- Guid:41369A744E0421992FEFCCABDC74EAF3 BaseClass:/Game/BP/BP_Boden.BP_Boden_C NativeClass:/Script/Engine.Actor Name:BP_Boden_C_UAID_74563C18ECEC542F02_1406658053 Label:BP_Boden12 SpatiallyLoaded:1 Bounds:IsValid=true, Min=(X=917.078 Y=48.089 Z=-15.833), Max=(X=1215.222 Y=360.125 Z=12.953) RuntimeGrid:None EditorOnly:0 RuntimeOnly:0 HLODRelevant:0 ListedInSceneOutliner:1 IsMainWorldOnly:0
 |   |   |- [+] [ 10]
 |   |   |   |- Guid:4748BAFB4FA1ADB80B4815923749BC0A BaseClass:/Game/BP/BP_Boden.BP_Boden_C NativeClass:/Script/Engine.Actor Name:BP_Boden_C_UAID_74563C18ECEC542F02_1406654050 Label:BP_Boden9 SpatiallyLoaded:1 Bounds:IsValid=true, Min=(X=1212.202 Y=48.089 Z=-15.833), Max=(X=1510.347 Y=360.125 Z=12.953) RuntimeGrid:None EditorOnly:0 RuntimeOnly:0 HLODRelevant:0 ListedInSceneOutliner:1 IsMainWorldOnly:0
 |   |   |- [+] [ 11]
 |   |   |   |- Guid:489BA8E74F6044FACCCDB4B21D74A6D1 BaseClass: NativeClass:/Script/Engine.StaticMeshActor Name:StaticMeshActor_UAID_74563C18ECEC522F02_2102693669 Label:Modular_balken_mitte_2 SpatiallyLoaded:1 Bounds:IsValid=true, Min=(X=673.307 Y=94.720 Z=11.920), Max=(X=706.693 Y=918.110 Z=551.047) RuntimeGrid:None EditorOnly:0 RuntimeOnly:0 HLODRelevant:1 ListedInSceneOutliner:1 IsMainWorldOnly:0
 |   |   |- [+] [ 12]
 |   |   |   |- Guid:637D63984DC9F0E64E14DC9C1D615C72 BaseClass:/Game/BP/BP_Boden.BP_Boden_C NativeClass:/Script/Engine.Actor Name:BP_Boden_C_UAID_74563C18ECEC542F02_1242300043 Label:BP_Boden3 SpatiallyLoaded:1 Bounds:IsValid=true, Min=(X=1803.202 Y=48.089 Z=-15.833), Max=(X=2101.347 Y=360.125 Z=12.953) RuntimeGrid:None EditorOnly:0 RuntimeOnly:0 HLODRelevant:0 ListedInSceneOutliner:1 IsMainWorldOnly:0
 |   |   |- [+] [ 13]
 |   |   |   |- Guid:6751A6CD435C5C98DF7DE8BE302E610D BaseClass:/Game/BP/BP_Boden.BP_Boden_C NativeClass:/Script/Engine.Actor Name:BP_Boden_C_UAID_74563C18ECEC542F02_1376875047 Label:BP_Boden6 SpatiallyLoaded:1 Bounds:IsValid=true, Min=(X=1508.078 Y=48.089 Z=-15.833), Max=(X=1806.222 Y=360.125 Z=12.953) RuntimeGrid:None EditorOnly:0 RuntimeOnly:0 HLODRelevant:0 ListedInSceneOutliner:1 IsMainWorldOnly:0
 |   |   |- [+] [ 14]
 |   |   |   |- Guid:6F1BA9C541C4F26579EE1992A4F4DED9 BaseClass: NativeClass:/Script/Engine.SpotLight Name:SpotLight_UAID_74563C18ECEC592F02_2013410945 Label:SpotLight SpatiallyLoaded:1 Bounds:IsValid=true, Min=(X=463.155 Y=68.534 Z=-394.249), Max=(X=1350.845 Y=956.223 Z=493.441) RuntimeGrid:None EditorOnly:0 RuntimeOnly:0 HLODRelevant:0 ListedInSceneOutliner:1 IsMainWorldOnly:0
 |   |   |- [+] [ 15]
 |   |   |   |- Guid:6FEFB3BD4EB37B849EF0D4AC80F83855 BaseClass: NativeClass:/Script/Engine.WorldDataLayers Name:WorldDataLayers Label:WorldDataLayers SpatiallyLoaded:0 Bounds:IsValid=true, Min=(X=0.000 Y=0.000 Z=0.000), Max=(X=0.000 Y=0.000 Z=0.000) RuntimeGrid:None EditorOnly:0 RuntimeOnly:0 HLODRelevant:0 ListedInSceneOutliner:1 IsMainWorldOnly:1
 |   |   |- [+] [ 16]
 |   |   |   |- Guid:870DB2A040A09F4F1EA94DA42927EB1B BaseClass: NativeClass:/Script/Engine.StaticMeshActor Name:StaticMeshActor_UAID_74563C18ECEC532F02_2032016859 Label:Modular_dach_balken_5 SpatiallyLoaded:1 Bounds:IsValid=true, Min=(X=1826.838 Y=489.866 Z=516.393), Max=(X=2145.735 Y=528.134 Z=552.535) RuntimeGrid:None EditorOnly:0 RuntimeOnly:0 HLODRelevant:1 ListedInSceneOutliner:1 IsMainWorldOnly:0
 |   |   |- [+] [ 17]
 |   |   |   |- Guid:8F697A884F7B56BD387E93B74E233766 BaseClass: NativeClass:/Script/Engine.StaticMeshActor Name:StaticMeshActor_UAID_74563C18ECEC532F02_1369206849 Label:Modular_wand_schraeg_3 SpatiallyLoaded:1 Bounds:IsValid=true, Min=(X=677.104 Y=510.816 Z=8.995), Max=(X=1410.896 Y=924.902 Z=544.489) RuntimeGrid:None EditorOnly:0 RuntimeOnly:0 HLODRelevant:1 ListedInSceneOutliner:1 IsMainWorldOnly:0
 |   |   |- [+] [ 18]
 |   |   |   |- Guid:911711A541121EB5128A0AA80BEF3C48 BaseClass: NativeClass:/Script/Engine.StaticMeshActor Name:StaticMeshActor_UAID_74563C18ECEC522F02_2022679668 Label:Modular_wand_gerade_1 SpatiallyLoaded:1 Bounds:IsValid=true, Min=(X=2086.000 Y=119.140 Z=9.169), Max=(X=2090.252 Y=904.890 Z=518.971) RuntimeGrid:None EditorOnly:0 RuntimeOnly:0 HLODRelevant:1 ListedInSceneOutliner:1 IsMainWorldOnly:0
 |   |   |- [+] [ 19]
 |   |   |   |- Guid:93880E7042E1CA37E5A2C28C99E6817A BaseClass: NativeClass:/Script/Engine.StaticMeshActor Name:StaticMeshActor_UAID_74563C18ECEC532F02_1798384855 Label:Modular_dach_balken_2 SpatiallyLoaded:1 Bounds:IsValid=true, Min=(X=1193.653 Y=489.866 Z=467.393), Max=(X=1512.550 Y=528.134 Z=503.535) RuntimeGrid:None EditorOnly:0 RuntimeOnly:0 HLODRelevant:1 ListedInSceneOutliner:1 IsMainWorldOnly:0
 |   |   |- [+] [ 20]
 |   |   |   |- Guid:A1B52B1E44C967874F3BA39BD61480D7 BaseClass: NativeClass:/Script/Engine.StaticMeshActor Name:StaticMeshActor_UAID_74563C18ECEC532F02_1369204848 Label:Modular_wand_schraeg_2 SpatiallyLoaded:1 Bounds:IsValid=true, Min=(X=1407.104 Y=510.816 Z=8.995), Max=(X=2140.896 Y=924.902 Z=544.489) RuntimeGrid:None EditorOnly:0 RuntimeOnly:0 HLODRelevant:1 ListedInSceneOutliner:1 IsMainWorldOnly:0
 |   |   |- [+] [ 21]
 |   |   |   |- Guid:A354B1B24E617A525DC6B48CCDE2417E BaseClass: NativeClass:/Script/Engine.PlayerStart Name:PlayerStart_0 Label:PlayerStart SpatiallyLoaded:0 Bounds:IsValid=true, Min=(X=1475.000 Y=385.000 Z=29.013), Max=(X=1555.000 Y=465.000 Z=213.013) RuntimeGrid:None EditorOnly:0 RuntimeOnly:0 HLODRelevant:0 ListedInSceneOutliner:1 IsMainWorldOnly:0
 |   |   |- [+] [ 22]
 |   |   |   |- Guid:A696DC234C6231419C402A8474900D3D BaseClass: NativeClass:/Script/Engine.StaticMeshActor Name:StaticMeshActor_UAID_74563C18ECEC522F02_2022677667 Label:Modular_balken_mitte_1 SpatiallyLoaded:1 Bounds:IsValid=true, Min=(X=2053.307 Y=94.720 Z=11.920), Max=(X=2086.693 Y=918.110 Z=551.047) RuntimeGrid:None EditorOnly:0 RuntimeOnly:0 HLODRelevant:1 ListedInSceneOutliner:1 IsMainWorldOnly:0
 |   |   |- [+] [ 23]
 |   |   |   |- Guid:AA51CAFB43D142F9CA4EF98E7F0C91D4 BaseClass: NativeClass:/Script/Engine.StaticMeshActor Name:StaticMeshActor_UAID_74563C18ECEC532F02_1536004852 Label:Modular_Balken_rand_wand_1 SpatiallyLoaded:1 Bounds:IsValid=true, Min=(X=1073.150 Y=92.317 Z=0.929), Max=(X=1106.850 Y=923.475 Z=545.142) RuntimeGrid:None EditorOnly:0 RuntimeOnly:0 HLODRelevant:1 ListedInSceneOutliner:1 IsMainWorldOnly:0
 |   |   |- [+] [ 24]
 |   |   |   |- Guid:B8A8E1D14E0B5F1AC5A68198BC04125D BaseClass: NativeClass:/Script/Engine.SkyAtmosphere Name:SkyAtmosphere_UAID_74563C18ECEC512F02_1907443394 Label:SkyAtmosphere SpatiallyLoaded:0 Bounds:IsValid=true, Min=(X=450.000 Y=170.000 Z=610.000), Max=(X=450.000 Y=170.000 Z=610.000) RuntimeGrid:None EditorOnly:0 RuntimeOnly:0 HLODRelevant:0 ListedInSceneOutliner:1 IsMainWorldOnly:0
 |   |   |- [+] [ 25]
 |   |   |   |- Guid:B926FEEF404720C88763DCBA6D4EB13D BaseClass: NativeClass:/Script/Engine.LocalFogVolume Name:LocalFogVolume_UAID_74563C18ECEC512F02_1913832397 Label:LocalFogVolume SpatiallyLoaded:0 Bounds:IsValid=true, Min=(X=430.000 Y=-180.000 Z=620.000), Max=(X=430.000 Y=-180.000 Z=620.000) RuntimeGrid:None EditorOnly:0 RuntimeOnly:0 HLODRelevant:0 ListedInSceneOutliner:1 IsMainWorldOnly:0
 |   |   |- [+] [ 26]
 |   |   |   |- Guid:BA311FDD458C54AB62D44A87C2D7E893 BaseClass: NativeClass:/Script/Engine.StaticMeshActor Name:StaticMeshActor_UAID_74563C18ECEC532F02_2032020863 Label:Modular_dach_balken_9 SpatiallyLoaded:1 Bounds:IsValid=true, Min=(X=561.549 Y=489.866 Z=516.393), Max=(X=880.446 Y=528.134 Z=552.535) RuntimeGrid:None EditorOnly:0 RuntimeOnly:0 HLODRelevant:1 ListedInSceneOutliner:1 IsMainWorldOnly:0
 |   |   |- [+] [ 27]
 |   |   |   |- Guid:BCBE6DF048FCB2C17A91118FE142CE4D BaseClass: NativeClass:/Script/Engine.PostProcessVolume Name:PostProcessVolume_UAID_74563C18ECEC512F02_1456821386 Label:PostProcessVolume SpatiallyLoaded:0 Bounds:IsValid=true, Min=(X=-1705.000 Y=-1250.000 Z=150.000), Max=(X=2345.000 Y=2650.000 Z=1450.000) RuntimeGrid:None EditorOnly:0 RuntimeOnly:0 HLODRelevant:0 ListedInSceneOutliner:1 IsMainWorldOnly:0
 |   |   |- [+] [ 28]
 |   |   |   |- Guid:C1A93B8548A066C9BFF7E487AA6426B1 BaseClass: NativeClass:/Script/Engine.StaticMeshActor Name:StaticMeshActor_UAID_74563C18ECEC532F02_1184868847 Label:Modular_wand_schraeg_1 SpatiallyLoaded:1 Bounds:IsValid=true, Min=(X=1387.104 Y=80.098 Z=3.995), Max=(X=2120.896 Y=494.184 Z=539.489) RuntimeGrid:None EditorOnly:0 RuntimeOnly:0 HLODRelevant:1 ListedInSceneOutliner:1 IsMainWorldOnly:0
 |   |   |- [+] [ 29]
 |   |   |   |- Guid:C717A0C34958DA49C799378CBE36FB45 BaseClass:/Game/BP/BP_Boden.BP_Boden_C NativeClass:/Script/Engine.Actor Name:BP_Boden_C_UAID_74563C18ECEC542F02_1421162056 Label:BP_Boden15 SpatiallyLoaded:1 Bounds:IsValid=true, Min=(X=621.078 Y=48.089 Z=-15.833), Max=(X=919.222 Y=360.125 Z=12.953) RuntimeGrid:None EditorOnly:0 RuntimeOnly:0 HLODRelevant:0 ListedInSceneOutliner:1 IsMainWorldOnly:0
 |   |   |- [+] [ 30]
 |   |   |   |- Guid:D34F666F4421530C6D2068A27EC7A239 BaseClass: NativeClass:/Script/Engine.StaticMeshActor Name:StaticMeshActor_UAID_74563C18ECEC532F02_1651309853 Label:Modular_dach_balken_000 SpatiallyLoaded:1 Bounds:IsValid=true, Min=(X=1826.838 Y=489.866 Z=467.393), Max=(X=2145.735 Y=528.134 Z=503.535) RuntimeGrid:None EditorOnly:0 RuntimeOnly:0 HLODRelevant:1 ListedInSceneOutliner:1 IsMainWorldOnly:0
 |   |   |- [+] [ 31]
 |   |   |   |- Guid:D3BF92104E9168184A550991CF20758B BaseClass: NativeClass:/Script/Engine.ExponentialHeightFog Name:ExponentialHeightFog_UAID_74563C18ECEC512F02_1912208396 Label:ExponentialHeightFog SpatiallyLoaded:0 Bounds:IsValid=true, Min=(X=440.000 Y=-100.000 Z=530.000), Max=(X=440.000 Y=-100.000 Z=530.000) RuntimeGrid:None EditorOnly:0 RuntimeOnly:0 HLODRelevant:0 ListedInSceneOutliner:1 IsMainWorldOnly:0
 |   |   |- [+] [ 32]
 |   |   |   |- Guid:D3E7B84545C35189C159F2B6FE42725C BaseClass:/Game/BP/BP_Boden.BP_Boden_C NativeClass:/Script/Engine.Actor Name:BP_Boden_C_UAID_74563C18ECEC542F02_1338332046 Label:BP_Boden5 SpatiallyLoaded:1 Bounds:IsValid=true, Min=(X=1804.202 Y=638.120 Z=-15.833), Max=(X=2102.347 Y=950.156 Z=12.953) RuntimeGrid:None EditorOnly:0 RuntimeOnly:0 HLODRelevant:0 ListedInSceneOutliner:1 IsMainWorldOnly:0
 |   |   |- [+] [ 33]
 |   |   |   |- Guid:D42210254D1A9182F03ACAB76AA386CA BaseClass: NativeClass:/Script/Engine.StaticMeshActor Name:StaticMeshActor_UAID_74563C18ECEC532F02_1847601858 Label:Modular_dach_balken_4 SpatiallyLoaded:1 Bounds:IsValid=true, Min=(X=561.549 Y=489.866 Z=467.393), Max=(X=880.446 Y=528.134 Z=503.535) RuntimeGrid:None EditorOnly:0 RuntimeOnly:0 HLODRelevant:1 ListedInSceneOutliner:1 IsMainWorldOnly:0
 |   |   |- [+] [ 34]
 |   |   |   |- Guid:D53DDCFE4DD1941E5081EB828E17246B BaseClass: NativeClass:/Script/Engine.PointLight Name:PointLight_UAID_74563C18ECEC592F02_1940054944 Label:PointLight3 SpatiallyLoaded:1 Bounds:IsValid=true, Min=(X=-1072.588 Y=-1893.588 Z=-1681.588), Max=(X=4060.588 Y=3239.588 Z=3451.588) RuntimeGrid:None EditorOnly:0 RuntimeOnly:0 HLODRelevant:0 ListedInSceneOutliner:1 IsMainWorldOnly:0
 |   |   |- [+] [ 35]
 |   |   |   |- Guid:D6C0BCE942B71B0FDE7750831CCE0B60 BaseClass:/Game/BP/BP_Boden.BP_Boden_C NativeClass:/Script/Engine.Actor Name:BP_Boden_C_UAID_74563C18ECEC542F02_1406660055 Label:BP_Boden14 SpatiallyLoaded:1 Bounds:IsValid=true, Min=(X=917.078 Y=638.120 Z=-15.833), Max=(X=1215.222 Y=950.156 Z=12.953) RuntimeGrid:None EditorOnly:0 RuntimeOnly:0 HLODRelevant:0 ListedInSceneOutliner:1 IsMainWorldOnly:0
 |   |   |- [+] [ 36]
 |   |   |   |- Guid:DC9597BA455A3799B83F7D943832422A BaseClass: NativeClass:/Script/Engine.StaticMeshActor Name:StaticMeshActor_UAID_74563C18ECEC522F02_1882088665 Label:Modular_wand_gerade_000 SpatiallyLoaded:1 Bounds:IsValid=true, Min=(X=671.748 Y=110.110 Z=9.169), Max=(X=676.000 Y=895.860 Z=518.971) RuntimeGrid:None EditorOnly:0 RuntimeOnly:0 HLODRelevant:1 ListedInSceneOutliner:1 IsMainWorldOnly:0
 |   |   |- [+] [ 37]
 |   |   |   |- Guid:DCB23AD046239E11E8666081E274C8E6 BaseClass:/Game/BP/BP_Boden.BP_Boden_C NativeClass:/Script/Engine.Actor Name:BP_Boden_C_UAID_74563C18ECEC542F02_1314389045 Label:BP_Boden4 SpatiallyLoaded:1 Bounds:IsValid=true, Min=(X=1803.202 Y=342.646 Z=-15.833), Max=(X=2101.347 Y=654.682 Z=12.953) RuntimeGrid:None EditorOnly:0 RuntimeOnly:0 HLODRelevant:0 ListedInSceneOutliner:1 IsMainWorldOnly:0
 |   |   |- [+] [ 38]
 |   |   |   |- Guid:DF630CC8481E52C7B569A78DB267850F BaseClass:/Game/BP/BP_Boden.BP_Boden_C NativeClass:/Script/Engine.Actor Name:BP_Boden_C_UAID_74563C18ECEC542F02_1421165058 Label:BP_Boden17 SpatiallyLoaded:1 Bounds:IsValid=true, Min=(X=621.078 Y=638.120 Z=-15.833), Max=(X=919.222 Y=950.156 Z=12.953) RuntimeGrid:None EditorOnly:0 RuntimeOnly:0 HLODRelevant:0 ListedInSceneOutliner:1 IsMainWorldOnly:0
 |   |   |- [+] [ 39]
 |   |   |   |- Guid:E3FB46B04E432A57776776996D0A698F BaseClass: NativeClass:/Script/Engine.StaticMeshActor Name:StaticMeshActor_UAID_74563C18ECEC532F02_1847598857 Label:Modular_dach_balken_3 SpatiallyLoaded:1 Bounds:IsValid=true, Min=(X=874.580 Y=489.866 Z=467.393), Max=(X=1193.478 Y=528.134 Z=503.535) RuntimeGrid:None EditorOnly:0 RuntimeOnly:0 HLODRelevant:1 ListedInSceneOutliner:1 IsMainWorldOnly:0
 |   |   |- [+] [ 40]
 |   |   |   |- Guid:ED37F4D94E55495BE147C9A995897974 BaseClass: NativeClass:/Script/Engine.StaticMeshActor Name:StaticMeshActor_UAID_74563C18ECEC532F02_1791047854 Label:Modular_dach_balken_1 SpatiallyLoaded:1 Bounds:IsValid=true, Min=(X=1507.684 Y=489.866 Z=467.393), Max=(X=1826.582 Y=528.134 Z=503.535) RuntimeGrid:None EditorOnly:0 RuntimeOnly:0 HLODRelevant:1 ListedInSceneOutliner:1 IsMainWorldOnly:0
 |   |   |- [+] [ 41]
 |   |   |   |- Guid:EE66F4454A4A9F99393F559AB739C05E BaseClass:/Game/FirstPerson/Blueprints/BP_Pickup_Rifle.BP_Pickup_Rifle_C NativeClass:/Script/Engine.Actor Name:BP_Rifle_C_1 Label:BP_Pickup_Rifle SpatiallyLoaded:1 Bounds:IsValid=true, Min=(X=1378.000 Y=818.000 Z=64.000), Max=(X=1442.000 Y=907.440 Z=128.000) RuntimeGrid:None EditorOnly:0 RuntimeOnly:0 HLODRelevant:0 ListedInSceneOutliner:1 IsMainWorldOnly:0
 |   |   |- [+] [ 42]
 |   |   |   |- Guid:F3A629A847D1F436FB10B3A8C334E1D8 BaseClass:/Game/BP/BP_Boden.BP_Boden_C NativeClass:/Script/Engine.Actor Name:BP_Boden_C_UAID_74563C18ECEC542F02_1406656051 Label:BP_Boden10 SpatiallyLoaded:1 Bounds:IsValid=true, Min=(X=1212.202 Y=342.646 Z=-15.833), Max=(X=1510.347 Y=654.682 Z=12.953) RuntimeGrid:None EditorOnly:0 RuntimeOnly:0 HLODRelevant:0 ListedInSceneOutliner:1 IsMainWorldOnly:0
 |   |   |- [+] [ 43]
 |   |   |   |- Guid:FC91969A438602818F40998A8651391E BaseClass: NativeClass:/Script/Engine.StaticMeshActor Name:StaticMeshActor_UAID_74563C18ECEC532F02_2032019862 Label:Modular_dach_balken_8 SpatiallyLoaded:1 Bounds:IsValid=true, Min=(X=874.580 Y=489.866 Z=516.393), Max=(X=1193.478 Y=528.134 Z=552.535) RuntimeGrid:None EditorOnly:0 RuntimeOnly:0 HLODRelevant:1 ListedInSceneOutliner:1 IsMainWorldOnly:0
 |- ContainerInstances:
 |- [+] MainContainer:
 |   |-        ID: 00000000000000000000000000000000
 |   |-  ParentID: 00000000000000000000000000000000
 |   |-    Bounds: IsValid=false, Min=(X=0.000 Y=0.000 Z=0.000), Max=(X=0.000 Y=0.000 Z=0.000)
 |   |- Transform: 0.000000,0.000000,0.000000|0.000000,0.000000,-0.000000|1.000000,1.000000,1.000000
 |   |- Container: /Game/FirstPerson/Maps/FirstPersonMap
----------------------------------------------------------------------------------------------------------------
FirstPersonMap - Persistent Level
----------------------------------------------------------------------------------------------------------------
[+] Content of FirstPersonMap Persistent Level
 |- Always loaded Actor Count: 43 
 |- Actor Path: /Game/FirstPerson/Maps/FirstPersonMap.FirstPersonMap:PersistentLevel.BP_Boden_C_UAID_74563C18ECEC542F02_1242300043
 |- Actor Package: /Game/__ExternalActors__/FirstPerson/Maps/FirstPersonMap/9/A4/A5WOD9ZMIXM5HJ7HK5JRUU
 |- Actor Path: /Game/FirstPerson/Maps/FirstPersonMap.FirstPersonMap:PersistentLevel.BP_Boden_C_UAID_74563C18ECEC542F02_1314389045
 |- Actor Package: /Game/__ExternalActors__/FirstPerson/Maps/FirstPersonMap/A/C1/UVG7QNQ7YIPMVWLWFFVPFV
 |- Actor Path: /Game/FirstPerson/Maps/FirstPersonMap.FirstPersonMap:PersistentLevel.BP_Boden_C_UAID_74563C18ECEC542F02_1338332046
 |- Actor Package: /Game/__ExternalActors__/FirstPerson/Maps/FirstPersonMap/8/JA/ZTX44WR1YWW4PSDDWFUUMC
 |- Actor Path: /Game/FirstPerson/Maps/FirstPersonMap.FirstPersonMap:PersistentLevel.BP_Boden_C_UAID_74563C18ECEC542F02_1376875047
 |- Actor Package: /Game/__ExternalActors__/FirstPerson/Maps/FirstPersonMap/4/EB/D54ZGWOVMF00JMS4IWPHJ0
 |- Actor Path: /Game/FirstPerson/Maps/FirstPersonMap.FirstPersonMap:PersistentLevel.BP_Boden_C_UAID_74563C18ECEC542F02_1376877048
 |- Actor Package: /Game/__ExternalActors__/FirstPerson/Maps/FirstPersonMap/A/1A/0OMFYPI7BSH6QHUA3IWCDB
 |- Actor Path: /Game/FirstPerson/Maps/FirstPersonMap.FirstPersonMap:PersistentLevel.BP_Boden_C_UAID_74563C18ECEC542F02_1376878049
 |- Actor Package: /Game/__ExternalActors__/FirstPerson/Maps/FirstPersonMap/9/QV/NQTTGZ4TRAGCYGD29FGFYH
 |- Actor Path: /Game/FirstPerson/Maps/FirstPersonMap.FirstPersonMap:PersistentLevel.BP_Boden_C_UAID_74563C18ECEC542F02_1406654050
 |- Actor Package: /Game/__ExternalActors__/FirstPerson/Maps/FirstPersonMap/A/RJ/CW0VDU25RWU9LQVMA87Q77
 |- Actor Path: /Game/FirstPerson/Maps/FirstPersonMap.FirstPersonMap:PersistentLevel.BP_Boden_C_UAID_74563C18ECEC542F02_1406656051
 |- Actor Package: /Game/__ExternalActors__/FirstPerson/Maps/FirstPersonMap/A/KV/B6SLG8M9GHU7Z1V3A41ERC
 |- Actor Path: /Game/FirstPerson/Maps/FirstPersonMap.FirstPersonMap:PersistentLevel.BP_Boden_C_UAID_74563C18ECEC542F02_1406657052
 |- Actor Package: /Game/__ExternalActors__/FirstPerson/Maps/FirstPersonMap/3/TW/HJWLDENJQLFQW2L5RAZZ5N
 |- Actor Path: /Game/FirstPerson/Maps/FirstPersonMap.FirstPersonMap:PersistentLevel.BP_Boden_C_UAID_74563C18ECEC542F02_1406658053
 |- Actor Package: /Game/__ExternalActors__/FirstPerson/Maps/FirstPersonMap/C/KT/VZF68U9HTCY3R6T4T1FKOT
 |- Actor Path: /Game/FirstPerson/Maps/FirstPersonMap.FirstPersonMap:PersistentLevel.BP_Boden_C_UAID_74563C18ECEC542F02_1406659054
 |- Actor Package: /Game/__ExternalActors__/FirstPerson/Maps/FirstPersonMap/B/5X/5W27RUBT1PLI2KVN94PLTK
 |- Actor Path: /Game/FirstPerson/Maps/FirstPersonMap.FirstPersonMap:PersistentLevel.BP_Boden_C_UAID_74563C18ECEC542F02_1406660055
 |- Actor Package: /Game/__ExternalActors__/FirstPerson/Maps/FirstPersonMap/C/1W/8WP1HMRZ82PIPZ3ZBZNWNH
 |- Actor Path: /Game/FirstPerson/Maps/FirstPersonMap.FirstPersonMap:PersistentLevel.BP_Boden_C_UAID_74563C18ECEC542F02_1421162056
 |- Actor Package: /Game/__ExternalActors__/FirstPerson/Maps/FirstPersonMap/1/AJ/0BRAOGBAXOMONGYF3NKU2K
 |- Actor Path: /Game/FirstPerson/Maps/FirstPersonMap.FirstPersonMap:PersistentLevel.BP_Boden_C_UAID_74563C18ECEC542F02_1421164057
 |- Actor Package: /Game/__ExternalActors__/FirstPerson/Maps/FirstPersonMap/D/FT/3HL91ZZA8IDXDMVS18F8XC
 |- Actor Path: /Game/FirstPerson/Maps/FirstPersonMap.FirstPersonMap:PersistentLevel.BP_Boden_C_UAID_74563C18ECEC542F02_1421165058
 |- Actor Package: /Game/__ExternalActors__/FirstPerson/Maps/FirstPersonMap/8/KZ/ZPQJMPETR885NFT4WL71CK
 |- Actor Path: /Game/FirstPerson/Maps/FirstPersonMap.FirstPersonMap:PersistentLevel.ExponentialHeightFog_UAID_74563C18ECEC512F02_1912208396
 |- Actor Package: /Game/__ExternalActors__/FirstPerson/Maps/FirstPersonMap/8/88/VUGU0SBVU7PPM2U5Z4RSYB
 |- Actor Path: /Game/FirstPerson/Maps/FirstPersonMap.FirstPersonMap:PersistentLevel.LocalFogVolume_UAID_74563C18ECEC512F02_1913832397
 |- Actor Package: /Game/__ExternalActors__/FirstPerson/Maps/FirstPersonMap/6/GC/IU4H7A2V12KQTJLK7KUM5O
 |- Actor Path: /Game/FirstPerson/Maps/FirstPersonMap.FirstPersonMap:PersistentLevel.PlayerStart_0
 |- Actor Package: /Game/__ExternalActors__/FirstPerson/Maps/FirstPersonMap/8/Z7/W1SXRCM1KAKBJOIZDLHZ47
 |- Actor Path: /Game/FirstPerson/Maps/FirstPersonMap.FirstPersonMap:PersistentLevel.PointLight_UAID_74563C18ECEC592F02_1940054944
 |- Actor Package: /Game/__ExternalActors__/FirstPerson/Maps/FirstPersonMap/4/M0/2DHLG46N151Z9VB1Q4M8R5
 |- Actor Path: /Game/FirstPerson/Maps/FirstPersonMap.FirstPersonMap:PersistentLevel.PostProcessVolume_UAID_74563C18ECEC512F02_1456821386
 |- Actor Package: /Game/__ExternalActors__/FirstPerson/Maps/FirstPersonMap/1/LJ/8VWDI0B1W9QAG8TE91J58B
 |- Actor Path: /Game/FirstPerson/Maps/FirstPersonMap.FirstPersonMap:PersistentLevel.SkyAtmosphere_UAID_74563C18ECEC512F02_1907443394
 |- Actor Package: /Game/__ExternalActors__/FirstPerson/Maps/FirstPersonMap/1/UJ/09F1V6TDNJKW8YERBUVFV6
 |- Actor Path: /Game/FirstPerson/Maps/FirstPersonMap.FirstPersonMap:PersistentLevel.SpotLight_UAID_74563C18ECEC592F02_2013410945
 |- Actor Package: /Game/__ExternalActors__/FirstPerson/Maps/FirstPersonMap/4/KA/AB9C7SWF7UQ701ILE2L0X2
 |- Actor Path: /Game/FirstPerson/Maps/FirstPersonMap.FirstPersonMap:PersistentLevel.StaticMeshActor_UAID_74563C18ECEC522F02_1882088665
 |- Actor Package: /Game/__ExternalActors__/FirstPerson/Maps/FirstPersonMap/6/45/AKSPFCI956KP17XLTU86AF
 |- Actor Path: /Game/FirstPerson/Maps/FirstPersonMap.FirstPersonMap:PersistentLevel.StaticMeshActor_UAID_74563C18ECEC522F02_2022677667
 |- Actor Package: /Game/__ExternalActors__/FirstPerson/Maps/FirstPersonMap/3/6B/54848Z0XZMSKJZQ3RWMISC
 |- Actor Path: /Game/FirstPerson/Maps/FirstPersonMap.FirstPersonMap:PersistentLevel.StaticMeshActor_UAID_74563C18ECEC522F02_2022679668
 |- Actor Package: /Game/__ExternalActors__/FirstPerson/Maps/FirstPersonMap/C/4H/LOP4RY0JOVB9R299D4IPC2
 |- Actor Path: /Game/FirstPerson/Maps/FirstPersonMap.FirstPersonMap:PersistentLevel.StaticMeshActor_UAID_74563C18ECEC522F02_2102693669
 |- Actor Package: /Game/__ExternalActors__/FirstPerson/Maps/FirstPersonMap/8/P5/MPRN59A4WW74LZ3T5J5OJW
 |- Actor Path: /Game/FirstPerson/Maps/FirstPersonMap.FirstPersonMap:PersistentLevel.StaticMeshActor_UAID_74563C18ECEC532F02_1077155846
 |- Actor Package: /Game/__ExternalActors__/FirstPerson/Maps/FirstPersonMap/E/1H/W21FHVFHS8JVM1EQOXKQ3Y
 |- Actor Path: /Game/FirstPerson/Maps/FirstPersonMap.FirstPersonMap:PersistentLevel.StaticMeshActor_UAID_74563C18ECEC532F02_1184868847
 |- Actor Package: /Game/__ExternalActors__/FirstPerson/Maps/FirstPersonMap/0/A8/GX8FFGCF6EWHNE80XJQFJG
 |- Actor Path: /Game/FirstPerson/Maps/FirstPersonMap.FirstPersonMap:PersistentLevel.StaticMeshActor_UAID_74563C18ECEC532F02_1369204848
 |- Actor Package: /Game/__ExternalActors__/FirstPerson/Maps/FirstPersonMap/9/0H/T122XWYU2CEHTR1QIQWL5A
 |- Actor Path: /Game/FirstPerson/Maps/FirstPersonMap.FirstPersonMap:PersistentLevel.StaticMeshActor_UAID_74563C18ECEC532F02_1369206849
 |- Actor Package: /Game/__ExternalActors__/FirstPerson/Maps/FirstPersonMap/C/L4/ACRPIYMNDP0EJQOVY4HAOS
 |- Actor Path: /Game/FirstPerson/Maps/FirstPersonMap.FirstPersonMap:PersistentLevel.StaticMeshActor_UAID_74563C18ECEC532F02_1454324851
 |- Actor Package: /Game/__ExternalActors__/FirstPerson/Maps/FirstPersonMap/9/UX/9HURXMLRD72PQXM2IA8IUL
 |- Actor Path: /Game/FirstPerson/Maps/FirstPersonMap.FirstPersonMap:PersistentLevel.StaticMeshActor_UAID_74563C18ECEC532F02_1536004852
 |- Actor Package: /Game/__ExternalActors__/FirstPerson/Maps/FirstPersonMap/1/DQ/251BZQKC7LCRN4OCJZOEW8
 |- Actor Path: /Game/FirstPerson/Maps/FirstPersonMap.FirstPersonMap:PersistentLevel.StaticMeshActor_UAID_74563C18ECEC532F02_1651309853
 |- Actor Package: /Game/__ExternalActors__/FirstPerson/Maps/FirstPersonMap/B/OH/9Z35GOSP1R6G334BSU86YQ
 |- Actor Path: /Game/FirstPerson/Maps/FirstPersonMap.FirstPersonMap:PersistentLevel.StaticMeshActor_UAID_74563C18ECEC532F02_1791047854
 |- Actor Package: /Game/__ExternalActors__/FirstPerson/Maps/FirstPersonMap/3/3V/RKGJFN903M92LYY4ZBWMMI
 |- Actor Path: /Game/FirstPerson/Maps/FirstPersonMap.FirstPersonMap:PersistentLevel.StaticMeshActor_UAID_74563C18ECEC532F02_1798384855
 |- Actor Package: /Game/__ExternalActors__/FirstPerson/Maps/FirstPersonMap/6/LW/P04H4WTIUXYXSGZ0SPOQRB
 |- Actor Path: /Game/FirstPerson/Maps/FirstPersonMap.FirstPersonMap:PersistentLevel.StaticMeshActor_UAID_74563C18ECEC532F02_1847598857
 |- Actor Package: /Game/__ExternalActors__/FirstPerson/Maps/FirstPersonMap/D/5K/FA3M3R13WIDYE19TAPG5BC
 |- Actor Path: /Game/FirstPerson/Maps/FirstPersonMap.FirstPersonMap:PersistentLevel.StaticMeshActor_UAID_74563C18ECEC532F02_1847601858
 |- Actor Package: /Game/__ExternalActors__/FirstPerson/Maps/FirstPersonMap/B/IV/QPZJHGSJ6UG0067GXUEVKG
 |- Actor Path: /Game/FirstPerson/Maps/FirstPersonMap.FirstPersonMap:PersistentLevel.StaticMeshActor_UAID_74563C18ECEC532F02_2032016859
 |- Actor Package: /Game/__ExternalActors__/FirstPerson/Maps/FirstPersonMap/6/KL/ZWTO8RGK0J03HV9XZIPYLG
 |- Actor Path: /Game/FirstPerson/Maps/FirstPersonMap.FirstPersonMap:PersistentLevel.StaticMeshActor_UAID_74563C18ECEC532F02_2032018860
 |- Actor Package: /Game/__ExternalActors__/FirstPerson/Maps/FirstPersonMap/E/WL/RM1E3KN3CFZR3LZ15MAIT7
 |- Actor Path: /Game/FirstPerson/Maps/FirstPersonMap.FirstPersonMap:PersistentLevel.StaticMeshActor_UAID_74563C18ECEC532F02_2032019861
 |- Actor Package: /Game/__ExternalActors__/FirstPerson/Maps/FirstPersonMap/8/NQ/RTES3AG8I1XH7MJOGKW545
 |- Actor Path: /Game/FirstPerson/Maps/FirstPersonMap.FirstPersonMap:PersistentLevel.StaticMeshActor_UAID_74563C18ECEC532F02_2032019862
 |- Actor Package: /Game/__ExternalActors__/FirstPerson/Maps/FirstPersonMap/3/0R/HKWK9CDVBTVHC02N8A34CL
 |- Actor Path: /Game/FirstPerson/Maps/FirstPersonMap.FirstPersonMap:PersistentLevel.StaticMeshActor_UAID_74563C18ECEC532F02_2032020863
 |- Actor Package: /Game/__ExternalActors__/FirstPerson/Maps/FirstPersonMap/A/7X/3ROJPL1FWBJWITC9GKRD2O
 |- Actor Path: /Game/FirstPerson/Maps/FirstPersonMap.FirstPersonMap:PersistentLevel.WorldDataLayers
 |- Actor Package: /Game/__ExternalActors__/FirstPerson/Maps/FirstPersonMap/D/0W/E1FKEGVKGOLM7HGLQPCIPO

----------------------------------------------------------------------------------------------------------------
FirstPersonMap - Runtime Hash Set
----------------------------------------------------------------------------------------------------------------

